{"G:\\new project\\Bootc pro\\Githubp6\\MyDiaryP6\\Server\\server.js":{"path":"G:\\new project\\Bootc pro\\Githubp6\\MyDiaryP6\\Server\\server.js","statementMap":{"0":{"start":{"line":3,"column":0},"end":{"line":5,"column":3}},"1":{"start":{"line":6,"column":0},"end":{"line":6,"column":28}},"2":{"start":{"line":8,"column":15},"end":{"line":8,"column":57}},"3":{"start":{"line":10,"column":12},"end":{"line":10,"column":60}},"4":{"start":{"line":12,"column":13},"end":{"line":12,"column":62}},"5":{"start":{"line":14,"column":18},"end":{"line":14,"column":64}},"6":{"start":{"line":16,"column":39},"end":{"line":16,"column":95}},"7":{"start":{"line":18,"column":11},"end":{"line":18,"column":16}},"8":{"start":{"line":19,"column":10},"end":{"line":19,"column":36}},"9":{"start":{"line":20,"column":0},"end":{"line":20,"column":39}},"10":{"start":{"line":21,"column":0},"end":{"line":23,"column":4}},"11":{"start":{"line":24,"column":0},"end":{"line":24,"column":31}},"12":{"start":{"line":25,"column":0},"end":{"line":25,"column":32}},"13":{"start":{"line":27,"column":13},"end":{"line":30,"column":1}},"14":{"start":{"line":28,"column":13},"end":{"line":28,"column":83}},"15":{"start":{"line":29,"column":2},"end":{"line":29,"column":50}},"16":{"start":{"line":32,"column":0},"end":{"line":32,"column":9}},"17":{"start":{"line":33,"column":15},"end":{"line":33,"column":21}},"18":{"start":{"line":34,"column":0},"end":{"line":34,"column":30}}},"fnMap":{"0":{"name":"_interopRequireDefault","decl":{"start":{"line":16,"column":9},"end":{"line":16,"column":31}},"loc":{"start":{"line":16,"column":37},"end":{"line":16,"column":97}},"line":16},"1":{"name":"server","decl":{"start":{"line":27,"column":22},"end":{"line":27,"column":28}},"loc":{"start":{"line":27,"column":31},"end":{"line":30,"column":1}},"line":27},"2":{"name":"(anonymous_2)","decl":{"start":{"line":29,"column":34},"end":{"line":29,"column":35}},"loc":{"start":{"line":29,"column":46},"end":{"line":29,"column":48}},"line":29}},"branchMap":{"0":{"loc":{"start":{"line":16,"column":46},"end":{"line":16,"column":94}},"type":"cond-expr","locations":[{"start":{"line":16,"column":70},"end":{"line":16,"column":73}},{"start":{"line":16,"column":76},"end":{"line":16,"column":94}}],"line":16},"1":{"loc":{"start":{"line":16,"column":46},"end":{"line":16,"column":67}},"type":"binary-expr","locations":[{"start":{"line":16,"column":46},"end":{"line":16,"column":49}},{"start":{"line":16,"column":53},"end":{"line":16,"column":67}}],"line":16},"2":{"loc":{"start":{"line":28,"column":13},"end":{"line":28,"column":83}},"type":"cond-expr","locations":[{"start":{"line":28,"column":66},"end":{"line":28,"column":78}},{"start":{"line":28,"column":81},"end":{"line":28,"column":83}}],"line":28},"3":{"loc":{"start":{"line":28,"column":13},"end":{"line":28,"column":63}},"type":"binary-expr","locations":[{"start":{"line":28,"column":13},"end":{"line":28,"column":33}},{"start":{"line":28,"column":37},"end":{"line":28,"column":63}}],"line":28},"4":{"loc":{"start":{"line":29,"column":20},"end":{"line":29,"column":32}},"type":"binary-expr","locations":[{"start":{"line":29,"column":20},"end":{"line":29,"column":24}},{"start":{"line":29,"column":28},"end":{"line":29,"column":32}}],"line":29}},"s":{"0":1,"1":1,"2":1,"3":1,"4":1,"5":1,"6":4,"7":1,"8":1,"9":1,"10":1,"11":1,"12":1,"13":1,"14":2,"15":2,"16":1,"17":1,"18":1},"f":{"0":4,"1":2,"2":2},"b":{"0":[2,2],"1":[4,4],"2":[1,1],"3":[2,1],"4":[2,1]},"_coverageSchema":"43e27e138ebf9cfc5966b082cf9a028302ed4184","hash":"dc776455762acc9546adeeb6b85b2f57acd232b8","contentHash":"dfeafc280c50bbe9d820cc24af929b61b634934b8c877d78afd60e7ec4d88908"},"G:\\new project\\Bootc pro\\Githubp6\\MyDiaryP6\\Server\\routes\\User.js":{"path":"G:\\new project\\Bootc pro\\Githubp6\\MyDiaryP6\\Server\\routes\\User.js","statementMap":{"0":{"start":{"line":3,"column":0},"end":{"line":5,"column":3}},"1":{"start":{"line":6,"column":0},"end":{"line":6,"column":28}},"2":{"start":{"line":8,"column":15},"end":{"line":8,"column":57}},"3":{"start":{"line":10,"column":12},"end":{"line":10,"column":65}},"4":{"start":{"line":12,"column":39},"end":{"line":12,"column":95}},"5":{"start":{"line":14,"column":13},"end":{"line":14,"column":41}},"6":{"start":{"line":16,"column":0},"end":{"line":16,"column":64}},"7":{"start":{"line":17,"column":0},"end":{"line":17,"column":59}},"8":{"start":{"line":18,"column":15},"end":{"line":18,"column":21}},"9":{"start":{"line":19,"column":0},"end":{"line":19,"column":30}}},"fnMap":{"0":{"name":"_interopRequireDefault","decl":{"start":{"line":12,"column":9},"end":{"line":12,"column":31}},"loc":{"start":{"line":12,"column":37},"end":{"line":12,"column":97}},"line":12}},"branchMap":{"0":{"loc":{"start":{"line":12,"column":46},"end":{"line":12,"column":94}},"type":"cond-expr","locations":[{"start":{"line":12,"column":70},"end":{"line":12,"column":73}},{"start":{"line":12,"column":76},"end":{"line":12,"column":94}}],"line":12},"1":{"loc":{"start":{"line":12,"column":46},"end":{"line":12,"column":67}},"type":"binary-expr","locations":[{"start":{"line":12,"column":46},"end":{"line":12,"column":49}},{"start":{"line":12,"column":53},"end":{"line":12,"column":67}}],"line":12}},"s":{"0":1,"1":1,"2":1,"3":1,"4":2,"5":1,"6":1,"7":1,"8":1,"9":1},"f":{"0":2},"b":{"0":[1,1],"1":[2,2]},"_coverageSchema":"43e27e138ebf9cfc5966b082cf9a028302ed4184","hash":"5b796c13d2836f01fc7fefa9289f20b050e8b7c0","contentHash":"45b991df25000d04a9e39f8c4665cd3e0886f0473c24fe980bc909e7a09f76ac"},"G:\\new project\\Bootc pro\\Githubp6\\MyDiaryP6\\Server\\controlers\\User.js":{"path":"G:\\new project\\Bootc pro\\Githubp6\\MyDiaryP6\\Server\\controlers\\User.js","statementMap":{"0":{"start":{"line":3,"column":0},"end":{"line":5,"column":3}},"1":{"start":{"line":6,"column":0},"end":{"line":6,"column":28}},"2":{"start":{"line":8,"column":14},"end":{"line":8,"column":55}},"3":{"start":{"line":10,"column":9},"end":{"line":10,"column":51}},"4":{"start":{"line":12,"column":12},"end":{"line":12,"column":61}},"5":{"start":{"line":14,"column":17},"end":{"line":14,"column":75}},"6":{"start":{"line":16,"column":16},"end":{"line":16,"column":70}},"7":{"start":{"line":18,"column":18},"end":{"line":18,"column":74}},"8":{"start":{"line":20,"column":14},"end":{"line":20,"column":55}},"9":{"start":{"line":22,"column":11},"end":{"line":22,"column":49}},"10":{"start":{"line":24,"column":39},"end":{"line":24,"column":95}},"11":{"start":{"line":26,"column":77},"end":{"line":26,"column":175}},"12":{"start":{"line":26,"column":94},"end":{"line":26,"column":107}},"13":{"start":{"line":26,"column":121},"end":{"line":26,"column":131}},"14":{"start":{"line":26,"column":151},"end":{"line":26,"column":165}},"15":{"start":{"line":26,"column":166},"end":{"line":26,"column":173}},"16":{"start":{"line":26,"column":176},"end":{"line":26,"column":263}},"17":{"start":{"line":26,"column":193},"end":{"line":26,"column":208}},"18":{"start":{"line":26,"column":218},"end":{"line":26,"column":261}},"19":{"start":{"line":28,"column":33},"end":{"line":28,"column":387}},"20":{"start":{"line":28,"column":65},"end":{"line":28,"column":69}},"21":{"start":{"line":28,"column":78},"end":{"line":28,"column":87}},"22":{"start":{"line":28,"column":89},"end":{"line":28,"column":384}},"23":{"start":{"line":28,"column":147},"end":{"line":28,"column":167}},"24":{"start":{"line":28,"column":193},"end":{"line":28,"column":264}},"25":{"start":{"line":28,"column":290},"end":{"line":28,"column":360}},"26":{"start":{"line":28,"column":363},"end":{"line":28,"column":380}},"27":{"start":{"line":30,"column":50},"end":{"line":30,"column":151}},"28":{"start":{"line":30,"column":92},"end":{"line":30,"column":149}},"29":{"start":{"line":32,"column":44},"end":{"line":32,"column":315}},"30":{"start":{"line":32,"column":57},"end":{"line":32,"column":58}},"31":{"start":{"line":32,"column":102},"end":{"line":32,"column":110}},"32":{"start":{"line":32,"column":112},"end":{"line":32,"column":167}},"33":{"start":{"line":32,"column":168},"end":{"line":32,"column":199}},"34":{"start":{"line":32,"column":200},"end":{"line":32,"column":254}},"35":{"start":{"line":32,"column":227},"end":{"line":32,"column":254}},"36":{"start":{"line":32,"column":255},"end":{"line":32,"column":313}},"37":{"start":{"line":34,"column":62},"end":{"line":34,"column":131}},"38":{"start":{"line":34,"column":78},"end":{"line":34,"column":131}},"39":{"start":{"line":34,"column":132},"end":{"line":34,"column":193}},"40":{"start":{"line":34,"column":149},"end":{"line":34,"column":193}},"41":{"start":{"line":34,"column":194},"end":{"line":34,"column":213}},"42":{"start":{"line":36,"column":0},"end":{"line":36,"column":28}},"43":{"start":{"line":40,"column":0},"end":{"line":173,"column":3}},"44":{"start":{"line":42,"column":4},"end":{"line":42,"column":32}},"45":{"start":{"line":45,"column":2},"end":{"line":170,"column":6}},"46":{"start":{"line":48,"column":24},"end":{"line":102,"column":9}},"47":{"start":{"line":51,"column":8},"end":{"line":101,"column":20}},"48":{"start":{"line":52,"column":10},"end":{"line":100,"column":11}},"49":{"start":{"line":53,"column":12},"end":{"line":99,"column":13}},"50":{"start":{"line":55,"column":16},"end":{"line":94,"column":19}},"51":{"start":{"line":56,"column":18},"end":{"line":86,"column":21}},"52":{"start":{"line":57,"column":20},"end":{"line":85,"column":21}},"53":{"start":{"line":58,"column":22},"end":{"line":61,"column":25}},"54":{"start":{"line":63,"column":22},"end":{"line":84,"column":25}},"55":{"start":{"line":64,"column":35},"end":{"line":71,"column":25}},"56":{"start":{"line":73,"column":24},"end":{"line":73,"column":55}},"57":{"start":{"line":75,"column":24},"end":{"line":83,"column":27}},"58":{"start":{"line":76,"column":26},"end":{"line":82,"column":29}},"59":{"start":{"line":88,"column":18},"end":{"line":93,"column":21}},"60":{"start":{"line":98,"column":16},"end":{"line":98,"column":39}},"61":{"start":{"line":105,"column":8},"end":{"line":105,"column":50}},"62":{"start":{"line":108,"column":6},"end":{"line":108,"column":24}},"63":{"start":{"line":113,"column":19},"end":{"line":162,"column":9}},"64":{"start":{"line":116,"column":8},"end":{"line":161,"column":21}},"65":{"start":{"line":117,"column":10},"end":{"line":160,"column":11}},"66":{"start":{"line":118,"column":12},"end":{"line":159,"column":13}},"67":{"start":{"line":120,"column":16},"end":{"line":154,"column":19}},"68":{"start":{"line":121,"column":18},"end":{"line":146,"column":21}},"69":{"start":{"line":122,"column":20},"end":{"line":145,"column":21}},"70":{"start":{"line":123,"column":22},"end":{"line":126,"column":25}},"71":{"start":{"line":128,"column":22},"end":{"line":144,"column":25}},"72":{"start":{"line":129,"column":24},"end":{"line":143,"column":25}},"73":{"start":{"line":130,"column":26},"end":{"line":133,"column":29}},"74":{"start":{"line":135,"column":26},"end":{"line":142,"column":29}},"75":{"start":{"line":136,"column":28},"end":{"line":141,"column":31}},"76":{"start":{"line":148,"column":18},"end":{"line":153,"column":21}},"77":{"start":{"line":158,"column":16},"end":{"line":158,"column":40}},"78":{"start":{"line":165,"column":8},"end":{"line":165,"column":45}},"79":{"start":{"line":168,"column":6},"end":{"line":168,"column":19}},"80":{"start":{"line":172,"column":2},"end":{"line":172,"column":14}},"81":{"start":{"line":175,"column":15},"end":{"line":175,"column":19}},"82":{"start":{"line":176,"column":0},"end":{"line":176,"column":30}}},"fnMap":{"0":{"name":"_interopRequireDefault","decl":{"start":{"line":24,"column":9},"end":{"line":24,"column":31}},"loc":{"start":{"line":24,"column":37},"end":{"line":24,"column":97}},"line":24},"1":{"name":"asyncGeneratorStep","decl":{"start":{"line":26,"column":9},"end":{"line":26,"column":27}},"loc":{"start":{"line":26,"column":75},"end":{"line":26,"column":265}},"line":26},"2":{"name":"_asyncToGenerator","decl":{"start":{"line":28,"column":9},"end":{"line":28,"column":26}},"loc":{"start":{"line":28,"column":31},"end":{"line":28,"column":389}},"line":28},"3":{"name":"(anonymous_3)","decl":{"start":{"line":28,"column":40},"end":{"line":28,"column":41}},"loc":{"start":{"line":28,"column":52},"end":{"line":28,"column":386}},"line":28},"4":{"name":"(anonymous_4)","decl":{"start":{"line":28,"column":108},"end":{"line":28,"column":109}},"loc":{"start":{"line":28,"column":135},"end":{"line":28,"column":382}},"line":28},"5":{"name":"_next","decl":{"start":{"line":28,"column":178},"end":{"line":28,"column":183}},"loc":{"start":{"line":28,"column":191},"end":{"line":28,"column":266}},"line":28},"6":{"name":"_throw","decl":{"start":{"line":28,"column":276},"end":{"line":28,"column":282}},"loc":{"start":{"line":28,"column":288},"end":{"line":28,"column":362}},"line":28},"7":{"name":"_classCallCheck","decl":{"start":{"line":30,"column":9},"end":{"line":30,"column":24}},"loc":{"start":{"line":30,"column":48},"end":{"line":30,"column":153}},"line":30},"8":{"name":"_defineProperties","decl":{"start":{"line":32,"column":9},"end":{"line":32,"column":26}},"loc":{"start":{"line":32,"column":42},"end":{"line":32,"column":317}},"line":32},"9":{"name":"_createClass","decl":{"start":{"line":34,"column":9},"end":{"line":34,"column":21}},"loc":{"start":{"line":34,"column":60},"end":{"line":34,"column":215}},"line":34},"10":{"name":"(anonymous_10)","decl":{"start":{"line":40,"column":0},"end":{"line":40,"column":1}},"loc":{"start":{"line":40,"column":12},"end":{"line":173,"column":1}},"line":40},"11":{"name":"User","decl":{"start":{"line":41,"column":11},"end":{"line":41,"column":15}},"loc":{"start":{"line":41,"column":18},"end":{"line":43,"column":3}},"line":41},"12":{"name":"(anonymous_12)","decl":{"start":{"line":47,"column":11},"end":{"line":47,"column":12}},"loc":{"start":{"line":47,"column":23},"end":{"line":109,"column":5}},"line":47},"13":{"name":"_callee","decl":{"start":{"line":50,"column":39},"end":{"line":50,"column":46}},"loc":{"start":{"line":50,"column":57},"end":{"line":102,"column":7}},"line":50},"14":{"name":"_callee$","decl":{"start":{"line":51,"column":48},"end":{"line":51,"column":56}},"loc":{"start":{"line":51,"column":67},"end":{"line":101,"column":9}},"line":51},"15":{"name":"(anonymous_15)","decl":{"start":{"line":55,"column":101},"end":{"line":55,"column":102}},"loc":{"start":{"line":55,"column":119},"end":{"line":87,"column":17}},"line":55},"16":{"name":"(anonymous_16)","decl":{"start":{"line":56,"column":71},"end":{"line":56,"column":72}},"loc":{"start":{"line":56,"column":87},"end":{"line":86,"column":19}},"line":56},"17":{"name":"(anonymous_17)","decl":{"start":{"line":63,"column":80},"end":{"line":63,"column":81}},"loc":{"start":{"line":63,"column":95},"end":{"line":84,"column":23}},"line":63},"18":{"name":"(anonymous_18)","decl":{"start":{"line":75,"column":71},"end":{"line":75,"column":72}},"loc":{"start":{"line":75,"column":88},"end":{"line":83,"column":25}},"line":75},"19":{"name":"(anonymous_19)","decl":{"start":{"line":87,"column":28},"end":{"line":87,"column":29}},"loc":{"start":{"line":87,"column":45},"end":{"line":94,"column":17}},"line":87},"20":{"name":"createUser","decl":{"start":{"line":104,"column":15},"end":{"line":104,"column":25}},"loc":{"start":{"line":104,"column":35},"end":{"line":106,"column":7}},"line":104},"21":{"name":"(anonymous_21)","decl":{"start":{"line":112,"column":11},"end":{"line":112,"column":12}},"loc":{"start":{"line":112,"column":23},"end":{"line":169,"column":5}},"line":112},"22":{"name":"_callee2","decl":{"start":{"line":115,"column":39},"end":{"line":115,"column":47}},"loc":{"start":{"line":115,"column":58},"end":{"line":162,"column":7}},"line":115},"23":{"name":"_callee2$","decl":{"start":{"line":116,"column":48},"end":{"line":116,"column":57}},"loc":{"start":{"line":116,"column":69},"end":{"line":161,"column":9}},"line":116},"24":{"name":"(anonymous_24)","decl":{"start":{"line":120,"column":102},"end":{"line":120,"column":103}},"loc":{"start":{"line":120,"column":120},"end":{"line":147,"column":17}},"line":120},"25":{"name":"(anonymous_25)","decl":{"start":{"line":121,"column":71},"end":{"line":121,"column":72}},"loc":{"start":{"line":121,"column":87},"end":{"line":146,"column":19}},"line":121},"26":{"name":"(anonymous_26)","decl":{"start":{"line":128,"column":100},"end":{"line":128,"column":101}},"loc":{"start":{"line":128,"column":118},"end":{"line":144,"column":23}},"line":128},"27":{"name":"(anonymous_27)","decl":{"start":{"line":135,"column":73},"end":{"line":135,"column":74}},"loc":{"start":{"line":135,"column":90},"end":{"line":142,"column":27}},"line":135},"28":{"name":"(anonymous_28)","decl":{"start":{"line":147,"column":28},"end":{"line":147,"column":29}},"loc":{"start":{"line":147,"column":45},"end":{"line":154,"column":17}},"line":147},"29":{"name":"login","decl":{"start":{"line":164,"column":15},"end":{"line":164,"column":20}},"loc":{"start":{"line":164,"column":31},"end":{"line":166,"column":7}},"line":164}},"branchMap":{"0":{"loc":{"start":{"line":24,"column":46},"end":{"line":24,"column":94}},"type":"cond-expr","locations":[{"start":{"line":24,"column":70},"end":{"line":24,"column":73}},{"start":{"line":24,"column":76},"end":{"line":24,"column":94}}],"line":24},"1":{"loc":{"start":{"line":24,"column":46},"end":{"line":24,"column":67}},"type":"binary-expr","locations":[{"start":{"line":24,"column":46},"end":{"line":24,"column":49}},{"start":{"line":24,"column":53},"end":{"line":24,"column":67}}],"line":24},"2":{"loc":{"start":{"line":26,"column":176},"end":{"line":26,"column":263}},"type":"if","locations":[{"start":{"line":26,"column":176},"end":{"line":26,"column":263}},{"start":{"line":26,"column":176},"end":{"line":26,"column":263}}],"line":26},"3":{"loc":{"start":{"line":30,"column":50},"end":{"line":30,"column":151}},"type":"if","locations":[{"start":{"line":30,"column":50},"end":{"line":30,"column":151}},{"start":{"line":30,"column":50},"end":{"line":30,"column":151}}],"line":30},"4":{"loc":{"start":{"line":32,"column":136},"end":{"line":32,"column":166}},"type":"binary-expr","locations":[{"start":{"line":32,"column":136},"end":{"line":32,"column":157}},{"start":{"line":32,"column":161},"end":{"line":32,"column":166}}],"line":32},"5":{"loc":{"start":{"line":32,"column":200},"end":{"line":32,"column":254}},"type":"if","locations":[{"start":{"line":32,"column":200},"end":{"line":32,"column":254}},{"start":{"line":32,"column":200},"end":{"line":32,"column":254}}],"line":32},"6":{"loc":{"start":{"line":34,"column":62},"end":{"line":34,"column":131}},"type":"if","locations":[{"start":{"line":34,"column":62},"end":{"line":34,"column":131}},{"start":{"line":34,"column":62},"end":{"line":34,"column":131}}],"line":34},"7":{"loc":{"start":{"line":34,"column":132},"end":{"line":34,"column":193}},"type":"if","locations":[{"start":{"line":34,"column":132},"end":{"line":34,"column":193}},{"start":{"line":34,"column":132},"end":{"line":34,"column":193}}],"line":34},"8":{"loc":{"start":{"line":53,"column":12},"end":{"line":99,"column":13}},"type":"switch","locations":[{"start":{"line":54,"column":14},"end":{"line":94,"column":19}},{"start":{"line":96,"column":14},"end":{"line":96,"column":21}},{"start":{"line":97,"column":14},"end":{"line":98,"column":39}}],"line":53},"9":{"loc":{"start":{"line":57,"column":20},"end":{"line":85,"column":21}},"type":"if","locations":[{"start":{"line":57,"column":20},"end":{"line":85,"column":21}},{"start":{"line":57,"column":20},"end":{"line":85,"column":21}}],"line":57},"10":{"loc":{"start":{"line":118,"column":12},"end":{"line":159,"column":13}},"type":"switch","locations":[{"start":{"line":119,"column":14},"end":{"line":154,"column":19}},{"start":{"line":156,"column":14},"end":{"line":156,"column":21}},{"start":{"line":157,"column":14},"end":{"line":158,"column":40}}],"line":118},"11":{"loc":{"start":{"line":122,"column":20},"end":{"line":145,"column":21}},"type":"if","locations":[{"start":{"line":122,"column":20},"end":{"line":145,"column":21}},{"start":{"line":122,"column":20},"end":{"line":145,"column":21}}],"line":122},"12":{"loc":{"start":{"line":129,"column":24},"end":{"line":143,"column":25}},"type":"if","locations":[{"start":{"line":129,"column":24},"end":{"line":143,"column":25}},{"start":{"line":129,"column":24},"end":{"line":143,"column":25}}],"line":129}},"s":{"0":1,"1":1,"2":1,"3":1,"4":1,"5":1,"6":1,"7":1,"8":1,"9":1,"10":8,"11":4,"12":4,"13":4,"14":0,"15":0,"16":4,"17":4,"18":0,"19":2,"20":4,"21":4,"22":4,"23":4,"24":4,"25":0,"26":4,"27":0,"28":0,"29":1,"30":1,"31":2,"32":2,"33":2,"34":2,"35":2,"36":2,"37":1,"38":0,"39":1,"40":1,"41":1,"42":1,"43":1,"44":0,"45":1,"46":1,"47":3,"48":3,"49":3,"50":3,"51":2,"52":2,"53":1,"54":1,"55":1,"56":1,"57":1,"58":1,"59":1,"60":3,"61":3,"62":1,"63":1,"64":1,"65":1,"66":1,"67":1,"68":1,"69":1,"70":0,"71":1,"72":1,"73":0,"74":1,"75":1,"76":0,"77":1,"78":1,"79":1,"80":1,"81":1,"82":1},"f":{"0":8,"1":4,"2":2,"3":4,"4":4,"5":4,"6":0,"7":0,"8":1,"9":1,"10":1,"11":0,"12":1,"13":3,"14":3,"15":2,"16":2,"17":1,"18":1,"19":1,"20":3,"21":1,"22":1,"23":1,"24":1,"25":1,"26":1,"27":1,"28":0,"29":1},"b":{"0":[4,4],"1":[8,8],"2":[4,0],"3":[0,0],"4":[2,2],"5":[2,0],"6":[0,1],"7":[1,0],"8":[3,3,3],"9":[1,1],"10":[1,1,1],"11":[0,1],"12":[0,1]},"_coverageSchema":"43e27e138ebf9cfc5966b082cf9a028302ed4184","hash":"77e0631389f2e40aa917056dfd61c1d61cd473ca","contentHash":"d0b9f8efdbcf4fceb2adb1852291a3bcc8057aeede287f44929499788ce20551"},"G:\\new project\\Bootc pro\\Githubp6\\MyDiaryP6\\Server\\models\\User.js":{"path":"G:\\new project\\Bootc pro\\Githubp6\\MyDiaryP6\\Server\\models\\User.js","statementMap":{"0":{"start":{"line":3,"column":0},"end":{"line":5,"column":3}},"1":{"start":{"line":6,"column":0},"end":{"line":6,"column":28}},"2":{"start":{"line":8,"column":77},"end":{"line":8,"column":175}},"3":{"start":{"line":8,"column":94},"end":{"line":8,"column":107}},"4":{"start":{"line":8,"column":121},"end":{"line":8,"column":131}},"5":{"start":{"line":8,"column":151},"end":{"line":8,"column":165}},"6":{"start":{"line":8,"column":166},"end":{"line":8,"column":173}},"7":{"start":{"line":8,"column":176},"end":{"line":8,"column":263}},"8":{"start":{"line":8,"column":193},"end":{"line":8,"column":208}},"9":{"start":{"line":8,"column":218},"end":{"line":8,"column":261}},"10":{"start":{"line":10,"column":33},"end":{"line":10,"column":387}},"11":{"start":{"line":10,"column":65},"end":{"line":10,"column":69}},"12":{"start":{"line":10,"column":78},"end":{"line":10,"column":87}},"13":{"start":{"line":10,"column":89},"end":{"line":10,"column":384}},"14":{"start":{"line":10,"column":147},"end":{"line":10,"column":167}},"15":{"start":{"line":10,"column":193},"end":{"line":10,"column":264}},"16":{"start":{"line":10,"column":290},"end":{"line":10,"column":360}},"17":{"start":{"line":10,"column":363},"end":{"line":10,"column":380}},"18":{"start":{"line":12,"column":50},"end":{"line":12,"column":151}},"19":{"start":{"line":12,"column":92},"end":{"line":12,"column":149}},"20":{"start":{"line":14,"column":44},"end":{"line":14,"column":315}},"21":{"start":{"line":14,"column":57},"end":{"line":14,"column":58}},"22":{"start":{"line":14,"column":102},"end":{"line":14,"column":110}},"23":{"start":{"line":14,"column":112},"end":{"line":14,"column":167}},"24":{"start":{"line":14,"column":168},"end":{"line":14,"column":199}},"25":{"start":{"line":14,"column":200},"end":{"line":14,"column":254}},"26":{"start":{"line":14,"column":227},"end":{"line":14,"column":254}},"27":{"start":{"line":14,"column":255},"end":{"line":14,"column":313}},"28":{"start":{"line":16,"column":62},"end":{"line":16,"column":131}},"29":{"start":{"line":16,"column":78},"end":{"line":16,"column":131}},"30":{"start":{"line":16,"column":132},"end":{"line":16,"column":193}},"31":{"start":{"line":16,"column":149},"end":{"line":16,"column":193}},"32":{"start":{"line":16,"column":194},"end":{"line":16,"column":213}},"33":{"start":{"line":20,"column":0},"end":{"line":170,"column":3}},"34":{"start":{"line":22,"column":4},"end":{"line":22,"column":32}},"35":{"start":{"line":24,"column":4},"end":{"line":42,"column":7}},"36":{"start":{"line":43,"column":4},"end":{"line":43,"column":19}},"37":{"start":{"line":46,"column":2},"end":{"line":167,"column":6}},"38":{"start":{"line":49,"column":21},"end":{"line":73,"column":9}},"39":{"start":{"line":52,"column":8},"end":{"line":72,"column":26}},"40":{"start":{"line":53,"column":10},"end":{"line":71,"column":11}},"41":{"start":{"line":54,"column":12},"end":{"line":70,"column":13}},"42":{"start":{"line":56,"column":16},"end":{"line":59,"column":17}},"43":{"start":{"line":57,"column":18},"end":{"line":57,"column":36}},"44":{"start":{"line":58,"column":18},"end":{"line":58,"column":24}},"45":{"start":{"line":61,"column":16},"end":{"line":61,"column":56}},"46":{"start":{"line":64,"column":16},"end":{"line":64,"column":41}},"47":{"start":{"line":65,"column":16},"end":{"line":65,"column":55}},"48":{"start":{"line":69,"column":16},"end":{"line":69,"column":39}},"49":{"start":{"line":76,"column":8},"end":{"line":76,"column":47}},"50":{"start":{"line":79,"column":6},"end":{"line":79,"column":21}},"51":{"start":{"line":84,"column":28},"end":{"line":101,"column":9}},"52":{"start":{"line":87,"column":8},"end":{"line":100,"column":27}},"53":{"start":{"line":88,"column":10},"end":{"line":99,"column":11}},"54":{"start":{"line":89,"column":12},"end":{"line":98,"column":13}},"55":{"start":{"line":91,"column":16},"end":{"line":93,"column":20}},"56":{"start":{"line":92,"column":18},"end":{"line":92,"column":46}},"57":{"start":{"line":97,"column":16},"end":{"line":97,"column":40}},"58":{"start":{"line":104,"column":8},"end":{"line":104,"column":54}},"59":{"start":{"line":107,"column":6},"end":{"line":107,"column":28}},"60":{"start":{"line":112,"column":30},"end":{"line":131,"column":9}},"61":{"start":{"line":116,"column":8},"end":{"line":130,"column":27}},"62":{"start":{"line":117,"column":10},"end":{"line":129,"column":11}},"63":{"start":{"line":118,"column":12},"end":{"line":128,"column":13}},"64":{"start":{"line":120,"column":16},"end":{"line":122,"column":19}},"65":{"start":{"line":121,"column":18},"end":{"line":121,"column":46}},"66":{"start":{"line":123,"column":16},"end":{"line":123,"column":74}},"67":{"start":{"line":127,"column":16},"end":{"line":127,"column":40}},"68":{"start":{"line":134,"column":8},"end":{"line":134,"column":56}},"69":{"start":{"line":137,"column":6},"end":{"line":137,"column":30}},"70":{"start":{"line":142,"column":25},"end":{"line":159,"column":9}},"71":{"start":{"line":145,"column":8},"end":{"line":158,"column":27}},"72":{"start":{"line":146,"column":10},"end":{"line":157,"column":11}},"73":{"start":{"line":147,"column":12},"end":{"line":156,"column":13}},"74":{"start":{"line":149,"column":16},"end":{"line":151,"column":20}},"75":{"start":{"line":150,"column":18},"end":{"line":150,"column":40}},"76":{"start":{"line":155,"column":16},"end":{"line":155,"column":40}},"77":{"start":{"line":162,"column":8},"end":{"line":162,"column":51}},"78":{"start":{"line":165,"column":6},"end":{"line":165,"column":25}},"79":{"start":{"line":169,"column":2},"end":{"line":169,"column":14}},"80":{"start":{"line":172,"column":15},"end":{"line":172,"column":25}},"81":{"start":{"line":174,"column":0},"end":{"line":174,"column":30}}},"fnMap":{"0":{"name":"asyncGeneratorStep","decl":{"start":{"line":8,"column":9},"end":{"line":8,"column":27}},"loc":{"start":{"line":8,"column":75},"end":{"line":8,"column":265}},"line":8},"1":{"name":"_asyncToGenerator","decl":{"start":{"line":10,"column":9},"end":{"line":10,"column":26}},"loc":{"start":{"line":10,"column":31},"end":{"line":10,"column":389}},"line":10},"2":{"name":"(anonymous_2)","decl":{"start":{"line":10,"column":40},"end":{"line":10,"column":41}},"loc":{"start":{"line":10,"column":52},"end":{"line":10,"column":386}},"line":10},"3":{"name":"(anonymous_3)","decl":{"start":{"line":10,"column":108},"end":{"line":10,"column":109}},"loc":{"start":{"line":10,"column":135},"end":{"line":10,"column":382}},"line":10},"4":{"name":"_next","decl":{"start":{"line":10,"column":178},"end":{"line":10,"column":183}},"loc":{"start":{"line":10,"column":191},"end":{"line":10,"column":266}},"line":10},"5":{"name":"_throw","decl":{"start":{"line":10,"column":276},"end":{"line":10,"column":282}},"loc":{"start":{"line":10,"column":288},"end":{"line":10,"column":362}},"line":10},"6":{"name":"_classCallCheck","decl":{"start":{"line":12,"column":9},"end":{"line":12,"column":24}},"loc":{"start":{"line":12,"column":48},"end":{"line":12,"column":153}},"line":12},"7":{"name":"_defineProperties","decl":{"start":{"line":14,"column":9},"end":{"line":14,"column":26}},"loc":{"start":{"line":14,"column":42},"end":{"line":14,"column":317}},"line":14},"8":{"name":"_createClass","decl":{"start":{"line":16,"column":9},"end":{"line":16,"column":21}},"loc":{"start":{"line":16,"column":60},"end":{"line":16,"column":215}},"line":16},"9":{"name":"(anonymous_9)","decl":{"start":{"line":20,"column":0},"end":{"line":20,"column":1}},"loc":{"start":{"line":20,"column":12},"end":{"line":170,"column":1}},"line":20},"10":{"name":"User","decl":{"start":{"line":21,"column":11},"end":{"line":21,"column":15}},"loc":{"start":{"line":21,"column":18},"end":{"line":44,"column":3}},"line":21},"11":{"name":"(anonymous_11)","decl":{"start":{"line":48,"column":11},"end":{"line":48,"column":12}},"loc":{"start":{"line":48,"column":23},"end":{"line":80,"column":5}},"line":48},"12":{"name":"_callee","decl":{"start":{"line":51,"column":39},"end":{"line":51,"column":46}},"loc":{"start":{"line":51,"column":53},"end":{"line":73,"column":7}},"line":51},"13":{"name":"_callee$","decl":{"start":{"line":52,"column":48},"end":{"line":52,"column":56}},"loc":{"start":{"line":52,"column":67},"end":{"line":72,"column":9}},"line":52},"14":{"name":"addUser","decl":{"start":{"line":75,"column":15},"end":{"line":75,"column":22}},"loc":{"start":{"line":75,"column":27},"end":{"line":77,"column":7}},"line":75},"15":{"name":"(anonymous_15)","decl":{"start":{"line":83,"column":11},"end":{"line":83,"column":12}},"loc":{"start":{"line":83,"column":23},"end":{"line":108,"column":5}},"line":83},"16":{"name":"_callee2","decl":{"start":{"line":86,"column":39},"end":{"line":86,"column":47}},"loc":{"start":{"line":86,"column":55},"end":{"line":101,"column":7}},"line":86},"17":{"name":"_callee2$","decl":{"start":{"line":87,"column":48},"end":{"line":87,"column":57}},"loc":{"start":{"line":87,"column":69},"end":{"line":100,"column":9}},"line":87},"18":{"name":"(anonymous_18)","decl":{"start":{"line":91,"column":69},"end":{"line":91,"column":70}},"loc":{"start":{"line":91,"column":85},"end":{"line":93,"column":17}},"line":91},"19":{"name":"getUserByEmail","decl":{"start":{"line":103,"column":15},"end":{"line":103,"column":29}},"loc":{"start":{"line":103,"column":35},"end":{"line":105,"column":7}},"line":103},"20":{"name":"(anonymous_20)","decl":{"start":{"line":111,"column":11},"end":{"line":111,"column":12}},"loc":{"start":{"line":111,"column":23},"end":{"line":138,"column":5}},"line":111},"21":{"name":"_callee3","decl":{"start":{"line":114,"column":39},"end":{"line":114,"column":47}},"loc":{"start":{"line":114,"column":55},"end":{"line":131,"column":7}},"line":114},"22":{"name":"_callee3$","decl":{"start":{"line":116,"column":48},"end":{"line":116,"column":57}},"loc":{"start":{"line":116,"column":69},"end":{"line":130,"column":9}},"line":116},"23":{"name":"(anonymous_23)","decl":{"start":{"line":120,"column":42},"end":{"line":120,"column":43}},"loc":{"start":{"line":120,"column":58},"end":{"line":122,"column":17}},"line":120},"24":{"name":"getUserIdByEmail","decl":{"start":{"line":133,"column":15},"end":{"line":133,"column":31}},"loc":{"start":{"line":133,"column":37},"end":{"line":135,"column":7}},"line":133},"25":{"name":"(anonymous_25)","decl":{"start":{"line":141,"column":11},"end":{"line":141,"column":12}},"loc":{"start":{"line":141,"column":23},"end":{"line":166,"column":5}},"line":141},"26":{"name":"_callee4","decl":{"start":{"line":144,"column":39},"end":{"line":144,"column":47}},"loc":{"start":{"line":144,"column":52},"end":{"line":159,"column":7}},"line":144},"27":{"name":"_callee4$","decl":{"start":{"line":145,"column":48},"end":{"line":145,"column":57}},"loc":{"start":{"line":145,"column":69},"end":{"line":158,"column":9}},"line":145},"28":{"name":"(anonymous_28)","decl":{"start":{"line":149,"column":69},"end":{"line":149,"column":70}},"loc":{"start":{"line":149,"column":85},"end":{"line":151,"column":17}},"line":149},"29":{"name":"getUserById","decl":{"start":{"line":161,"column":15},"end":{"line":161,"column":26}},"loc":{"start":{"line":161,"column":32},"end":{"line":163,"column":7}},"line":161}},"branchMap":{"0":{"loc":{"start":{"line":8,"column":176},"end":{"line":8,"column":263}},"type":"if","locations":[{"start":{"line":8,"column":176},"end":{"line":8,"column":263}},{"start":{"line":8,"column":176},"end":{"line":8,"column":263}}],"line":8},"1":{"loc":{"start":{"line":12,"column":50},"end":{"line":12,"column":151}},"type":"if","locations":[{"start":{"line":12,"column":50},"end":{"line":12,"column":151}},{"start":{"line":12,"column":50},"end":{"line":12,"column":151}}],"line":12},"2":{"loc":{"start":{"line":14,"column":136},"end":{"line":14,"column":166}},"type":"binary-expr","locations":[{"start":{"line":14,"column":136},"end":{"line":14,"column":157}},{"start":{"line":14,"column":161},"end":{"line":14,"column":166}}],"line":14},"3":{"loc":{"start":{"line":14,"column":200},"end":{"line":14,"column":254}},"type":"if","locations":[{"start":{"line":14,"column":200},"end":{"line":14,"column":254}},{"start":{"line":14,"column":200},"end":{"line":14,"column":254}}],"line":14},"4":{"loc":{"start":{"line":16,"column":62},"end":{"line":16,"column":131}},"type":"if","locations":[{"start":{"line":16,"column":62},"end":{"line":16,"column":131}},{"start":{"line":16,"column":62},"end":{"line":16,"column":131}}],"line":16},"5":{"loc":{"start":{"line":16,"column":132},"end":{"line":16,"column":193}},"type":"if","locations":[{"start":{"line":16,"column":132},"end":{"line":16,"column":193}},{"start":{"line":16,"column":132},"end":{"line":16,"column":193}}],"line":16},"6":{"loc":{"start":{"line":54,"column":12},"end":{"line":70,"column":13}},"type":"switch","locations":[{"start":{"line":55,"column":14},"end":{"line":61,"column":56}},{"start":{"line":63,"column":14},"end":{"line":65,"column":55}},{"start":{"line":67,"column":14},"end":{"line":67,"column":21}},{"start":{"line":68,"column":14},"end":{"line":69,"column":39}}],"line":54},"7":{"loc":{"start":{"line":56,"column":16},"end":{"line":59,"column":17}},"type":"if","locations":[{"start":{"line":56,"column":16},"end":{"line":59,"column":17}},{"start":{"line":56,"column":16},"end":{"line":59,"column":17}}],"line":56},"8":{"loc":{"start":{"line":89,"column":12},"end":{"line":98,"column":13}},"type":"switch","locations":[{"start":{"line":90,"column":14},"end":{"line":93,"column":20}},{"start":{"line":95,"column":14},"end":{"line":95,"column":21}},{"start":{"line":96,"column":14},"end":{"line":97,"column":40}}],"line":89},"9":{"loc":{"start":{"line":118,"column":12},"end":{"line":128,"column":13}},"type":"switch","locations":[{"start":{"line":119,"column":14},"end":{"line":123,"column":74}},{"start":{"line":125,"column":14},"end":{"line":125,"column":21}},{"start":{"line":126,"column":14},"end":{"line":127,"column":40}}],"line":118},"10":{"loc":{"start":{"line":123,"column":50},"end":{"line":123,"column":72}},"type":"cond-expr","locations":[{"start":{"line":123,"column":58},"end":{"line":123,"column":62}},{"start":{"line":123,"column":65},"end":{"line":123,"column":72}}],"line":123},"11":{"loc":{"start":{"line":147,"column":12},"end":{"line":156,"column":13}},"type":"switch","locations":[{"start":{"line":148,"column":14},"end":{"line":151,"column":20}},{"start":{"line":153,"column":14},"end":{"line":153,"column":21}},{"start":{"line":154,"column":14},"end":{"line":155,"column":40}}],"line":147}},"s":{"0":1,"1":1,"2":4,"3":4,"4":4,"5":0,"6":0,"7":4,"8":4,"9":0,"10":4,"11":4,"12":4,"13":4,"14":4,"15":4,"16":0,"17":4,"18":1,"19":0,"20":1,"21":1,"22":4,"23":4,"24":4,"25":4,"26":4,"27":4,"28":1,"29":1,"30":1,"31":0,"32":1,"33":1,"34":1,"35":1,"36":1,"37":1,"38":1,"39":1,"40":2,"41":3,"42":1,"43":1,"44":1,"45":0,"46":1,"47":1,"48":1,"49":1,"50":1,"51":1,"52":3,"53":6,"54":6,"55":3,"56":11,"57":3,"58":3,"59":1,"60":1,"61":0,"62":0,"63":0,"64":0,"65":0,"66":0,"67":0,"68":0,"69":1,"70":1,"71":0,"72":0,"73":0,"74":0,"75":0,"76":0,"77":0,"78":1,"79":1,"80":1,"81":1},"f":{"0":4,"1":4,"2":4,"3":4,"4":4,"5":0,"6":1,"7":1,"8":1,"9":1,"10":1,"11":1,"12":1,"13":2,"14":1,"15":1,"16":3,"17":6,"18":11,"19":3,"20":1,"21":0,"22":0,"23":0,"24":0,"25":1,"26":0,"27":0,"28":0,"29":0},"b":{"0":[4,0],"1":[0,1],"2":[4,4],"3":[4,0],"4":[1,0],"5":[0,1],"6":[1,1,0,1],"7":[1,0],"8":[3,0,3],"9":[0,0,0],"10":[0,0],"11":[0,0,0]},"_coverageSchema":"43e27e138ebf9cfc5966b082cf9a028302ed4184","hash":"495fa98ea6b555e9031292bf31db29df74e1af82","contentHash":"1a401c8d45d2cebaac2e695890bef9ee0dae3b3db5ed08c6fb5d140bd04e7287"},"G:\\new project\\Bootc pro\\Githubp6\\MyDiaryP6\\Server\\middleware\\AuthCheck.js":{"path":"G:\\new project\\Bootc pro\\Githubp6\\MyDiaryP6\\Server\\middleware\\AuthCheck.js","statementMap":{"0":{"start":{"line":3,"column":0},"end":{"line":5,"column":3}},"1":{"start":{"line":6,"column":0},"end":{"line":6,"column":28}},"2":{"start":{"line":8,"column":20},"end":{"line":8,"column":67}},"3":{"start":{"line":10,"column":14},"end":{"line":10,"column":55}},"4":{"start":{"line":12,"column":12},"end":{"line":12,"column":61}},"5":{"start":{"line":14,"column":16},"end":{"line":14,"column":35}},"6":{"start":{"line":16,"column":39},"end":{"line":16,"column":95}},"7":{"start":{"line":18,"column":77},"end":{"line":18,"column":175}},"8":{"start":{"line":18,"column":94},"end":{"line":18,"column":107}},"9":{"start":{"line":18,"column":121},"end":{"line":18,"column":131}},"10":{"start":{"line":18,"column":151},"end":{"line":18,"column":165}},"11":{"start":{"line":18,"column":166},"end":{"line":18,"column":173}},"12":{"start":{"line":18,"column":176},"end":{"line":18,"column":263}},"13":{"start":{"line":18,"column":193},"end":{"line":18,"column":208}},"14":{"start":{"line":18,"column":218},"end":{"line":18,"column":261}},"15":{"start":{"line":20,"column":33},"end":{"line":20,"column":387}},"16":{"start":{"line":20,"column":65},"end":{"line":20,"column":69}},"17":{"start":{"line":20,"column":78},"end":{"line":20,"column":87}},"18":{"start":{"line":20,"column":89},"end":{"line":20,"column":384}},"19":{"start":{"line":20,"column":147},"end":{"line":20,"column":167}},"20":{"start":{"line":20,"column":193},"end":{"line":20,"column":264}},"21":{"start":{"line":20,"column":290},"end":{"line":20,"column":360}},"22":{"start":{"line":20,"column":363},"end":{"line":20,"column":380}},"23":{"start":{"line":22,"column":50},"end":{"line":22,"column":151}},"24":{"start":{"line":22,"column":92},"end":{"line":22,"column":149}},"25":{"start":{"line":24,"column":44},"end":{"line":24,"column":315}},"26":{"start":{"line":24,"column":57},"end":{"line":24,"column":58}},"27":{"start":{"line":24,"column":102},"end":{"line":24,"column":110}},"28":{"start":{"line":24,"column":112},"end":{"line":24,"column":167}},"29":{"start":{"line":24,"column":168},"end":{"line":24,"column":199}},"30":{"start":{"line":24,"column":200},"end":{"line":24,"column":254}},"31":{"start":{"line":24,"column":227},"end":{"line":24,"column":254}},"32":{"start":{"line":24,"column":255},"end":{"line":24,"column":313}},"33":{"start":{"line":26,"column":62},"end":{"line":26,"column":131}},"34":{"start":{"line":26,"column":78},"end":{"line":26,"column":131}},"35":{"start":{"line":26,"column":132},"end":{"line":26,"column":193}},"36":{"start":{"line":26,"column":149},"end":{"line":26,"column":193}},"37":{"start":{"line":26,"column":194},"end":{"line":26,"column":213}},"38":{"start":{"line":28,"column":0},"end":{"line":28,"column":28}},"39":{"start":{"line":32,"column":0},"end":{"line":127,"column":3}},"40":{"start":{"line":34,"column":4},"end":{"line":34,"column":32}},"41":{"start":{"line":37,"column":2},"end":{"line":124,"column":6}},"42":{"start":{"line":40,"column":25},"end":{"line":84,"column":9}},"43":{"start":{"line":44,"column":8},"end":{"line":83,"column":20}},"44":{"start":{"line":45,"column":10},"end":{"line":82,"column":11}},"45":{"start":{"line":46,"column":12},"end":{"line":81,"column":13}},"46":{"start":{"line":48,"column":16},"end":{"line":48,"column":61}},"47":{"start":{"line":50,"column":16},"end":{"line":53,"column":17}},"48":{"start":{"line":51,"column":18},"end":{"line":51,"column":36}},"49":{"start":{"line":52,"column":18},"end":{"line":52,"column":24}},"50":{"start":{"line":55,"column":16},"end":{"line":58,"column":20}},"51":{"start":{"line":61,"column":16},"end":{"line":61,"column":34}},"52":{"start":{"line":62,"column":16},"end":{"line":62,"column":90}},"53":{"start":{"line":65,"column":16},"end":{"line":65,"column":40}},"54":{"start":{"line":67,"column":16},"end":{"line":76,"column":19}},"55":{"start":{"line":68,"column":18},"end":{"line":72,"column":19}},"56":{"start":{"line":69,"column":20},"end":{"line":71,"column":23}},"57":{"start":{"line":74,"column":18},"end":{"line":74,"column":34}},"58":{"start":{"line":75,"column":18},"end":{"line":75,"column":25}},"59":{"start":{"line":80,"column":16},"end":{"line":80,"column":39}},"60":{"start":{"line":87,"column":8},"end":{"line":87,"column":51}},"61":{"start":{"line":90,"column":6},"end":{"line":90,"column":25}},"62":{"start":{"line":95,"column":27},"end":{"line":116,"column":9}},"63":{"start":{"line":99,"column":8},"end":{"line":115,"column":21}},"64":{"start":{"line":100,"column":10},"end":{"line":114,"column":11}},"65":{"start":{"line":101,"column":12},"end":{"line":113,"column":13}},"66":{"start":{"line":103,"column":16},"end":{"line":107,"column":19}},"67":{"start":{"line":108,"column":16},"end":{"line":108,"column":57}},"68":{"start":{"line":112,"column":16},"end":{"line":112,"column":40}},"69":{"start":{"line":119,"column":8},"end":{"line":119,"column":53}},"70":{"start":{"line":122,"column":6},"end":{"line":122,"column":27}},"71":{"start":{"line":126,"column":2},"end":{"line":126,"column":14}},"72":{"start":{"line":129,"column":15},"end":{"line":129,"column":25}},"73":{"start":{"line":131,"column":0},"end":{"line":131,"column":30}}},"fnMap":{"0":{"name":"_interopRequireDefault","decl":{"start":{"line":16,"column":9},"end":{"line":16,"column":31}},"loc":{"start":{"line":16,"column":37},"end":{"line":16,"column":97}},"line":16},"1":{"name":"asyncGeneratorStep","decl":{"start":{"line":18,"column":9},"end":{"line":18,"column":27}},"loc":{"start":{"line":18,"column":75},"end":{"line":18,"column":265}},"line":18},"2":{"name":"_asyncToGenerator","decl":{"start":{"line":20,"column":9},"end":{"line":20,"column":26}},"loc":{"start":{"line":20,"column":31},"end":{"line":20,"column":389}},"line":20},"3":{"name":"(anonymous_3)","decl":{"start":{"line":20,"column":40},"end":{"line":20,"column":41}},"loc":{"start":{"line":20,"column":52},"end":{"line":20,"column":386}},"line":20},"4":{"name":"(anonymous_4)","decl":{"start":{"line":20,"column":108},"end":{"line":20,"column":109}},"loc":{"start":{"line":20,"column":135},"end":{"line":20,"column":382}},"line":20},"5":{"name":"_next","decl":{"start":{"line":20,"column":178},"end":{"line":20,"column":183}},"loc":{"start":{"line":20,"column":191},"end":{"line":20,"column":266}},"line":20},"6":{"name":"_throw","decl":{"start":{"line":20,"column":276},"end":{"line":20,"column":282}},"loc":{"start":{"line":20,"column":288},"end":{"line":20,"column":362}},"line":20},"7":{"name":"_classCallCheck","decl":{"start":{"line":22,"column":9},"end":{"line":22,"column":24}},"loc":{"start":{"line":22,"column":48},"end":{"line":22,"column":153}},"line":22},"8":{"name":"_defineProperties","decl":{"start":{"line":24,"column":9},"end":{"line":24,"column":26}},"loc":{"start":{"line":24,"column":42},"end":{"line":24,"column":317}},"line":24},"9":{"name":"_createClass","decl":{"start":{"line":26,"column":9},"end":{"line":26,"column":21}},"loc":{"start":{"line":26,"column":60},"end":{"line":26,"column":215}},"line":26},"10":{"name":"(anonymous_10)","decl":{"start":{"line":32,"column":0},"end":{"line":32,"column":1}},"loc":{"start":{"line":32,"column":12},"end":{"line":127,"column":1}},"line":32},"11":{"name":"Auth","decl":{"start":{"line":33,"column":11},"end":{"line":33,"column":15}},"loc":{"start":{"line":33,"column":18},"end":{"line":35,"column":3}},"line":33},"12":{"name":"(anonymous_12)","decl":{"start":{"line":39,"column":11},"end":{"line":39,"column":12}},"loc":{"start":{"line":39,"column":23},"end":{"line":91,"column":5}},"line":39},"13":{"name":"_callee","decl":{"start":{"line":42,"column":39},"end":{"line":42,"column":46}},"loc":{"start":{"line":42,"column":63},"end":{"line":84,"column":7}},"line":42},"14":{"name":"_callee$","decl":{"start":{"line":44,"column":48},"end":{"line":44,"column":56}},"loc":{"start":{"line":44,"column":67},"end":{"line":83,"column":9}},"line":44},"15":{"name":"(anonymous_15)","decl":{"start":{"line":67,"column":73},"end":{"line":67,"column":74}},"loc":{"start":{"line":67,"column":89},"end":{"line":76,"column":17}},"line":67},"16":{"name":"verifyToken","decl":{"start":{"line":86,"column":15},"end":{"line":86,"column":26}},"loc":{"start":{"line":86,"column":41},"end":{"line":88,"column":7}},"line":86},"17":{"name":"(anonymous_17)","decl":{"start":{"line":94,"column":11},"end":{"line":94,"column":12}},"loc":{"start":{"line":94,"column":23},"end":{"line":123,"column":5}},"line":94},"18":{"name":"_callee2","decl":{"start":{"line":97,"column":39},"end":{"line":97,"column":47}},"loc":{"start":{"line":97,"column":54},"end":{"line":116,"column":7}},"line":97},"19":{"name":"_callee2$","decl":{"start":{"line":99,"column":48},"end":{"line":99,"column":57}},"loc":{"start":{"line":99,"column":69},"end":{"line":115,"column":9}},"line":99},"20":{"name":"generateToken","decl":{"start":{"line":118,"column":15},"end":{"line":118,"column":28}},"loc":{"start":{"line":118,"column":34},"end":{"line":120,"column":7}},"line":118}},"branchMap":{"0":{"loc":{"start":{"line":16,"column":46},"end":{"line":16,"column":94}},"type":"cond-expr","locations":[{"start":{"line":16,"column":70},"end":{"line":16,"column":73}},{"start":{"line":16,"column":76},"end":{"line":16,"column":94}}],"line":16},"1":{"loc":{"start":{"line":16,"column":46},"end":{"line":16,"column":67}},"type":"binary-expr","locations":[{"start":{"line":16,"column":46},"end":{"line":16,"column":49}},{"start":{"line":16,"column":53},"end":{"line":16,"column":67}}],"line":16},"2":{"loc":{"start":{"line":18,"column":176},"end":{"line":18,"column":263}},"type":"if","locations":[{"start":{"line":18,"column":176},"end":{"line":18,"column":263}},{"start":{"line":18,"column":176},"end":{"line":18,"column":263}}],"line":18},"3":{"loc":{"start":{"line":22,"column":50},"end":{"line":22,"column":151}},"type":"if","locations":[{"start":{"line":22,"column":50},"end":{"line":22,"column":151}},{"start":{"line":22,"column":50},"end":{"line":22,"column":151}}],"line":22},"4":{"loc":{"start":{"line":24,"column":136},"end":{"line":24,"column":166}},"type":"binary-expr","locations":[{"start":{"line":24,"column":136},"end":{"line":24,"column":157}},{"start":{"line":24,"column":161},"end":{"line":24,"column":166}}],"line":24},"5":{"loc":{"start":{"line":24,"column":200},"end":{"line":24,"column":254}},"type":"if","locations":[{"start":{"line":24,"column":200},"end":{"line":24,"column":254}},{"start":{"line":24,"column":200},"end":{"line":24,"column":254}}],"line":24},"6":{"loc":{"start":{"line":26,"column":62},"end":{"line":26,"column":131}},"type":"if","locations":[{"start":{"line":26,"column":62},"end":{"line":26,"column":131}},{"start":{"line":26,"column":62},"end":{"line":26,"column":131}}],"line":26},"7":{"loc":{"start":{"line":26,"column":132},"end":{"line":26,"column":193}},"type":"if","locations":[{"start":{"line":26,"column":132},"end":{"line":26,"column":193}},{"start":{"line":26,"column":132},"end":{"line":26,"column":193}}],"line":26},"8":{"loc":{"start":{"line":46,"column":12},"end":{"line":81,"column":13}},"type":"switch","locations":[{"start":{"line":47,"column":14},"end":{"line":58,"column":20}},{"start":{"line":60,"column":14},"end":{"line":62,"column":90}},{"start":{"line":64,"column":14},"end":{"line":76,"column":19}},{"start":{"line":78,"column":14},"end":{"line":78,"column":21}},{"start":{"line":79,"column":14},"end":{"line":80,"column":39}}],"line":46},"9":{"loc":{"start":{"line":50,"column":16},"end":{"line":53,"column":17}},"type":"if","locations":[{"start":{"line":50,"column":16},"end":{"line":53,"column":17}},{"start":{"line":50,"column":16},"end":{"line":53,"column":17}}],"line":50},"10":{"loc":{"start":{"line":68,"column":18},"end":{"line":72,"column":19}},"type":"if","locations":[{"start":{"line":68,"column":18},"end":{"line":72,"column":19}},{"start":{"line":68,"column":18},"end":{"line":72,"column":19}}],"line":68},"11":{"loc":{"start":{"line":101,"column":12},"end":{"line":113,"column":13}},"type":"switch","locations":[{"start":{"line":102,"column":14},"end":{"line":108,"column":57}},{"start":{"line":110,"column":14},"end":{"line":110,"column":21}},{"start":{"line":111,"column":14},"end":{"line":112,"column":40}}],"line":101}},"s":{"0":1,"1":1,"2":1,"3":1,"4":1,"5":1,"6":3,"7":2,"8":2,"9":2,"10":0,"11":0,"12":2,"13":2,"14":0,"15":2,"16":2,"17":2,"18":2,"19":2,"20":2,"21":0,"22":2,"23":1,"24":0,"25":1,"26":1,"27":2,"28":2,"29":2,"30":2,"31":2,"32":2,"33":1,"34":1,"35":1,"36":0,"37":1,"38":1,"39":1,"40":1,"41":1,"42":1,"43":0,"44":0,"45":0,"46":0,"47":0,"48":0,"49":0,"50":0,"51":0,"52":0,"53":0,"54":0,"55":0,"56":0,"57":0,"58":0,"59":0,"60":0,"61":1,"62":1,"63":2,"64":4,"65":4,"66":2,"67":2,"68":2,"69":2,"70":1,"71":1,"72":1,"73":1},"f":{"0":3,"1":2,"2":2,"3":2,"4":2,"5":2,"6":0,"7":1,"8":1,"9":1,"10":1,"11":1,"12":1,"13":0,"14":0,"15":0,"16":0,"17":1,"18":2,"19":4,"20":2},"b":{"0":[1,2],"1":[3,3],"2":[2,0],"3":[0,1],"4":[2,2],"5":[2,0],"6":[1,0],"7":[0,1],"8":[0,0,0,0,0],"9":[0,0],"10":[0,0],"11":[2,0,2]},"_coverageSchema":"43e27e138ebf9cfc5966b082cf9a028302ed4184","hash":"d7bf1bc8de4ef24039b8e8e492197ab89b45e19c","contentHash":"3c5dc486e11b9baee78c69a7a46be53f502cbe81b450d247168c08304dbefd86"},"G:\\new project\\Bootc pro\\Githubp6\\MyDiaryP6\\Server\\helpers\\password.js":{"path":"G:\\new project\\Bootc pro\\Githubp6\\MyDiaryP6\\Server\\helpers\\password.js","statementMap":{"0":{"start":{"line":3,"column":0},"end":{"line":5,"column":3}},"1":{"start":{"line":6,"column":0},"end":{"line":6,"column":28}},"2":{"start":{"line":8,"column":14},"end":{"line":8,"column":55}},"3":{"start":{"line":10,"column":39},"end":{"line":10,"column":95}},"4":{"start":{"line":12,"column":77},"end":{"line":12,"column":175}},"5":{"start":{"line":12,"column":94},"end":{"line":12,"column":107}},"6":{"start":{"line":12,"column":121},"end":{"line":12,"column":131}},"7":{"start":{"line":12,"column":151},"end":{"line":12,"column":165}},"8":{"start":{"line":12,"column":166},"end":{"line":12,"column":173}},"9":{"start":{"line":12,"column":176},"end":{"line":12,"column":263}},"10":{"start":{"line":12,"column":193},"end":{"line":12,"column":208}},"11":{"start":{"line":12,"column":218},"end":{"line":12,"column":261}},"12":{"start":{"line":14,"column":33},"end":{"line":14,"column":387}},"13":{"start":{"line":14,"column":65},"end":{"line":14,"column":69}},"14":{"start":{"line":14,"column":78},"end":{"line":14,"column":87}},"15":{"start":{"line":14,"column":89},"end":{"line":14,"column":384}},"16":{"start":{"line":14,"column":147},"end":{"line":14,"column":167}},"17":{"start":{"line":14,"column":193},"end":{"line":14,"column":264}},"18":{"start":{"line":14,"column":290},"end":{"line":14,"column":360}},"19":{"start":{"line":14,"column":363},"end":{"line":14,"column":380}},"20":{"start":{"line":16,"column":50},"end":{"line":16,"column":151}},"21":{"start":{"line":16,"column":92},"end":{"line":16,"column":149}},"22":{"start":{"line":18,"column":44},"end":{"line":18,"column":315}},"23":{"start":{"line":18,"column":57},"end":{"line":18,"column":58}},"24":{"start":{"line":18,"column":102},"end":{"line":18,"column":110}},"25":{"start":{"line":18,"column":112},"end":{"line":18,"column":167}},"26":{"start":{"line":18,"column":168},"end":{"line":18,"column":199}},"27":{"start":{"line":18,"column":200},"end":{"line":18,"column":254}},"28":{"start":{"line":18,"column":227},"end":{"line":18,"column":254}},"29":{"start":{"line":18,"column":255},"end":{"line":18,"column":313}},"30":{"start":{"line":20,"column":62},"end":{"line":20,"column":131}},"31":{"start":{"line":20,"column":78},"end":{"line":20,"column":131}},"32":{"start":{"line":20,"column":132},"end":{"line":20,"column":193}},"33":{"start":{"line":20,"column":149},"end":{"line":20,"column":193}},"34":{"start":{"line":20,"column":194},"end":{"line":20,"column":213}},"35":{"start":{"line":24,"column":0},"end":{"line":84,"column":3}},"36":{"start":{"line":26,"column":4},"end":{"line":26,"column":36}},"37":{"start":{"line":29,"column":2},"end":{"line":81,"column":6}},"38":{"start":{"line":32,"column":26},"end":{"line":47,"column":9}},"39":{"start":{"line":35,"column":8},"end":{"line":46,"column":20}},"40":{"start":{"line":36,"column":10},"end":{"line":45,"column":11}},"41":{"start":{"line":37,"column":12},"end":{"line":44,"column":13}},"42":{"start":{"line":39,"column":16},"end":{"line":39,"column":119}},"43":{"start":{"line":43,"column":16},"end":{"line":43,"column":39}},"44":{"start":{"line":50,"column":8},"end":{"line":50,"column":52}},"45":{"start":{"line":53,"column":6},"end":{"line":53,"column":26}},"46":{"start":{"line":58,"column":31},"end":{"line":73,"column":9}},"47":{"start":{"line":61,"column":8},"end":{"line":72,"column":21}},"48":{"start":{"line":62,"column":10},"end":{"line":71,"column":11}},"49":{"start":{"line":63,"column":12},"end":{"line":70,"column":13}},"50":{"start":{"line":65,"column":16},"end":{"line":65,"column":98}},"51":{"start":{"line":69,"column":16},"end":{"line":69,"column":40}},"52":{"start":{"line":76,"column":8},"end":{"line":76,"column":57}},"53":{"start":{"line":79,"column":6},"end":{"line":79,"column":31}},"54":{"start":{"line":83,"column":2},"end":{"line":83,"column":18}},"55":{"start":{"line":86,"column":15},"end":{"line":86,"column":29}},"56":{"start":{"line":88,"column":0},"end":{"line":88,"column":30}}},"fnMap":{"0":{"name":"_interopRequireDefault","decl":{"start":{"line":10,"column":9},"end":{"line":10,"column":31}},"loc":{"start":{"line":10,"column":37},"end":{"line":10,"column":97}},"line":10},"1":{"name":"asyncGeneratorStep","decl":{"start":{"line":12,"column":9},"end":{"line":12,"column":27}},"loc":{"start":{"line":12,"column":75},"end":{"line":12,"column":265}},"line":12},"2":{"name":"_asyncToGenerator","decl":{"start":{"line":14,"column":9},"end":{"line":14,"column":26}},"loc":{"start":{"line":14,"column":31},"end":{"line":14,"column":389}},"line":14},"3":{"name":"(anonymous_3)","decl":{"start":{"line":14,"column":40},"end":{"line":14,"column":41}},"loc":{"start":{"line":14,"column":52},"end":{"line":14,"column":386}},"line":14},"4":{"name":"(anonymous_4)","decl":{"start":{"line":14,"column":108},"end":{"line":14,"column":109}},"loc":{"start":{"line":14,"column":135},"end":{"line":14,"column":382}},"line":14},"5":{"name":"_next","decl":{"start":{"line":14,"column":178},"end":{"line":14,"column":183}},"loc":{"start":{"line":14,"column":191},"end":{"line":14,"column":266}},"line":14},"6":{"name":"_throw","decl":{"start":{"line":14,"column":276},"end":{"line":14,"column":282}},"loc":{"start":{"line":14,"column":288},"end":{"line":14,"column":362}},"line":14},"7":{"name":"_classCallCheck","decl":{"start":{"line":16,"column":9},"end":{"line":16,"column":24}},"loc":{"start":{"line":16,"column":48},"end":{"line":16,"column":153}},"line":16},"8":{"name":"_defineProperties","decl":{"start":{"line":18,"column":9},"end":{"line":18,"column":26}},"loc":{"start":{"line":18,"column":42},"end":{"line":18,"column":317}},"line":18},"9":{"name":"_createClass","decl":{"start":{"line":20,"column":9},"end":{"line":20,"column":21}},"loc":{"start":{"line":20,"column":60},"end":{"line":20,"column":215}},"line":20},"10":{"name":"(anonymous_10)","decl":{"start":{"line":24,"column":0},"end":{"line":24,"column":1}},"loc":{"start":{"line":24,"column":12},"end":{"line":84,"column":1}},"line":24},"11":{"name":"password","decl":{"start":{"line":25,"column":11},"end":{"line":25,"column":19}},"loc":{"start":{"line":25,"column":22},"end":{"line":27,"column":3}},"line":25},"12":{"name":"(anonymous_12)","decl":{"start":{"line":31,"column":11},"end":{"line":31,"column":12}},"loc":{"start":{"line":31,"column":23},"end":{"line":54,"column":5}},"line":31},"13":{"name":"_callee","decl":{"start":{"line":34,"column":39},"end":{"line":34,"column":46}},"loc":{"start":{"line":34,"column":57},"end":{"line":47,"column":7}},"line":34},"14":{"name":"_callee$","decl":{"start":{"line":35,"column":48},"end":{"line":35,"column":56}},"loc":{"start":{"line":35,"column":67},"end":{"line":46,"column":9}},"line":35},"15":{"name":"hashPassword","decl":{"start":{"line":49,"column":15},"end":{"line":49,"column":27}},"loc":{"start":{"line":49,"column":32},"end":{"line":51,"column":7}},"line":49},"16":{"name":"(anonymous_16)","decl":{"start":{"line":57,"column":11},"end":{"line":57,"column":12}},"loc":{"start":{"line":57,"column":23},"end":{"line":80,"column":5}},"line":57},"17":{"name":"_callee2","decl":{"start":{"line":60,"column":39},"end":{"line":60,"column":47}},"loc":{"start":{"line":60,"column":68},"end":{"line":73,"column":7}},"line":60},"18":{"name":"_callee2$","decl":{"start":{"line":61,"column":48},"end":{"line":61,"column":57}},"loc":{"start":{"line":61,"column":69},"end":{"line":72,"column":9}},"line":61},"19":{"name":"isCorrectPassword","decl":{"start":{"line":75,"column":15},"end":{"line":75,"column":32}},"loc":{"start":{"line":75,"column":43},"end":{"line":77,"column":7}},"line":75}},"branchMap":{"0":{"loc":{"start":{"line":10,"column":46},"end":{"line":10,"column":94}},"type":"cond-expr","locations":[{"start":{"line":10,"column":70},"end":{"line":10,"column":73}},{"start":{"line":10,"column":76},"end":{"line":10,"column":94}}],"line":10},"1":{"loc":{"start":{"line":10,"column":46},"end":{"line":10,"column":67}},"type":"binary-expr","locations":[{"start":{"line":10,"column":46},"end":{"line":10,"column":49}},{"start":{"line":10,"column":53},"end":{"line":10,"column":67}}],"line":10},"2":{"loc":{"start":{"line":12,"column":176},"end":{"line":12,"column":263}},"type":"if","locations":[{"start":{"line":12,"column":176},"end":{"line":12,"column":263}},{"start":{"line":12,"column":176},"end":{"line":12,"column":263}}],"line":12},"3":{"loc":{"start":{"line":16,"column":50},"end":{"line":16,"column":151}},"type":"if","locations":[{"start":{"line":16,"column":50},"end":{"line":16,"column":151}},{"start":{"line":16,"column":50},"end":{"line":16,"column":151}}],"line":16},"4":{"loc":{"start":{"line":18,"column":136},"end":{"line":18,"column":166}},"type":"binary-expr","locations":[{"start":{"line":18,"column":136},"end":{"line":18,"column":157}},{"start":{"line":18,"column":161},"end":{"line":18,"column":166}}],"line":18},"5":{"loc":{"start":{"line":18,"column":200},"end":{"line":18,"column":254}},"type":"if","locations":[{"start":{"line":18,"column":200},"end":{"line":18,"column":254}},{"start":{"line":18,"column":200},"end":{"line":18,"column":254}}],"line":18},"6":{"loc":{"start":{"line":20,"column":62},"end":{"line":20,"column":131}},"type":"if","locations":[{"start":{"line":20,"column":62},"end":{"line":20,"column":131}},{"start":{"line":20,"column":62},"end":{"line":20,"column":131}}],"line":20},"7":{"loc":{"start":{"line":20,"column":132},"end":{"line":20,"column":193}},"type":"if","locations":[{"start":{"line":20,"column":132},"end":{"line":20,"column":193}},{"start":{"line":20,"column":132},"end":{"line":20,"column":193}}],"line":20},"8":{"loc":{"start":{"line":37,"column":12},"end":{"line":44,"column":13}},"type":"switch","locations":[{"start":{"line":38,"column":14},"end":{"line":39,"column":119}},{"start":{"line":41,"column":14},"end":{"line":41,"column":21}},{"start":{"line":42,"column":14},"end":{"line":43,"column":39}}],"line":37},"9":{"loc":{"start":{"line":63,"column":12},"end":{"line":70,"column":13}},"type":"switch","locations":[{"start":{"line":64,"column":14},"end":{"line":65,"column":98}},{"start":{"line":67,"column":14},"end":{"line":67,"column":21}},{"start":{"line":68,"column":14},"end":{"line":69,"column":40}}],"line":63}},"s":{"0":1,"1":1,"2":1,"3":1,"4":2,"5":2,"6":2,"7":0,"8":0,"9":2,"10":2,"11":0,"12":2,"13":2,"14":2,"15":2,"16":2,"17":2,"18":0,"19":2,"20":1,"21":0,"22":1,"23":1,"24":2,"25":2,"26":2,"27":2,"28":2,"29":2,"30":1,"31":1,"32":1,"33":0,"34":1,"35":1,"36":1,"37":1,"38":1,"39":1,"40":2,"41":2,"42":1,"43":1,"44":1,"45":1,"46":1,"47":1,"48":2,"49":2,"50":1,"51":1,"52":1,"53":1,"54":1,"55":1,"56":1},"f":{"0":1,"1":2,"2":2,"3":2,"4":2,"5":2,"6":0,"7":1,"8":1,"9":1,"10":1,"11":1,"12":1,"13":1,"14":2,"15":1,"16":1,"17":1,"18":2,"19":1},"b":{"0":[0,1],"1":[1,1],"2":[2,0],"3":[0,1],"4":[2,2],"5":[2,0],"6":[1,0],"7":[0,1],"8":[1,0,1],"9":[1,0,1]},"_coverageSchema":"43e27e138ebf9cfc5966b082cf9a028302ed4184","hash":"4aa3893105b054f42712c415f32481a2b875f867","contentHash":"31dfabe75337182fe15ea9a82092666fc57c79294d7f4776879744a03249410c"},"G:\\new project\\Bootc pro\\Githubp6\\MyDiaryP6\\Server\\helpers\\validation.js":{"path":"G:\\new project\\Bootc pro\\Githubp6\\MyDiaryP6\\Server\\helpers\\validation.js","statementMap":{"0":{"start":{"line":3,"column":0},"end":{"line":5,"column":3}},"1":{"start":{"line":6,"column":0},"end":{"line":6,"column":28}},"2":{"start":{"line":8,"column":11},"end":{"line":8,"column":49}},"3":{"start":{"line":10,"column":39},"end":{"line":10,"column":95}},"4":{"start":{"line":12,"column":50},"end":{"line":12,"column":151}},"5":{"start":{"line":12,"column":92},"end":{"line":12,"column":149}},"6":{"start":{"line":14,"column":17},"end":{"line":33,"column":1}},"7":{"start":{"line":15,"column":2},"end":{"line":15,"column":36}},"8":{"start":{"line":17,"column":2},"end":{"line":32,"column":4}},"9":{"start":{"line":35,"column":15},"end":{"line":35,"column":31}},"10":{"start":{"line":37,"column":0},"end":{"line":37,"column":30}}},"fnMap":{"0":{"name":"_interopRequireDefault","decl":{"start":{"line":10,"column":9},"end":{"line":10,"column":31}},"loc":{"start":{"line":10,"column":37},"end":{"line":10,"column":97}},"line":10},"1":{"name":"_classCallCheck","decl":{"start":{"line":12,"column":9},"end":{"line":12,"column":24}},"loc":{"start":{"line":12,"column":48},"end":{"line":12,"column":153}},"line":12},"2":{"name":"validation","decl":{"start":{"line":14,"column":26},"end":{"line":14,"column":36}},"loc":{"start":{"line":14,"column":39},"end":{"line":33,"column":1}},"line":14}},"branchMap":{"0":{"loc":{"start":{"line":10,"column":46},"end":{"line":10,"column":94}},"type":"cond-expr","locations":[{"start":{"line":10,"column":70},"end":{"line":10,"column":73}},{"start":{"line":10,"column":76},"end":{"line":10,"column":94}}],"line":10},"1":{"loc":{"start":{"line":10,"column":46},"end":{"line":10,"column":67}},"type":"binary-expr","locations":[{"start":{"line":10,"column":46},"end":{"line":10,"column":49}},{"start":{"line":10,"column":53},"end":{"line":10,"column":67}}],"line":10},"2":{"loc":{"start":{"line":12,"column":50},"end":{"line":12,"column":151}},"type":"if","locations":[{"start":{"line":12,"column":50},"end":{"line":12,"column":151}},{"start":{"line":12,"column":50},"end":{"line":12,"column":151}}],"line":12}},"s":{"0":1,"1":1,"2":1,"3":1,"4":1,"5":0,"6":1,"7":1,"8":1,"9":1,"10":1},"f":{"0":1,"1":1,"2":1},"b":{"0":[0,1],"1":[1,1],"2":[0,1]},"_coverageSchema":"43e27e138ebf9cfc5966b082cf9a028302ed4184","hash":"2dd2e4fa28d0aadddd1b5ce4bc5af7c578556025","contentHash":"3816613e9fdd11eb7167d8ab3d548f2a39ce099de072c3aa78e8003451bbfea3"},"G:\\new project\\Bootc pro\\Githubp6\\MyDiaryP6\\Server\\routes\\Entry.js":{"path":"G:\\new project\\Bootc pro\\Githubp6\\MyDiaryP6\\Server\\routes\\Entry.js","statementMap":{"0":{"start":{"line":3,"column":0},"end":{"line":5,"column":3}},"1":{"start":{"line":6,"column":0},"end":{"line":6,"column":28}},"2":{"start":{"line":8,"column":15},"end":{"line":8,"column":57}},"3":{"start":{"line":10,"column":13},"end":{"line":10,"column":67}},"4":{"start":{"line":12,"column":17},"end":{"line":12,"column":75}},"5":{"start":{"line":14,"column":14},"end":{"line":14,"column":68}},"6":{"start":{"line":16,"column":39},"end":{"line":16,"column":95}},"7":{"start":{"line":19,"column":13},"end":{"line":19,"column":41}},"8":{"start":{"line":21,"column":0},"end":{"line":21,"column":95}},"9":{"start":{"line":22,"column":0},"end":{"line":22,"column":94}},"10":{"start":{"line":23,"column":0},"end":{"line":23,"column":136}},"11":{"start":{"line":24,"column":0},"end":{"line":24,"column":95}},"12":{"start":{"line":25,"column":0},"end":{"line":25,"column":127}},"13":{"start":{"line":26,"column":15},"end":{"line":26,"column":21}},"14":{"start":{"line":27,"column":0},"end":{"line":27,"column":30}}},"fnMap":{"0":{"name":"_interopRequireDefault","decl":{"start":{"line":16,"column":9},"end":{"line":16,"column":31}},"loc":{"start":{"line":16,"column":37},"end":{"line":16,"column":97}},"line":16}},"branchMap":{"0":{"loc":{"start":{"line":16,"column":46},"end":{"line":16,"column":94}},"type":"cond-expr","locations":[{"start":{"line":16,"column":70},"end":{"line":16,"column":73}},{"start":{"line":16,"column":76},"end":{"line":16,"column":94}}],"line":16},"1":{"loc":{"start":{"line":16,"column":46},"end":{"line":16,"column":67}},"type":"binary-expr","locations":[{"start":{"line":16,"column":46},"end":{"line":16,"column":49}},{"start":{"line":16,"column":53},"end":{"line":16,"column":67}}],"line":16}},"s":{"0":1,"1":1,"2":1,"3":1,"4":1,"5":1,"6":4,"7":1,"8":1,"9":1,"10":1,"11":1,"12":1,"13":1,"14":1},"f":{"0":4},"b":{"0":[3,1],"1":[4,4]},"_coverageSchema":"43e27e138ebf9cfc5966b082cf9a028302ed4184","hash":"d941c3900ed1fc286b83f7c392718f5fe83b8f51","contentHash":"d3ffcaabb7a907ff8d62354a285fa8d31a94aa680ac621a28c5f8d26aa10a88b"},"G:\\new project\\Bootc pro\\Githubp6\\MyDiaryP6\\Server\\controlers\\Entry.js":{"path":"G:\\new project\\Bootc pro\\Githubp6\\MyDiaryP6\\Server\\controlers\\Entry.js","statementMap":{"0":{"start":{"line":3,"column":0},"end":{"line":5,"column":3}},"1":{"start":{"line":6,"column":0},"end":{"line":6,"column":28}},"2":{"start":{"line":8,"column":13},"end":{"line":8,"column":63}},"3":{"start":{"line":10,"column":9},"end":{"line":10,"column":51}},"4":{"start":{"line":12,"column":14},"end":{"line":12,"column":55}},"5":{"start":{"line":14,"column":18},"end":{"line":14,"column":74}},"6":{"start":{"line":16,"column":11},"end":{"line":16,"column":49}},"7":{"start":{"line":18,"column":39},"end":{"line":18,"column":95}},"8":{"start":{"line":20,"column":77},"end":{"line":20,"column":175}},"9":{"start":{"line":20,"column":94},"end":{"line":20,"column":107}},"10":{"start":{"line":20,"column":121},"end":{"line":20,"column":131}},"11":{"start":{"line":20,"column":151},"end":{"line":20,"column":165}},"12":{"start":{"line":20,"column":166},"end":{"line":20,"column":173}},"13":{"start":{"line":20,"column":176},"end":{"line":20,"column":263}},"14":{"start":{"line":20,"column":193},"end":{"line":20,"column":208}},"15":{"start":{"line":20,"column":218},"end":{"line":20,"column":261}},"16":{"start":{"line":22,"column":33},"end":{"line":22,"column":387}},"17":{"start":{"line":22,"column":65},"end":{"line":22,"column":69}},"18":{"start":{"line":22,"column":78},"end":{"line":22,"column":87}},"19":{"start":{"line":22,"column":89},"end":{"line":22,"column":384}},"20":{"start":{"line":22,"column":147},"end":{"line":22,"column":167}},"21":{"start":{"line":22,"column":193},"end":{"line":22,"column":264}},"22":{"start":{"line":22,"column":290},"end":{"line":22,"column":360}},"23":{"start":{"line":22,"column":363},"end":{"line":22,"column":380}},"24":{"start":{"line":24,"column":50},"end":{"line":24,"column":151}},"25":{"start":{"line":24,"column":92},"end":{"line":24,"column":149}},"26":{"start":{"line":26,"column":44},"end":{"line":26,"column":315}},"27":{"start":{"line":26,"column":57},"end":{"line":26,"column":58}},"28":{"start":{"line":26,"column":102},"end":{"line":26,"column":110}},"29":{"start":{"line":26,"column":112},"end":{"line":26,"column":167}},"30":{"start":{"line":26,"column":168},"end":{"line":26,"column":199}},"31":{"start":{"line":26,"column":200},"end":{"line":26,"column":254}},"32":{"start":{"line":26,"column":227},"end":{"line":26,"column":254}},"33":{"start":{"line":26,"column":255},"end":{"line":26,"column":313}},"34":{"start":{"line":28,"column":62},"end":{"line":28,"column":131}},"35":{"start":{"line":28,"column":78},"end":{"line":28,"column":131}},"36":{"start":{"line":28,"column":132},"end":{"line":28,"column":193}},"37":{"start":{"line":28,"column":149},"end":{"line":28,"column":193}},"38":{"start":{"line":28,"column":194},"end":{"line":28,"column":213}},"39":{"start":{"line":32,"column":0},"end":{"line":253,"column":3}},"40":{"start":{"line":34,"column":4},"end":{"line":34,"column":33}},"41":{"start":{"line":37,"column":2},"end":{"line":250,"column":6}},"42":{"start":{"line":40,"column":22},"end":{"line":86,"column":9}},"43":{"start":{"line":43,"column":8},"end":{"line":85,"column":20}},"44":{"start":{"line":44,"column":10},"end":{"line":84,"column":11}},"45":{"start":{"line":45,"column":12},"end":{"line":83,"column":13}},"46":{"start":{"line":47,"column":16},"end":{"line":78,"column":19}},"47":{"start":{"line":48,"column":34},"end":{"line":48,"column":42}},"48":{"start":{"line":49,"column":30},"end":{"line":49,"column":45}},"49":{"start":{"line":50,"column":36},"end":{"line":50,"column":57}},"50":{"start":{"line":52,"column":18},"end":{"line":58,"column":21}},"51":{"start":{"line":60,"column":18},"end":{"line":70,"column":21}},"52":{"start":{"line":72,"column":18},"end":{"line":77,"column":21}},"53":{"start":{"line":82,"column":16},"end":{"line":82,"column":39}},"54":{"start":{"line":89,"column":8},"end":{"line":89,"column":48}},"55":{"start":{"line":92,"column":6},"end":{"line":92,"column":22}},"56":{"start":{"line":97,"column":22},"end":{"line":122,"column":9}},"57":{"start":{"line":101,"column":8},"end":{"line":121,"column":21}},"58":{"start":{"line":102,"column":10},"end":{"line":120,"column":11}},"59":{"start":{"line":103,"column":12},"end":{"line":119,"column":13}},"60":{"start":{"line":105,"column":16},"end":{"line":105,"column":35}},"61":{"start":{"line":106,"column":16},"end":{"line":106,"column":35}},"62":{"start":{"line":107,"column":16},"end":{"line":107,"column":59}},"63":{"start":{"line":110,"column":16},"end":{"line":110,"column":39}},"64":{"start":{"line":111,"column":16},"end":{"line":114,"column":19}},"65":{"start":{"line":118,"column":16},"end":{"line":118,"column":40}},"66":{"start":{"line":125,"column":8},"end":{"line":125,"column":48}},"67":{"start":{"line":128,"column":6},"end":{"line":128,"column":22}},"68":{"start":{"line":133,"column":24},"end":{"line":157,"column":9}},"69":{"start":{"line":137,"column":8},"end":{"line":156,"column":21}},"70":{"start":{"line":138,"column":10},"end":{"line":155,"column":11}},"71":{"start":{"line":139,"column":12},"end":{"line":154,"column":13}},"72":{"start":{"line":141,"column":16},"end":{"line":141,"column":35}},"73":{"start":{"line":142,"column":16},"end":{"line":142,"column":68}},"74":{"start":{"line":145,"column":16},"end":{"line":145,"column":41}},"75":{"start":{"line":146,"column":16},"end":{"line":149,"column":19}},"76":{"start":{"line":153,"column":16},"end":{"line":153,"column":40}},"77":{"start":{"line":160,"column":8},"end":{"line":160,"column":50}},"78":{"start":{"line":163,"column":6},"end":{"line":163,"column":24}},"79":{"start":{"line":168,"column":25},"end":{"line":193,"column":9}},"80":{"start":{"line":172,"column":8},"end":{"line":192,"column":21}},"81":{"start":{"line":173,"column":10},"end":{"line":191,"column":11}},"82":{"start":{"line":174,"column":12},"end":{"line":190,"column":13}},"83":{"start":{"line":176,"column":16},"end":{"line":176,"column":35}},"84":{"start":{"line":178,"column":16},"end":{"line":185,"column":19}},"85":{"start":{"line":179,"column":18},"end":{"line":184,"column":21}},"86":{"start":{"line":189,"column":16},"end":{"line":189,"column":40}},"87":{"start":{"line":196,"column":8},"end":{"line":196,"column":51}},"88":{"start":{"line":199,"column":6},"end":{"line":199,"column":25}},"89":{"start":{"line":204,"column":20},"end":{"line":242,"column":9}},"90":{"start":{"line":208,"column":8},"end":{"line":241,"column":21}},"91":{"start":{"line":209,"column":10},"end":{"line":240,"column":11}},"92":{"start":{"line":210,"column":12},"end":{"line":239,"column":13}},"93":{"start":{"line":214,"column":16},"end":{"line":214,"column":39}},"94":{"start":{"line":215,"column":16},"end":{"line":215,"column":35}},"95":{"start":{"line":216,"column":16},"end":{"line":216,"column":35}},"96":{"start":{"line":220,"column":16},"end":{"line":226,"column":18}},"97":{"start":{"line":227,"column":16},"end":{"line":227,"column":35}},"98":{"start":{"line":228,"column":16},"end":{"line":228,"column":72}},"99":{"start":{"line":231,"column":16},"end":{"line":234,"column":20}},"100":{"start":{"line":238,"column":16},"end":{"line":238,"column":40}},"101":{"start":{"line":245,"column":8},"end":{"line":245,"column":46}},"102":{"start":{"line":248,"column":6},"end":{"line":248,"column":20}},"103":{"start":{"line":252,"column":2},"end":{"line":252,"column":15}},"104":{"start":{"line":255,"column":15},"end":{"line":255,"column":20}},"105":{"start":{"line":256,"column":0},"end":{"line":256,"column":30}}},"fnMap":{"0":{"name":"_interopRequireDefault","decl":{"start":{"line":18,"column":9},"end":{"line":18,"column":31}},"loc":{"start":{"line":18,"column":37},"end":{"line":18,"column":97}},"line":18},"1":{"name":"asyncGeneratorStep","decl":{"start":{"line":20,"column":9},"end":{"line":20,"column":27}},"loc":{"start":{"line":20,"column":75},"end":{"line":20,"column":265}},"line":20},"2":{"name":"_asyncToGenerator","decl":{"start":{"line":22,"column":9},"end":{"line":22,"column":26}},"loc":{"start":{"line":22,"column":31},"end":{"line":22,"column":389}},"line":22},"3":{"name":"(anonymous_3)","decl":{"start":{"line":22,"column":40},"end":{"line":22,"column":41}},"loc":{"start":{"line":22,"column":52},"end":{"line":22,"column":386}},"line":22},"4":{"name":"(anonymous_4)","decl":{"start":{"line":22,"column":108},"end":{"line":22,"column":109}},"loc":{"start":{"line":22,"column":135},"end":{"line":22,"column":382}},"line":22},"5":{"name":"_next","decl":{"start":{"line":22,"column":178},"end":{"line":22,"column":183}},"loc":{"start":{"line":22,"column":191},"end":{"line":22,"column":266}},"line":22},"6":{"name":"_throw","decl":{"start":{"line":22,"column":276},"end":{"line":22,"column":282}},"loc":{"start":{"line":22,"column":288},"end":{"line":22,"column":362}},"line":22},"7":{"name":"_classCallCheck","decl":{"start":{"line":24,"column":9},"end":{"line":24,"column":24}},"loc":{"start":{"line":24,"column":48},"end":{"line":24,"column":153}},"line":24},"8":{"name":"_defineProperties","decl":{"start":{"line":26,"column":9},"end":{"line":26,"column":26}},"loc":{"start":{"line":26,"column":42},"end":{"line":26,"column":317}},"line":26},"9":{"name":"_createClass","decl":{"start":{"line":28,"column":9},"end":{"line":28,"column":21}},"loc":{"start":{"line":28,"column":60},"end":{"line":28,"column":215}},"line":28},"10":{"name":"(anonymous_10)","decl":{"start":{"line":32,"column":0},"end":{"line":32,"column":1}},"loc":{"start":{"line":32,"column":12},"end":{"line":253,"column":1}},"line":32},"11":{"name":"Entry","decl":{"start":{"line":33,"column":11},"end":{"line":33,"column":16}},"loc":{"start":{"line":33,"column":19},"end":{"line":35,"column":3}},"line":33},"12":{"name":"(anonymous_12)","decl":{"start":{"line":39,"column":11},"end":{"line":39,"column":12}},"loc":{"start":{"line":39,"column":23},"end":{"line":93,"column":5}},"line":39},"13":{"name":"_callee","decl":{"start":{"line":42,"column":39},"end":{"line":42,"column":46}},"loc":{"start":{"line":42,"column":57},"end":{"line":86,"column":7}},"line":42},"14":{"name":"_callee$","decl":{"start":{"line":43,"column":48},"end":{"line":43,"column":56}},"loc":{"start":{"line":43,"column":67},"end":{"line":85,"column":9}},"line":43},"15":{"name":"(anonymous_15)","decl":{"start":{"line":47,"column":101},"end":{"line":47,"column":102}},"loc":{"start":{"line":47,"column":119},"end":{"line":71,"column":17}},"line":47},"16":{"name":"(anonymous_16)","decl":{"start":{"line":71,"column":28},"end":{"line":71,"column":29}},"loc":{"start":{"line":71,"column":45},"end":{"line":78,"column":17}},"line":71},"17":{"name":"NewEntry","decl":{"start":{"line":88,"column":15},"end":{"line":88,"column":23}},"loc":{"start":{"line":88,"column":33},"end":{"line":90,"column":7}},"line":88},"18":{"name":"(anonymous_18)","decl":{"start":{"line":96,"column":11},"end":{"line":96,"column":12}},"loc":{"start":{"line":96,"column":23},"end":{"line":129,"column":5}},"line":96},"19":{"name":"_callee2","decl":{"start":{"line":99,"column":39},"end":{"line":99,"column":47}},"loc":{"start":{"line":99,"column":58},"end":{"line":122,"column":7}},"line":99},"20":{"name":"_callee2$","decl":{"start":{"line":101,"column":48},"end":{"line":101,"column":57}},"loc":{"start":{"line":101,"column":69},"end":{"line":121,"column":9}},"line":101},"21":{"name":"GetEntry","decl":{"start":{"line":124,"column":15},"end":{"line":124,"column":23}},"loc":{"start":{"line":124,"column":34},"end":{"line":126,"column":7}},"line":124},"22":{"name":"(anonymous_22)","decl":{"start":{"line":132,"column":11},"end":{"line":132,"column":12}},"loc":{"start":{"line":132,"column":23},"end":{"line":164,"column":5}},"line":132},"23":{"name":"_callee3","decl":{"start":{"line":135,"column":39},"end":{"line":135,"column":47}},"loc":{"start":{"line":135,"column":58},"end":{"line":157,"column":7}},"line":135},"24":{"name":"_callee3$","decl":{"start":{"line":137,"column":48},"end":{"line":137,"column":57}},"loc":{"start":{"line":137,"column":69},"end":{"line":156,"column":9}},"line":137},"25":{"name":"GetEntries","decl":{"start":{"line":159,"column":15},"end":{"line":159,"column":25}},"loc":{"start":{"line":159,"column":36},"end":{"line":161,"column":7}},"line":159},"26":{"name":"(anonymous_26)","decl":{"start":{"line":167,"column":11},"end":{"line":167,"column":12}},"loc":{"start":{"line":167,"column":23},"end":{"line":200,"column":5}},"line":167},"27":{"name":"_callee4","decl":{"start":{"line":170,"column":39},"end":{"line":170,"column":47}},"loc":{"start":{"line":170,"column":58},"end":{"line":193,"column":7}},"line":170},"28":{"name":"_callee4$","decl":{"start":{"line":172,"column":48},"end":{"line":172,"column":57}},"loc":{"start":{"line":172,"column":69},"end":{"line":192,"column":9}},"line":172},"29":{"name":"(anonymous_29)","decl":{"start":{"line":178,"column":55},"end":{"line":178,"column":56}},"loc":{"start":{"line":178,"column":67},"end":{"line":185,"column":17}},"line":178},"30":{"name":"DeleteEntry","decl":{"start":{"line":195,"column":15},"end":{"line":195,"column":26}},"loc":{"start":{"line":195,"column":37},"end":{"line":197,"column":7}},"line":195},"31":{"name":"(anonymous_31)","decl":{"start":{"line":203,"column":11},"end":{"line":203,"column":12}},"loc":{"start":{"line":203,"column":23},"end":{"line":249,"column":5}},"line":203},"32":{"name":"_callee5","decl":{"start":{"line":206,"column":39},"end":{"line":206,"column":47}},"loc":{"start":{"line":206,"column":58},"end":{"line":242,"co
[...]
49,"column":7}},"line":134},"27":{"name":"_callee4$","decl":{"start":{"line":135,"column":48},"end":{"line":135,"column":57}},"loc":{"start":{"line":135,"column":69},"end":{"line":148,"column":9}},"line":135},"28":{"name":"(anonymous_28)","decl":{"start":{"line":139,"column":68},"end":{"line":139,"column":69}},"loc":{"start":{"line":139,"column":85},"end":{"line":141,"column":17}},"line":139},"29":{"name":"findEntryById","decl":{"start":{"line":151,"column":15},"end":{"line":151,"column":28}},"loc":{"start":{"line":151,"column":34},"end":{"line":153,"column":7}},"line":151},"30":{"name":"(anonymous_30)","decl":{"start":{"line":159,"column":11},"end":{"line":159,"column":12}},"loc":{"start":{"line":159,"column":23},"end":{"line":190,"column":5}},"line":159},"31":{"name":"_callee5","decl":{"start":{"line":162,"column":39},"end":{"line":162,"column":47}},"loc":{"start":{"line":162,"column":52},"end":{"line":183,"column":7}},"line":162},"32":{"name":"_callee5$","decl":{"start":{"line":164,"column":48},"end":{"line":164,"column":57}},"loc":{"start":{"line":164,"column":69},"end":{"line":182,"column":9}},"line":164},"33":{"name":"(anonymous_33)","decl":{"start":{"line":169,"column":37},"end":{"line":169,"column":38}},"loc":{"start":{"line":169,"column":56},"end":{"line":173,"column":17}},"line":169},"34":{"name":"removeEntry","decl":{"start":{"line":185,"column":15},"end":{"line":185,"column":26}},"loc":{"start":{"line":185,"column":32},"end":{"line":187,"column":7}},"line":185},"35":{"name":"(anonymous_35)","decl":{"start":{"line":193,"column":11},"end":{"line":193,"column":12}},"loc":{"start":{"line":193,"column":23},"end":{"line":245,"column":5}},"line":193},"36":{"name":"_callee6","decl":{"start":{"line":196,"column":39},"end":{"line":196,"column":47}},"loc":{"start":{"line":196,"column":59},"end":{"line":238,"column":7}},"line":196},"37":{"name":"_callee6$","decl":{"start":{"line":198,"column":48},"end":{"line":198,"column":57}},"loc":{"start":{"line":198,"column":69},"end":{"line":237,"column":9}},"line":198},"38":{"name":"getEntryPosition","decl":{"start":{"line":240,"column":15},"end":{"line":240,"column":31}},"loc":{"start":{"line":240,"column":42},"end":{"line":242,"column":7}},"line":240},"39":{"name":"(anonymous_39)","decl":{"start":{"line":248,"column":11},"end":{"line":248,"column":12}},"loc":{"start":{"line":248,"column":23},"end":{"line":274,"column":5}},"line":248},"40":{"name":"_callee7","decl":{"start":{"line":251,"column":39},"end":{"line":251,"column":47}},"loc":{"start":{"line":251,"column":67},"end":{"line":267,"column":7}},"line":251},"41":{"name":"_callee7$","decl":{"start":{"line":253,"column":48},"end":{"line":253,"column":57}},"loc":{"start":{"line":253,"column":69},"end":{"line":266,"column":9}},"line":253},"42":{"name":"updateEntry","decl":{"start":{"line":269,"column":15},"end":{"line":269,"column":26}},"loc":{"start":{"line":269,"column":43},"end":{"line":271,"column":7}},"line":269}},"branchMap":{"0":{"loc":{"start":{"line":10,"column":176},"end":{"line":10,"column":263}},"type":"if","locations":[{"start":{"line":10,"column":176},"end":{"line":10,"column":263}},{"start":{"line":10,"column":176},"end":{"line":10,"column":263}}],"line":10},"1":{"loc":{"start":{"line":14,"column":50},"end":{"line":14,"column":151}},"type":"if","locations":[{"start":{"line":14,"column":50},"end":{"line":14,"column":151}},{"start":{"line":14,"column":50},"end":{"line":14,"column":151}}],"line":14},"2":{"loc":{"start":{"line":16,"column":136},"end":{"line":16,"column":166}},"type":"binary-expr","locations":[{"start":{"line":16,"column":136},"end":{"line":16,"column":157}},{"start":{"line":16,"column":161},"end":{"line":16,"column":166}}],"line":16},"3":{"loc":{"start":{"line":16,"column":200},"end":{"line":16,"column":254}},"type":"if","locations":[{"start":{"line":16,"column":200},"end":{"line":16,"column":254}},{"start":{"line":16,"column":200},"end":{"line":16,"column":254}}],"line":16},"4":{"loc":{"start":{"line":18,"column":62},"end":{"line":18,"column":131}},"type":"if","locations":[{"start":{"line":18,"column":62},"end":{"line":18,"column":131}},{"start":{"line":18,"column":62},"end":{"line":18,"column":131}}],"line":18},"5":{"loc":{"start":{"line":18,"column":132},"end":{"line":18,"column":193}},"type":"if","locations":[{"start":{"line":18,"column":132},"end":{"line":18,"column":193}},{"start":{"line":18,"column":132},"end":{"line":18,"column":193}}],"line":18},"6":{"loc":{"start":{"line":54,"column":12},"end":{"line":62,"column":13}},"type":"switch","locations":[{"start":{"line":55,"column":14},"end":{"line":57,"column":56}},{"start":{"line":59,"column":14},"end":{"line":59,"column":21}},{"start":{"line":60,"column":14},"end":{"line":61,"column":39}}],"line":54},"7":{"loc":{"start":{"line":81,"column":12},"end":{"line":90,"column":13}},"type":"switch","locations":[{"start":{"line":82,"column":14},"end":{"line":85,"column":20}},{"start":{"line":87,"column":14},"end":{"line":87,"column":21}},{"start":{"line":88,"column":14},"end":{"line":89,"column":40}}],"line":81},"8":{"loc":{"start":{"line":109,"column":12},"end":{"line":118,"column":13}},"type":"switch","locations":[{"start":{"line":110,"column":14},"end":{"line":113,"column":20}},{"start":{"line":115,"column":14},"end":{"line":115,"column":21}},{"start":{"line":116,"column":14},"end":{"line":117,"column":40}}],"line":109},"9":{"loc":{"start":{"line":137,"column":12},"end":{"line":146,"column":13}},"type":"switch","locations":[{"start":{"line":138,"column":14},"end":{"line":141,"column":20}},{"start":{"line":143,"column":14},"end":{"line":143,"column":21}},{"start":{"line":144,"column":14},"end":{"line":145,"column":40}}],"line":137},"10":{"loc":{"start":{"line":166,"column":12},"end":{"line":180,"column":13}},"type":"switch","locations":[{"start":{"line":167,"column":14},"end":{"line":175,"column":62}},{"start":{"line":177,"column":14},"end":{"line":177,"column":21}},{"start":{"line":178,"column":14},"end":{"line":179,"column":40}}],"line":166},"11":{"loc":{"start":{"line":170,"column":18},"end":{"line":172,"column":19}},"type":"if","locations":[{"start":{"line":170,"column":18},"end":{"line":172,"column":19}},{"start":{"line":170,"column":18},"end":{"line":172,"column":19}}],"line":170},"12":{"loc":{"start":{"line":200,"column":12},"end":{"line":235,"column":13}},"type":"switch","locations":[{"start":{"line":201,"column":14},"end":{"line":204,"column":46}},{"start":{"line":206,"column":14},"end":{"line":208,"column":22}},{"start":{"line":210,"column":14},"end":{"line":222,"column":53}},{"start":{"line":224,"column":14},"end":{"line":227,"column":22}},{"start":{"line":229,"column":14},"end":{"line":230,"column":61}},{"start":{"line":232,"column":14},"end":{"line":232,"column":22}},{"start":{"line":233,"column":14},"end":{"line":234,"column":40}}],"line":200},"13":{"loc":{"start":{"line":211,"column":16},"end":{"line":214,"column":17}},"type":"if","locations":[{"start":{"line":211,"column":16},"end":{"line":214,"column":17}},{"start":{"line":211,"column":16},"end":{"line":214,"column":17}}],"line":211},"14":{"loc":{"start":{"line":216,"column":16},"end":{"line":219,"column":17}},"type":"if","locations":[{"start":{"line":216,"column":16},"end":{"line":219,"column":17}},{"start":{"line":216,"column":16},"end":{"line":219,"column":17}}],"line":216},"15":{"loc":{"start":{"line":255,"column":12},"end":{"line":264,"column":13}},"type":"switch","locations":[{"start":{"line":256,"column":14},"end":{"line":259,"column":88}},{"start":{"line":261,"column":14},"end":{"line":261,"column":21}},{"start":{"line":262,"column":14},"end":{"line":263,"column":40}}],"line":255}},"s":{"0":1,"1":1,"2":1,"3":0,"4":0,"5":0,"6":0,"7":0,"8":0,"9":0,"10":0,"11":7,"12":0,"13":0,"14":0,"15":0,"16":0,"17":0,"18":0,"19":1,"20":0,"21":1,"22":1,"23":7,"24":7,"25":7,"26":7,"27":7,"28":7,"29":1,"30":1,"31":1,"32":0,"33":1,"34":1,"35":1,"36":1,"37":1,"38":1,"39":0,"40":0,"41":0,"42":0,"43":0,"44":0,"45":0,"46":1,"47":1,"48":0,"49":0,"50":0,"51":0,"52":0,"53":0,"54":0,"55":1,"56":1,"57":0,"58":0,"59":0,"60":0,"61":0,"62":0,"63":0,"64":1,"65":1,"66":0,"67":0,"68":0,"69":0,"70":0,"71":0,"72":0,"73":1,"74":1,"75":0,"76":0,"77":0,"78":0,"79":0,"80":0,"81":0,"82":0,"83":0,"84":0,"85":0,"86":1,"87":1,"88":0,"89":0,"90":0,"91":0,"92":0,"93":0,"94":0,"95":0,"96":0,"97":0,"98":0,"99":0,"100":0,"101":0,"102":0,"103":0,"104":0,"105":0,"106":0,"107":0,"108":0,"109":0,"110":1,"111":1,"112":0,"113":0,"114":0,"115":0,"116":0,"117":0,"118":0,"119":0,"120":1,"121":1,"122":1,"123":1},"f":{"0":0,"1":7,"2":0,"3":0,"4":0,"5":0,"6":1,"7":1,"8":1,"9":1,"10":1,"11":1,"12":0,"13":0,"14":0,"15":1,"16":0,"17":0,"18":0,"19":0,"20":1,"21":0,"22":0,"23":0,"24":0,"25":1,"26":0,"27":0,"28":0,"29":0,"30":1,"31":0,"32":0,"33":0,"34":0,"35":1,"36":0,"37":0,"38":0,"39":1,"40":0,"41":0,"42":0},"b":{"0":[0,0],"1":[0,1],"2":[7,7],"3":[7,0],"4":[1,0],"5":[0,1],"6":[0,0,0],"7":[0,0,0],"8":[0,0,0],"9":[0,0,0],"10":[0,0,0],"11":[0,0],"12":[0,0,0,0,0,0,0],"13":[0,0],"14":[0,0],"15":[0,0,0]},"_coverageSchema":"43e27e138ebf9cfc5966b082cf9a028302ed4184","hash":"015315edbee28f62e9421dea8c577609a0305c74","contentHash":"44768d187fe3af0730a606e3fd3afacc9c09fdb03aa40d092268a1a4e94d41a8"},"G:\\new project\\Bootc pro\\Githubp6\\MyDiaryP6\\Server\\middleware\\Entry.js":{"path":"G:\\new project\\Bootc pro\\Githubp6\\MyDiaryP6\\Server\\middleware\\Entry.js","statementMap":{"0":{"start":{"line":3,"column":0},"end":{"line":5,"column":3}},"1":{"start":{"line":6,"column":0},"end":{"line":6,"column":28}},"2":{"start":{"line":8,"column":13},"end":{"line":8,"column":63}},"3":{"start":{"line":10,"column":39},"end":{"line":10,"column":95}},"4":{"start":{"line":12,"column":77},"end":{"line":12,"column":175}},"5":{"start":{"line":12,"column":94},"end":{"line":12,"column":107}},"6":{"start":{"line":12,"column":121},"end":{"line":12,"column":131}},"7":{"start":{"line":12,"column":151},"end":{"line":12,"column":165}},"8":{"start":{"line":12,"column":166},"end":{"line":12,"column":173}},"9":{"start":{"line":12,"column":176},"end":{"line":12,"column":263}},"10":{"start":{"line":12,"column":193},"end":{"line":12,"column":208}},"11":{"start":{"line":12,"column":218},"end":{"line":12,"column":261}},"12":{"start":{"line":14,"column":33},"end":{"line":14,"column":387}},"13":{"start":{"line":14,"column":65},"end":{"line":14,"column":69}},"14":{"start":{"line":14,"column":78},"end":{"line":14,"column":87}},"15":{"start":{"line":14,"column":89},"end":{"line":14,"column":384}},"16":{"start":{"line":14,"column":147},"end":{"line":14,"column":167}},"17":{"start":{"line":14,"column":193},"end":{"line":14,"column":264}},"18":{"start":{"line":14,"column":290},"end":{"line":14,"column":360}},"19":{"start":{"line":14,"column":363},"end":{"line":14,"column":380}},"20":{"start":{"line":16,"column":50},"end":{"line":16,"column":151}},"21":{"start":{"line":16,"column":92},"end":{"line":16,"column":149}},"22":{"start":{"line":18,"column":44},"end":{"line":18,"column":315}},"23":{"start":{"line":18,"column":57},"end":{"line":18,"column":58}},"24":{"start":{"line":18,"column":102},"end":{"line":18,"column":110}},"25":{"start":{"line":18,"column":112},"end":{"line":18,"column":167}},"26":{"start":{"line":18,"column":168},"end":{"line":18,"column":199}},"27":{"start":{"line":18,"column":200},"end":{"line":18,"column":254}},"28":{"start":{"line":18,"column":227},"end":{"line":18,"column":254}},"29":{"start":{"line":18,"column":255},"end":{"line":18,"column":313}},"30":{"start":{"line":20,"column":62},"end":{"line":20,"column":131}},"31":{"start":{"line":20,"column":78},"end":{"line":20,"column":131}},"32":{"start":{"line":20,"column":132},"end":{"line":20,"column":193}},"33":{"start":{"line":20,"column":149},"end":{"line":20,"column":193}},"34":{"start":{"line":20,"column":194},"end":{"line":20,"column":213}},"35":{"start":{"line":24,"column":0},"end":{"line":85,"column":3}},"36":{"start":{"line":26,"column":4},"end":{"line":26,"column":33}},"37":{"start":{"line":29,"column":2},"end":{"line":82,"column":6}},"38":{"start":{"line":32,"column":25},"end":{"line":74,"column":9}},"39":{"start":{"line":36,"column":8},"end":{"line":73,"column":20}},"40":{"start":{"line":37,"column":10},"end":{"line":72,"column":11}},"41":{"start":{"line":38,"column":12},"end":{"line":71,"column":13}},"42":{"start":{"line":40,"column":16},"end":{"line":40,"column":35}},"43":{"start":{"line":41,"column":16},"end":{"line":41,"column":39}},"44":{"start":{"line":42,"column":16},"end":{"line":42,"column":34}},"45":{"start":{"line":43,"column":16},"end":{"line":43,"column":59}},"46":{"start":{"line":46,"column":16},"end":{"line":46,"column":38}},"47":{"start":{"line":48,"column":16},"end":{"line":55,"column":17}},"48":{"start":{"line":49,"column":18},"end":{"line":54,"column":21}},"49":{"start":{"line":57,"column":16},"end":{"line":64,"column":17}},"50":{"start":{"line":58,"column":18},"end":{"line":63,"column":21}},"51":{"start":{"line":66,"column":16},"end":{"line":66,"column":23}},"52":{"start":{"line":70,"column":16},"end":{"line":70,"column":39}},"53":{"start":{"line":77,"column":8},"end":{"line":77,"column":51}},"54":{"start":{"line":80,"column":6},"end":{"line":80,"column":25}},"55":{"start":{"line":84,"column":2},"end":{"line":84,"column":15}},"56":{"start":{"line":87,"column":15},"end":{"line":87,"column":20}},"57":{"start":{"line":88,"column":0},"end":{"line":88,"column":30}}},"fnMap":{"0":{"name":"_interopRequireDefault","decl":{"start":{"line":10,"column":9},"end":{"line":10,"column":31}},"loc":{"start":{"line":10,"column":37},"end":{"line":10,"column":97}},"line":10},"1":{"name":"asyncGeneratorStep","decl":{"start":{"line":12,"column":9},"end":{"line":12,"column":27}},"loc":{"start":{"line":12,"column":75},"end":{"line":12,"column":265}},"line":12},"2":{"name":"_asyncToGenerator","decl":{"start":{"line":14,"column":9},"end":{"line":14,"column":26}},"loc":{"start":{"line":14,"column":31},"end":{"line":14,"column":389}},"line":14},"3":{"name":"(anonymous_3)","decl":{"start":{"line":14,"column":40},"end":{"line":14,"column":41}},"loc":{"start":{"line":14,"column":52},"end":{"line":14,"column":386}},"line":14},"4":{"name":"(anonymous_4)","decl":{"start":{"line":14,"column":108},"end":{"line":14,"column":109}},"loc":{"start":{"line":14,"column":135},"end":{"line":14,"column":382}},"line":14},"5":{"name":"_next","decl":{"start":{"line":14,"column":178},"end":{"line":14,"column":183}},"loc":{"start":{"line":14,"column":191},"end":{"line":14,"column":266}},"line":14},"6":{"name":"_throw","decl":{"start":{"line":14,"column":276},"end":{"line":14,"column":282}},"loc":{"start":{"line":14,"column":288},"end":{"line":14,"column":362}},"line":14},"7":{"name":"_classCallCheck","decl":{"start":{"line":16,"column":9},"end":{"line":16,"column":24}},"loc":{"start":{"line":16,"column":48},"end":{"line":16,"column":153}},"line":16},"8":{"name":"_defineProperties","decl":{"start":{"line":18,"column":9},"end":{"line":18,"column":26}},"loc":{"start":{"line":18,"column":42},"end":{"line":18,"column":317}},"line":18},"9":{"name":"_createClass","decl":{"start":{"line":20,"column":9},"end":{"line":20,"column":21}},"loc":{"start":{"line":20,"column":60},"end":{"line":20,"column":215}},"line":20},"10":{"name":"(anonymous_10)","decl":{"start":{"line":24,"column":0},"end":{"line":24,"column":1}},"loc":{"start":{"line":24,"column":12},"end":{"line":85,"column":1}},"line":24},"11":{"name":"Entry","decl":{"start":{"line":25,"column":11},"end":{"line":25,"column":16}},"loc":{"start":{"line":25,"column":19},"end":{"line":27,"column":3}},"line":25},"12":{"name":"(anonymous_12)","decl":{"start":{"line":31,"column":11},"end":{"line":31,"column":12}},"loc":{"start":{"line":31,"column":23},"end":{"line":81,"column":5}},"line":31},"13":{"name":"_callee","decl":{"start":{"line":34,"column":39},"end":{"line":34,"column":46}},"loc":{"start":{"line":34,"column":63},"end":{"line":74,"column":7}},"line":34},"14":{"name":"_callee$","decl":{"start":{"line":36,"column":48},"end":{"line":36,"column":56}},"loc":{"start":{"line":36,"column":67},"end":{"line":73,"column":9}},"line":36},"15":{"name":"entryExists","decl":{"start":{"line":76,"column":15},"end":{"line":76,"column":26}},"loc":{"start":{"line":76,"column":41},"end":{"line":78,"column":7}},"line":76}},"branchMap":{"0":{"loc":{"start":{"line":10,"column":46},"end":{"line":10,"column":94}},"type":"cond-expr","locations":[{"start":{"line":10,"column":70},"end":{"line":10,"column":73}},{"start":{"line":10,"column":76},"end":{"line":10,"column":94}}],"line":10},"1":{"loc":{"start":{"line":10,"column":46},"end":{"line":10,"column":67}},"type":"binary-expr","locations":[{"start":{"line":10,"column":46},"end":{"line":10,"column":49}},{"start":{"line":10,"column":53},"end":{"line":10,"column":67}}],"line":10},"2":{"loc":{"start":{"line":12,"column":176},"end":{"line":12,"column":263}},"type":"if","locations":[{"start":{"line":12,"column":176},"end":{"line":12,"column":263}},{"start":{"line":12,"column":176},"end":{"line":12,"column":263}}],"line":12},"3":{"loc":{"start":{"line":16,"column":50},"end":{"line":16,"column":151}},"type":"if","locations":[{"start":{"line":16,"column":50},"end":{"line":16,"column":151}},{"start":{"line":16,"column":50},"end":{"line":16,"column":151}}],"line":16},"4":{"loc":{"start":{"line":18,"column":136},"end":{"line":18,"column":166}},"type":"binary-expr","locations":[{"start":{"line":18,"column":136},"end":{"line":18,"column":157}},{"start":{"line":18,"column":161},"end":{"line":18,"column":166}}],"line":18},"5":{"loc":{"start":{"line":18,"column":200},"end":{"line":18,"column":254}},"type":"if","locations":[{"start":{"line":18,"column":200},"end":{"line":18,"column":254}},{"start":{"line":18,"column":200},"end":{"line":18,"column":254}}],"line":18},"6":{"loc":{"start":{"line":20,"column":62},"end":{"line":20,"column":131}},"type":"if","locations":[{"start":{"line":20,"column":62},"end":{"line":20,"column":131}},{"start":{"line":20,"column":62},"end":{"line":20,"column":131}}],"line":20},"7":{"loc":{"start":{"line":20,"column":132},"end":{"line":20,"column":193}},"type":"if","locations":[{"start":{"line":20,"column":132},"end":{"line":20,"column":193}},{"start":{"line":20,"column":132},"end":{"line":20,"column":193}}],"line":20},"8":{"loc":{"start":{"line":38,"column":12},"end":{"line":71,"column":13}},"type":"switch","locations":[{"start":{"line":39,"column":14},"end":{"line":43,"column":59}},{"start":{"line":45,"column":14},"end":{"line":66,"column":23}},{"start":{"line":68,"column":14},"end":{"line":68,"column":21}},{"start":{"line":69,"column":14},"end":{"line":70,"column":39}}],"line":38},"9":{"loc":{"start":{"line":48,"column":16},"end":{"line":55,"column":17}},"type":"if","locations":[{"start":{"line":48,"column":16},"end":{"line":55,"column":17}},{"start":{"line":48,"column":16},"end":{"line":55,"column":17}}],"line":48},"10":{"loc":{"start":{"line":57,"column":16},"end":{"line":64,"column":17}},"type":"if","locations":[{"start":{"line":57,"column":16},"end":{"line":64,"column":17}},{"start":{"line":57,"column":16},"end":{"line":64,"column":17}}],"line":57}},"s":{"0":1,"1":1,"2":1,"3":1,"4":0,"5":0,"6":0,"7":0,"8":0,"9":0,"10":0,"11":0,"12":1,"13":0,"14":0,"15":0,"16":0,"17":0,"18":0,"19":0,"20":0,"21":0,"22":1,"23":1,"24":1,"25":1,"26":1,"27":1,"28":1,"29":1,"30":1,"31":0,"32":1,"33":1,"34":1,"35":1,"36":0,"37":1,"38":1,"39":0,"40":0,"41":0,"42":0,"43":0,"44":0,"45":0,"46":0,"47":0,"48":0,"49":0,"50":0,"51":0,"52":0,"53":0,"54":1,"55":1,"56":1,"57":1},"f":{"0":1,"1":0,"2":1,"3":0,"4":0,"5":0,"6":0,"7":0,"8":1,"9":1,"10":1,"11":0,"12":1,"13":0,"14":0,"15":0},"b":{"0":[1,0],"1":[1,1],"2":[0,0],"3":[0,0],"4":[1,1],"5":[1,0],"6":[0,1],"7":[1,0],"8":[0,0,0,0],"9":[0,0],"10":[0,0]},"_coverageSchema":"43e27e138ebf9cfc5966b082cf9a028302ed4184","hash":"1ba5f8e883abb5c4f3b0de3e4e94a0f53835dd43","contentHash":"c3036cc4060e5fbfe373938161de392f55daf53cc58fec690b3d93a6aa65f11d"}}