{"G:\\new project\\Bootc pro\\Githubp6\\MyDiaryP6\\Server\\server.js":{"path":"G:\\new project\\Bootc pro\\Githubp6\\MyDiaryP6\\Server\\server.js","statementMap":{"0":{"start":{"line":3,"column":0},"end":{"line":5,"column":3}},"1":{"start":{"line":6,"column":0},"end":{"line":6,"column":28}},"2":{"start":{"line":8,"column":15},"end":{"line":8,"column":57}},"3":{"start":{"line":10,"column":12},"end":{"line":10,"column":60}},"4":{"start":{"line":12,"column":13},"end":{"line":12,"column":62}},"5":{"start":{"line":14,"column":18},"end":{"line":14,"column":64}},"6":{"start":{"line":16,"column":10},"end":{"line":16,"column":39}},"7":{"start":{"line":18,"column":39},"end":{"line":18,"column":95}},"8":{"start":{"line":20,"column":11},"end":{"line":20,"column":16}},"9":{"start":{"line":21,"column":10},"end":{"line":21,"column":36}},"10":{"start":{"line":22,"column":0},"end":{"line":22,"column":24}},"11":{"start":{"line":23,"column":0},"end":{"line":23,"column":39}},"12":{"start":{"line":24,"column":0},"end":{"line":26,"column":4}},"13":{"start":{"line":27,"column":0},"end":{"line":27,"column":31}},"14":{"start":{"line":28,"column":0},"end":{"line":28,"column":32}},"15":{"start":{"line":30,"column":13},"end":{"line":33,"column":1}},"16":{"start":{"line":31,"column":13},"end":{"line":31,"column":83}},"17":{"start":{"line":32,"column":2},"end":{"line":32,"column":50}},"18":{"start":{"line":35,"column":0},"end":{"line":35,"column":9}},"19":{"start":{"line":36,"column":15},"end":{"line":36,"column":21}},"20":{"start":{"line":37,"column":0},"end":{"line":37,"column":30}}},"fnMap":{"0":{"name":"_interopRequireDefault","decl":{"start":{"line":18,"column":9},"end":{"line":18,"column":31}},"loc":{"start":{"line":18,"column":37},"end":{"line":18,"column":97}},"line":18},"1":{"name":"server","decl":{"start":{"line":30,"column":22},"end":{"line":30,"column":28}},"loc":{"start":{"line":30,"column":31},"end":{"line":33,"column":1}},"line":30},"2":{"name":"(anonymous_2)","decl":{"start":{"line":32,"column":34},"end":{"line":32,"column":35}},"loc":{"start":{"line":32,"column":46},"end":{"line":32,"column":48}},"line":32}},"branchMap":{"0":{"loc":{"start":{"line":18,"column":46},"end":{"line":18,"column":94}},"type":"cond-expr","locations":[{"start":{"line":18,"column":70},"end":{"line":18,"column":73}},{"start":{"line":18,"column":76},"end":{"line":18,"column":94}}],"line":18},"1":{"loc":{"start":{"line":18,"column":46},"end":{"line":18,"column":67}},"type":"binary-expr","locations":[{"start":{"line":18,"column":46},"end":{"line":18,"column":49}},{"start":{"line":18,"column":53},"end":{"line":18,"column":67}}],"line":18},"2":{"loc":{"start":{"line":31,"column":13},"end":{"line":31,"column":83}},"type":"cond-expr","locations":[{"start":{"line":31,"column":66},"end":{"line":31,"column":78}},{"start":{"line":31,"column":81},"end":{"line":31,"column":83}}],"line":31},"3":{"loc":{"start":{"line":31,"column":13},"end":{"line":31,"column":63}},"type":"binary-expr","locations":[{"start":{"line":31,"column":13},"end":{"line":31,"column":33}},{"start":{"line":31,"column":37},"end":{"line":31,"column":63}}],"line":31},"4":{"loc":{"start":{"line":32,"column":20},"end":{"line":32,"column":32}},"type":"binary-expr","locations":[{"start":{"line":32,"column":20},"end":{"line":32,"column":24}},{"start":{"line":32,"column":28},"end":{"line":32,"column":32}}],"line":32}},"s":{"0":1,"1":1,"2":1,"3":1,"4":1,"5":1,"6":1,"7":4,"8":1,"9":1,"10":1,"11":1,"12":1,"13":1,"14":1,"15":1,"16":3,"17":3,"18":1,"19":1,"20":1},"f":{"0":4,"1":3,"2":3},"b":{"0":[2,2],"1":[4,4],"2":[2,1],"3":[3,2],"4":[3,1]},"_coverageSchema":"43e27e138ebf9cfc5966b082cf9a028302ed4184","hash":"e2ecbfdb0459a694ce98fd5e9a874d3f9034c157","contentHash":"050ddce38fb894c525d0c7967518a598a88486722b402ffd5007abd79f4b0ac1"},"G:\\new project\\Bootc pro\\Githubp6\\MyDiaryP6\\Server\\routes\\User.js":{"path":"G:\\new project\\Bootc pro\\Githubp6\\MyDiaryP6\\Server\\routes\\User.js","statementMap":{"0":{"start":{"line":3,"column":0},"end":{"line":5,"column":3}},"1":{"start":{"line":6,"column":0},"end":{"line":6,"column":28}},"2":{"start":{"line":8,"column":15},"end":{"line":8,"column":57}},"3":{"start":{"line":10,"column":12},"end":{"line":10,"column":65}},"4":{"start":{"line":12,"column":13},"end":{"line":12,"column":66}},"5":{"start":{"line":14,"column":13},"end":{"line":14,"column":67}},"6":{"start":{"line":16,"column":39},"end":{"line":16,"column":95}},"7":{"start":{"line":18,"column":13},"end":{"line":18,"column":41}},"8":{"start":{"line":20,"column":0},"end":{"line":20,"column":128}},"9":{"start":{"line":21,"column":0},"end":{"line":21,"column":120}},"10":{"start":{"line":22,"column":15},"end":{"line":22,"column":21}},"11":{"start":{"line":23,"column":0},"end":{"line":23,"column":30}}},"fnMap":{"0":{"name":"_interopRequireDefault","decl":{"start":{"line":16,"column":9},"end":{"line":16,"column":31}},"loc":{"start":{"line":16,"column":37},"end":{"line":16,"column":97}},"line":16}},"branchMap":{"0":{"loc":{"start":{"line":16,"column":46},"end":{"line":16,"column":94}},"type":"cond-expr","locations":[{"start":{"line":16,"column":70},"end":{"line":16,"column":73}},{"start":{"line":16,"column":76},"end":{"line":16,"column":94}}],"line":16},"1":{"loc":{"start":{"line":16,"column":46},"end":{"line":16,"column":67}},"type":"binary-expr","locations":[{"start":{"line":16,"column":46},"end":{"line":16,"column":49}},{"start":{"line":16,"column":53},"end":{"line":16,"column":67}}],"line":16}},"s":{"0":1,"1":1,"2":1,"3":1,"4":1,"5":1,"6":4,"7":1,"8":1,"9":1,"10":1,"11":1},"f":{"0":4},"b":{"0":[3,1],"1":[4,4]},"_coverageSchema":"43e27e138ebf9cfc5966b082cf9a028302ed4184","hash":"4728d62e276a180658321c07d1d9da4c5402bfae","contentHash":"f4311f3591893d73672ac27c939aab5621b17476dc1b2ccc88a145d8e7443a8e"},"G:\\new project\\Bootc pro\\Githubp6\\MyDiaryP6\\Server\\controlers\\User.js":{"path":"G:\\new project\\Bootc pro\\Githubp6\\MyDiaryP6\\Server\\controlers\\User.js","statementMap":{"0":{"start":{"line":3,"column":0},"end":{"line":5,"column":3}},"1":{"start":{"line":6,"column":0},"end":{"line":6,"column":28}},"2":{"start":{"line":8,"column":14},"end":{"line":8,"column":55}},"3":{"start":{"line":10,"column":9},"end":{"line":10,"column":51}},"4":{"start":{"line":12,"column":12},"end":{"line":12,"column":61}},"5":{"start":{"line":14,"column":17},"end":{"line":14,"column":75}},"6":{"start":{"line":16,"column":16},"end":{"line":16,"column":70}},"7":{"start":{"line":18,"column":14},"end":{"line":18,"column":55}},"8":{"start":{"line":20,"column":39},"end":{"line":20,"column":95}},"9":{"start":{"line":22,"column":77},"end":{"line":22,"column":175}},"10":{"start":{"line":22,"column":94},"end":{"line":22,"column":107}},"11":{"start":{"line":22,"column":121},"end":{"line":22,"column":131}},"12":{"start":{"line":22,"column":151},"end":{"line":22,"column":165}},"13":{"start":{"line":22,"column":166},"end":{"line":22,"column":173}},"14":{"start":{"line":22,"column":176},"end":{"line":22,"column":263}},"15":{"start":{"line":22,"column":193},"end":{"line":22,"column":208}},"16":{"start":{"line":22,"column":218},"end":{"line":22,"column":261}},"17":{"start":{"line":24,"column":33},"end":{"line":24,"column":387}},"18":{"start":{"line":24,"column":65},"end":{"line":24,"column":69}},"19":{"start":{"line":24,"column":78},"end":{"line":24,"column":87}},"20":{"start":{"line":24,"column":89},"end":{"line":24,"column":384}},"21":{"start":{"line":24,"column":147},"end":{"line":24,"column":167}},"22":{"start":{"line":24,"column":193},"end":{"line":24,"column":264}},"23":{"start":{"line":24,"column":290},"end":{"line":24,"column":360}},"24":{"start":{"line":24,"column":363},"end":{"line":24,"column":380}},"25":{"start":{"line":26,"column":50},"end":{"line":26,"column":151}},"26":{"start":{"line":26,"column":92},"end":{"line":26,"column":149}},"27":{"start":{"line":28,"column":44},"end":{"line":28,"column":315}},"28":{"start":{"line":28,"column":57},"end":{"line":28,"column":58}},"29":{"start":{"line":28,"column":102},"end":{"line":28,"column":110}},"30":{"start":{"line":28,"column":112},"end":{"line":28,"column":167}},"31":{"start":{"line":28,"column":168},"end":{"line":28,"column":199}},"32":{"start":{"line":28,"column":200},"end":{"line":28,"column":254}},"33":{"start":{"line":28,"column":227},"end":{"line":28,"column":254}},"34":{"start":{"line":28,"column":255},"end":{"line":28,"column":313}},"35":{"start":{"line":30,"column":62},"end":{"line":30,"column":131}},"36":{"start":{"line":30,"column":78},"end":{"line":30,"column":131}},"37":{"start":{"line":30,"column":132},"end":{"line":30,"column":193}},"38":{"start":{"line":30,"column":149},"end":{"line":30,"column":193}},"39":{"start":{"line":30,"column":194},"end":{"line":30,"column":213}},"40":{"start":{"line":32,"column":0},"end":{"line":32,"column":28}},"41":{"start":{"line":36,"column":0},"end":{"line":128,"column":3}},"42":{"start":{"line":38,"column":4},"end":{"line":38,"column":32}},"43":{"start":{"line":41,"column":2},"end":{"line":125,"column":6}},"44":{"start":{"line":44,"column":24},"end":{"line":80,"column":9}},"45":{"start":{"line":47,"column":8},"end":{"line":79,"column":20}},"46":{"start":{"line":48,"column":10},"end":{"line":78,"column":11}},"47":{"start":{"line":49,"column":12},"end":{"line":77,"column":13}},"48":{"start":{"line":51,"column":16},"end":{"line":72,"column":19}},"49":{"start":{"line":52,"column":29},"end":{"line":59,"column":19}},"50":{"start":{"line":61,"column":33},"end":{"line":61,"column":63}},"51":{"start":{"line":63,"column":18},"end":{"line":71,"column":21}},"52":{"start":{"line":64,"column":20},"end":{"line":70,"column":23}},"53":{"start":{"line":76,"column":16},"end":{"line":76,"column":39}},"54":{"start":{"line":83,"column":8},"end":{"line":83,"column":50}},"55":{"start":{"line":86,"column":6},"end":{"line":86,"column":24}},"56":{"start":{"line":91,"column":19},"end":{"line":117,"column":9}},"57":{"start":{"line":94,"column":8},"end":{"line":116,"column":21}},"58":{"start":{"line":95,"column":10},"end":{"line":115,"column":11}},"59":{"start":{"line":96,"column":12},"end":{"line":114,"column":13}},"60":{"start":{"line":98,"column":16},"end":{"line":109,"column":19}},"61":{"start":{"line":99,"column":18},"end":{"line":108,"column":21}},"62":{"start":{"line":100,"column":20},"end":{"line":107,"column":23}},"63":{"start":{"line":101,"column":22},"end":{"line":106,"column":25}},"64":{"start":{"line":113,"column":16},"end":{"line":113,"column":40}},"65":{"start":{"line":120,"column":8},"end":{"line":120,"column":45}},"66":{"start":{"line":123,"column":6},"end":{"line":123,"column":19}},"67":{"start":{"line":127,"column":2},"end":{"line":127,"column":14}},"68":{"start":{"line":130,"column":15},"end":{"line":130,"column":19}},"69":{"start":{"line":131,"column":0},"end":{"line":131,"column":30}}},"fnMap":{"0":{"name":"_interopRequireDefault","decl":{"start":{"line":20,"column":9},"end":{"line":20,"column":31}},"loc":{"start":{"line":20,"column":37},"end":{"line":20,"column":97}},"line":20},"1":{"name":"asyncGeneratorStep","decl":{"start":{"line":22,"column":9},"end":{"line":22,"column":27}},"loc":{"start":{"line":22,"column":75},"end":{"line":22,"column":265}},"line":22},"2":{"name":"_asyncToGenerator","decl":{"start":{"line":24,"column":9},"end":{"line":24,"column":26}},"loc":{"start":{"line":24,"column":31},"end":{"line":24,"column":389}},"line":24},"3":{"name":"(anonymous_3)","decl":{"start":{"line":24,"column":40},"end":{"line":24,"column":41}},"loc":{"start":{"line":24,"column":52},"end":{"line":24,"column":386}},"line":24},"4":{"name":"(anonymous_4)","decl":{"start":{"line":24,"column":108},"end":{"line":24,"column":109}},"loc":{"start":{"line":24,"column":135},"end":{"line":24,"column":382}},"line":24},"5":{"name":"_next","decl":{"start":{"line":24,"column":178},"end":{"line":24,"column":183}},"loc":{"start":{"line":24,"column":191},"end":{"line":24,"column":266}},"line":24},"6":{"name":"_throw","decl":{"start":{"line":24,"column":276},"end":{"line":24,"column":282}},"loc":{"start":{"line":24,"column":288},"end":{"line":24,"column":362}},"line":24},"7":{"name":"_classCallCheck","decl":{"start":{"line":26,"column":9},"end":{"line":26,"column":24}},"loc":{"start":{"line":26,"column":48},"end":{"line":26,"column":153}},"line":26},"8":{"name":"_defineProperties","decl":{"start":{"line":28,"column":9},"end":{"line":28,"column":26}},"loc":{"start":{"line":28,"column":42},"end":{"line":28,"column":317}},"line":28},"9":{"name":"_createClass","decl":{"start":{"line":30,"column":9},"end":{"line":30,"column":21}},"loc":{"start":{"line":30,"column":60},"end":{"line":30,"column":215}},"line":30},"10":{"name":"(anonymous_10)","decl":{"start":{"line":36,"column":0},"end":{"line":36,"column":1}},"loc":{"start":{"line":36,"column":12},"end":{"line":128,"column":1}},"line":36},"11":{"name":"User","decl":{"start":{"line":37,"column":11},"end":{"line":37,"column":15}},"loc":{"start":{"line":37,"column":18},"end":{"line":39,"column":3}},"line":37},"12":{"name":"(anonymous_12)","decl":{"start":{"line":43,"column":11},"end":{"line":43,"column":12}},"loc":{"start":{"line":43,"column":23},"end":{"line":87,"column":5}},"line":43},"13":{"name":"_callee","decl":{"start":{"line":46,"column":39},"end":{"line":46,"column":46}},"loc":{"start":{"line":46,"column":57},"end":{"line":80,"column":7}},"line":46},"14":{"name":"_callee$","decl":{"start":{"line":47,"column":48},"end":{"line":47,"column":56}},"loc":{"start":{"line":47,"column":67},"end":{"line":79,"column":9}},"line":47},"15":{"name":"(anonymous_15)","decl":{"start":{"line":51,"column":74},"end":{"line":51,"column":75}},"loc":{"start":{"line":51,"column":89},"end":{"line":72,"column":17}},"line":51},"16":{"name":"(anonymous_16)","decl":{"start":{"line":63,"column":65},"end":{"line":63,"column":66}},"loc":{"start":{"line":63,"column":82},"end":{"line":71,"column":19}},"line":63},"17":{"name":"createUser","decl":{"start":{"line":82,"column":15},"end":{"line":82,"column":25}},"loc":{"start":{"line":82,"column":35},"end":{"line":84,"column":7}},"line":82},"18":{"name":"(anonymous_18)","decl":{"start":{"line":90,"column":11},"end":{"line":90,"column":12}},"loc":{"start":{"line":90,"column":23},"end":{"line":124,"column":5}},"line":90},"19":{"name":"_callee2","decl":{"start":{"line":93,"column":39},"end":{"line":93,"column":47}},"loc":{"start":{"line":93,"column":58},"end":{"line":117,"column":7}},"line":93},"20":{"name":"_callee2$","decl":{"start":{"line":94,"column":48},"end":{"line":94,"column":57}},"loc":{"start":{"line":94,"column":69},"end":{"line":116,"column":9}},"line":94},"21":{"name":"(anonymous_21)","decl":{"start":{"line":98,"column":69},"end":{"line":98,"column":70}},"loc":{"start":{"line":98,"column":85},"end":{"line":109,"column":17}},"line":98},"22":{"name":"(anonymous_22)","decl":{"start":{"line":99,"column":99},"end":{"line":99,"column":100}},"loc":{"start":{"line":99,"column":117},"end":{"line":108,"column":19}},"line":99},"23":{"name":"(anonymous_23)","decl":{"start":{"line":100,"column":67},"end":{"line":100,"column":68}},"loc":{"start":{"line":100,"column":84},"end":{"line":107,"column":21}},"line":100},"24":{"name":"login","decl":{"start":{"line":119,"column":15},"end":{"line":119,"column":20}},"loc":{"start":{"line":119,"column":31},"end":{"line":121,"column":7}},"line":119}},"branchMap":{"0":{"loc":{"start":{"line":20,"column":46},"end":{"line":20,"column":94}},"type":"cond-expr","locations":[{"start":{"line":20,"column":70},"end":{"line":20,"column":73}},{"start":{"line":20,"column":76},"end":{"line":20,"column":94}}],"line":20},"1":{"loc":{"start":{"line":20,"column":46},"end":{"line":20,"column":67}},"type":"binary-expr","locations":[{"start":{"line":20,"column":46},"end":{"line":20,"column":49}},{"start":{"line":20,"column":53},"end":{"line":20,"column":67}}],"line":20},"2":{"loc":{"start":{"line":22,"column":176},"end":{"line":22,"column":263}},"type":"if","locations":[{"start":{"line":22,"column":176},"end":{"line":22,"column":263}},{"start":{"line":22,"column":176},"end":{"line":22,"column":263}}],"line":22},"3":{"loc":{"start":{"line":26,"column":50},"end":{"line":26,"column":151}},"type":"if","locations":[{"start":{"line":26,"column":50},"end":{"line":26,"column":151}},{"start":{"line":26,"column":50},"end":{"line":26,"column":151}}],"line":26},"4":{"loc":{"start":{"line":28,"column":136},"end":{"line":28,"column":166}},"type":"binary-expr","locations":[{"start":{"line":28,"column":136},"end":{"line":28,"column":157}},{"start":{"line":28,"column":161},"end":{"line":28,"column":166}}],"line":28},"5":{"loc":{"start":{"line":28,"column":200},"end":{"line":28,"column":254}},"type":"if","locations":[{"start":{"line":28,"column":200},"end":{"line":28,"column":254}},{"start":{"line":28,"column":200},"end":{"line":28,"column":254}}],"line":28},"6":{"loc":{"start":{"line":30,"column":62},"end":{"line":30,"column":131}},"type":"if","locations":[{"start":{"line":30,"column":62},"end":{"line":30,"column":131}},{"start":{"line":30,"column":62},"end":{"line":30,"column":131}}],"line":30},"7":{"loc":{"start":{"line":30,"column":132},"end":{"line":30,"column":193}},"type":"if","locations":[{"start":{"line":30,"column":132},"end":{"line":30,"column":193}},{"start":{"line":30,"column":132},"end":{"line":30,"column":193}}],"line":30},"8":{"loc":{"start":{"line":49,"column":12},"end":{"line":77,"column":13}},"type":"switch","locations":[{"start":{"line":50,"column":14},"end":{"line":72,"column":19}},{"start":{"line":74,"column":14},"end":{"line":74,"column":21}},{"start":{"line":75,"column":14},"end":{"line":76,"column":39}}],"line":49},"9":{"loc":{"start":{"line":96,"column":12},"end":{"line":114,"column":13}},"type":"switch","locations":[{"start":{"line":97,"column":14},"end":{"line":109,"column":19}},{"start":{"line":111,"column":14},"end":{"line":111,"column":21}},{"start":{"line":112,"column":14},"end":{"line":113,"column":40}}],"line":96}},"s":{"0":1,"1":1,"2":1,"3":1,"4":1,"5":1,"6":1,"7":1,"8":6,"9":3,"10":3,"11":3,"12":0,"13":0,"14":3,"15":3,"16":0,"17":2,"18":3,"19":3,"20":3,"21":3,"22":3,"23":0,"24":3,"25":0,"26":0,"27":1,"28":1,"29":2,"30":2,"31":2,"32":2,"33":2,"34":2,"35":1,"36":0,"37":1,"38":1,"39":1,"40":1,"41":1,"42":0,"43":1,"44":1,"45":1,"46":1,"47":1,"48":1,"49":1,"50":1,"51":1,"52":1,"53":1,"54":1,"55":1,"56":1,"57":2,"58":2,"59":2,"60":2,"61":2,"62":2,"63":2,"64":2,"65":2,"66":1,"67":1,"68":1,"69":1},"f":{"0":6,"1":3,"2":2,"3":3,"4":3,"5":3,"6":0,"7":0,"8":1,"9":1,"10":1,"11":0,"12":1,"13":1,"14":1,"15":1,"16":1,"17":1,"18":1,"19":2,"20":2,"21":2,"22":2,"23":2,"24":2},"b":{"0":[3,3],"1":[6,6],"2":[3,0],"3":[0,0],"4":[2,2],"5":[2,0],"6":[0,1],"7":[1,0],"8":[1,1,1],"9":[2,2,2]},"_coverageSchema":"43e27e138ebf9cfc5966b082cf9a028302ed4184","hash":"934f1b719dc6719bde4d06a02891ce4fabd58e55","contentHash":"8d03f2c4df24e595b54492430bc4ec48b46d823c32b8778e88c90b74c1edea9e"},"G:\\new project\\Bootc pro\\Githubp6\\MyDiaryP6\\Server\\models\\User.js":{"path":"G:\\new project\\Bootc pro\\Githubp6\\MyDiaryP6\\Server\\models\\User.js","statementMap":{"0":{"start":{"line":3,"column":0},"end":{"line":5,"column":3}},"1":{"start":{"line":6,"column":0},"end":{"line":6,"column":28}},"2":{"start":{"line":8,"column":13},"end":{"line":8,"column":43}},"3":{"start":{"line":10,"column":10},"end":{"line":10,"column":37}},"4":{"start":{"line":12,"column":77},"end":{"line":12,"column":175}},"5":{"start":{"line":12,"column":94},"end":{"line":12,"column":107}},"6":{"start":{"line":12,"column":121},"end":{"line":12,"column":131}},"7":{"start":{"line":12,"column":151},"end":{"line":12,"column":165}},"8":{"start":{"line":12,"column":166},"end":{"line":12,"column":173}},"9":{"start":{"line":12,"column":176},"end":{"line":12,"column":263}},"10":{"start":{"line":12,"column":193},"end":{"line":12,"column":208}},"11":{"start":{"line":12,"column":218},"end":{"line":12,"column":261}},"12":{"start":{"line":14,"column":33},"end":{"line":14,"column":387}},"13":{"start":{"line":14,"column":65},"end":{"line":14,"column":69}},"14":{"start":{"line":14,"column":78},"end":{"line":14,"column":87}},"15":{"start":{"line":14,"column":89},"end":{"line":14,"column":384}},"16":{"start":{"line":14,"column":147},"end":{"line":14,"column":167}},"17":{"start":{"line":14,"column":193},"end":{"line":14,"column":264}},"18":{"start":{"line":14,"column":290},"end":{"line":14,"column":360}},"19":{"start":{"line":14,"column":363},"end":{"line":14,"column":380}},"20":{"start":{"line":16,"column":50},"end":{"line":16,"column":151}},"21":{"start":{"line":16,"column":92},"end":{"line":16,"column":149}},"22":{"start":{"line":18,"column":44},"end":{"line":18,"column":315}},"23":{"start":{"line":18,"column":57},"end":{"line":18,"column":58}},"24":{"start":{"line":18,"column":102},"end":{"line":18,"column":110}},"25":{"start":{"line":18,"column":112},"end":{"line":18,"column":167}},"26":{"start":{"line":18,"column":168},"end":{"line":18,"column":199}},"27":{"start":{"line":18,"column":200},"end":{"line":18,"column":254}},"28":{"start":{"line":18,"column":227},"end":{"line":18,"column":254}},"29":{"start":{"line":18,"column":255},"end":{"line":18,"column":313}},"30":{"start":{"line":20,"column":62},"end":{"line":20,"column":131}},"31":{"start":{"line":20,"column":78},"end":{"line":20,"column":131}},"32":{"start":{"line":20,"column":132},"end":{"line":20,"column":193}},"33":{"start":{"line":20,"column":149},"end":{"line":20,"column":193}},"34":{"start":{"line":20,"column":194},"end":{"line":20,"column":213}},"35":{"start":{"line":24,"column":0},"end":{"line":125,"column":3}},"36":{"start":{"line":26,"column":4},"end":{"line":26,"column":32}},"37":{"start":{"line":29,"column":2},"end":{"line":122,"column":6}},"38":{"start":{"line":32,"column":21},"end":{"line":54,"column":9}},"39":{"start":{"line":36,"column":8},"end":{"line":53,"column":20}},"40":{"start":{"line":37,"column":10},"end":{"line":52,"column":11}},"41":{"start":{"line":38,"column":12},"end":{"line":51,"column":13}},"42":{"start":{"line":40,"column":16},"end":{"line":40,"column":109}},"43":{"start":{"line":41,"column":16},"end":{"line":41,"column":34}},"44":{"start":{"line":42,"column":16},"end":{"line":42,"column":66}},"45":{"start":{"line":45,"column":16},"end":{"line":45,"column":36}},"46":{"start":{"line":46,"column":16},"end":{"line":46,"column":59}},"47":{"start":{"line":50,"column":16},"end":{"line":50,"column":39}},"48":{"start":{"line":57,"column":8},"end":{"line":57,"column":47}},"49":{"start":{"line":60,"column":6},"end":{"line":60,"column":21}},"50":{"start":{"line":65,"column":28},"end":{"line":86,"column":9}},"51":{"start":{"line":69,"column":8},"end":{"line":85,"column":21}},"52":{"start":{"line":70,"column":10},"end":{"line":84,"column":11}},"53":{"start":{"line":71,"column":12},"end":{"line":83,"column":13}},"54":{"start":{"line":73,"column":16},"end":{"line":73,"column":35}},"55":{"start":{"line":74,"column":16},"end":{"line":74,"column":73}},"56":{"start":{"line":77,"column":16},"end":{"line":77,"column":37}},"57":{"start":{"line":78,"column":16},"end":{"line":78,"column":60}},"58":{"start":{"line":82,"column":16},"end":{"line":82,"column":40}},"59":{"start":{"line":89,"column":8},"end":{"line":89,"column":54}},"60":{"start":{"line":92,"column":6},"end":{"line":92,"column":28}},"61":{"start":{"line":97,"column":25},"end":{"line":114,"column":9}},"62":{"start":{"line":100,"column":8},"end":{"line":113,"column":27}},"63":{"start":{"line":101,"column":10},"end":{"line":112,"column":11}},"64":{"start":{"line":102,"column":12},"end":{"line":111,"column":13}},"65":{"start":{"line":104,"column":16},"end":{"line":106,"column":20}},"66":{"start":{"line":105,"column":18},"end":{"line":105,"column":40}},"67":{"start":{"line":110,"column":16},"end":{"line":110,"column":40}},"68":{"start":{"line":117,"column":8},"end":{"line":117,"column":51}},"69":{"start":{"line":120,"column":6},"end":{"line":120,"column":25}},"70":{"start":{"line":124,"column":2},"end":{"line":124,"column":14}},"71":{"start":{"line":127,"column":15},"end":{"line":127,"column":25}},"72":{"start":{"line":129,"column":0},"end":{"line":129,"column":30}}},"fnMap":{"0":{"name":"asyncGeneratorStep","decl":{"start":{"line":12,"column":9},"end":{"line":12,"column":27}},"loc":{"start":{"line":12,"column":75},"end":{"line":12,"column":265}},"line":12},"1":{"name":"_asyncToGenerator","decl":{"start":{"line":14,"column":9},"end":{"line":14,"column":26}},"loc":{"start":{"line":14,"column":31},"end":{"line":14,"column":389}},"line":14},"2":{"name":"(anonymous_2)","decl":{"start":{"line":14,"column":40},"end":{"line":14,"column":41}},"loc":{"start":{"line":14,"column":52},"end":{"line":14,"column":386}},"line":14},"3":{"name":"(anonymous_3)","decl":{"start":{"line":14,"column":108},"end":{"line":14,"column":109}},"loc":{"start":{"line":14,"column":135},"end":{"line":14,"column":382}},"line":14},"4":{"name":"_next","decl":{"start":{"line":14,"column":178},"end":{"line":14,"column":183}},"loc":{"start":{"line":14,"column":191},"end":{"line":14,"column":266}},"line":14},"5":{"name":"_throw","decl":{"start":{"line":14,"column":276},"end":{"line":14,"column":282}},"loc":{"start":{"line":14,"column":288},"end":{"line":14,"column":362}},"line":14},"6":{"name":"_classCallCheck","decl":{"start":{"line":16,"column":9},"end":{"line":16,"column":24}},"loc":{"start":{"line":16,"column":48},"end":{"line":16,"column":153}},"line":16},"7":{"name":"_defineProperties","decl":{"start":{"line":18,"column":9},"end":{"line":18,"column":26}},"loc":{"start":{"line":18,"column":42},"end":{"line":18,"column":317}},"line":18},"8":{"name":"_createClass","decl":{"start":{"line":20,"column":9},"end":{"line":20,"column":21}},"loc":{"start":{"line":20,"column":60},"end":{"line":20,"column":215}},"line":20},"9":{"name":"(anonymous_9)","decl":{"start":{"line":24,"column":0},"end":{"line":24,"column":1}},"loc":{"start":{"line":24,"column":12},"end":{"line":125,"column":1}},"line":24},"10":{"name":"User","decl":{"start":{"line":25,"column":11},"end":{"line":25,"column":15}},"loc":{"start":{"line":25,"column":18},"end":{"line":27,"column":3}},"line":25},"11":{"name":"(anonymous_11)","decl":{"start":{"line":31,"column":11},"end":{"line":31,"column":12}},"loc":{"start":{"line":31,"column":23},"end":{"line":61,"column":5}},"line":31},"12":{"name":"_callee","decl":{"start":{"line":34,"column":39},"end":{"line":34,"column":46}},"loc":{"start":{"line":34,"column":53},"end":{"line":54,"column":7}},"line":34},"13":{"name":"_callee$","decl":{"start":{"line":36,"column":48},"end":{"line":36,"column":56}},"loc":{"start":{"line":36,"column":67},"end":{"line":53,"column":9}},"line":36},"14":{"name":"addUser","decl":{"start":{"line":56,"column":15},"end":{"line":56,"column":22}},"loc":{"start":{"line":56,"column":27},"end":{"line":58,"column":7}},"line":56},"15":{"name":"(anonymous_15)","decl":{"start":{"line":64,"column":11},"end":{"line":64,"column":12}},"loc":{"start":{"line":64,"column":23},"end":{"line":93,"column":5}},"line":64},"16":{"name":"_callee2","decl":{"start":{"line":67,"column":39},"end":{"line":67,"column":47}},"loc":{"start":{"line":67,"column":55},"end":{"line":86,"column":7}},"line":67},"17":{"name":"_callee2$","decl":{"start":{"line":69,"column":48},"end":{"line":69,"column":57}},"loc":{"start":{"line":69,"column":69},"end":{"line":85,"column":9}},"line":69},"18":{"name":"getUserByEmail","decl":{"start":{"line":88,"column":15},"end":{"line":88,"column":29}},"loc":{"start":{"line":88,"column":35},"end":{"line":90,"column":7}},"line":88},"19":{"name":"(anonymous_19)","decl":{"start":{"line":96,"column":11},"end":{"line":96,"column":12}},"loc":{"start":{"line":96,"column":23},"end":{"line":121,"column":5}},"line":96},"20":{"name":"_callee3","decl":{"start":{"line":99,"column":39},"end":{"line":99,"column":47}},"loc":{"start":{"line":99,"column":52},"end":{"line":114,"column":7}},"line":99},"21":{"name":"_callee3$","decl":{"start":{"line":100,"column":48},"end":{"line":100,"column":57}},"loc":{"start":{"line":100,"column":69},"end":{"line":113,"column":9}},"line":100},"22":{"name":"(anonymous_22)","decl":{"start":{"line":104,"column":69},"end":{"line":104,"column":70}},"loc":{"start":{"line":104,"column":85},"end":{"line":106,"column":17}},"line":104},"23":{"name":"getUserById","decl":{"start":{"line":116,"column":15},"end":{"line":116,"column":26}},"loc":{"start":{"line":116,"column":32},"end":{"line":118,"column":7}},"line":116}},"branchMap":{"0":{"loc":{"start":{"line":12,"column":176},"end":{"line":12,"column":263}},"type":"if","locations":[{"start":{"line":12,"column":176},"end":{"line":12,"column":263}},{"start":{"line":12,"column":176},"end":{"line":12,"column":263}}],"line":12},"1":{"loc":{"start":{"line":16,"column":50},"end":{"line":16,"column":151}},"type":"if","locations":[{"start":{"line":16,"column":50},"end":{"line":16,"column":151}},{"start":{"line":16,"column":50},"end":{"line":16,"column":151}}],"line":16},"2":{"loc":{"start":{"line":18,"column":136},"end":{"line":18,"column":166}},"type":"binary-expr","locations":[{"start":{"line":18,"column":136},"end":{"line":18,"column":157}},{"start":{"line":18,"column":161},"end":{"line":18,"column":166}}],"line":18},"3":{"loc":{"start":{"line":18,"column":200},"end":{"line":18,"column":254}},"type":"if","locations":[{"start":{"line":18,"column":200},"end":{"line":18,"column":254}},{"start":{"line":18,"column":200},"end":{"line":18,"column":254}}],"line":18},"4":{"loc":{"start":{"line":20,"column":62},"end":{"line":20,"column":131}},"type":"if","locations":[{"start":{"line":20,"column":62},"end":{"line":20,"column":131}},{"start":{"line":20,"column":62},"end":{"line":20,"column":131}}],"line":20},"5":{"loc":{"start":{"line":20,"column":132},"end":{"line":20,"column":193}},"type":"if","locations":[{"start":{"line":20,"column":132},"end":{"line":20,"column":193}},{"start":{"line":20,"column":132},"end":{"line":20,"column":193}}],"line":20},"6":{"loc":{"start":{"line":38,"column":12},"end":{"line":51,"column":13}},"type":"switch","locations":[{"start":{"line":39,"column":14},"end":{"line":42,"column":66}},{"start":{"line":44,"column":14},"end":{"line":46,"column":59}},{"start":{"line":48,"column":14},"end":{"line":48,"column":21}},{"start":{"line":49,"column":14},"end":{"line":50,"column":39}}],"line":38},"7":{"loc":{"start":{"line":71,"column":12},"end":{"line":83,"column":13}},"type":"switch","locations":[{"start":{"line":72,"column":14},"end":{"line":74,"column":73}},{"start":{"line":76,"column":14},"end":{"line":78,"column":60}},{"start":{"line":80,"column":14},"end":{"line":80,"column":21}},{"start":{"line":81,"column":14},"end":{"line":82,"column":40}}],"line":71},"8":{"loc":{"start":{"line":102,"column":12},"end":{"line":111,"column":13}},"type":"switch","locations":[{"start":{"line":103,"column":14},"end":{"line":106,"column":20}},{"start":{"line":108,"column":14},"end":{"line":108,"column":21}},{"start":{"line":109,"column":14},"end":{"line":110,"column":40}}],"line":102}},"s":{"0":1,"1":1,"2":1,"3":1,"4":16,"5":16,"6":15,"7":1,"8":1,"9":15,"10":7,"11":8,"12":3,"13":8,"14":8,"15":8,"16":8,"17":15,"18":1,"19":8,"20":1,"21":0,"22":1,"23":1,"24":3,"25":3,"26":3,"27":3,"28":3,"29":3,"30":1,"31":1,"32":1,"33":0,"34":1,"35":1,"36":1,"37":1,"38":1,"39":1,"40":2,"41":2,"42":1,"43":1,"44":1,"45":0,"46":0,"47":1,"48":1,"49":1,"50":1,"51":7,"52":21,"53":21,"54":7,"55":7,"56":7,"57":7,"58":7,"59":7,"60":1,"61":1,"62":0,"63":0,"64":0,"65":0,"66":0,"67":0,"68":0,"69":1,"70":1,"71":1,"72":1},"f":{"0":16,"1":3,"2":8,"3":8,"4":15,"5":1,"6":1,"7":1,"8":1,"9":1,"10":1,"11":1,"12":1,"13":2,"14":1,"15":1,"16":7,"17":21,"18":7,"19":1,"20":0,"21":0,"22":0,"23":0},"b":{"0":[7,8],"1":[0,1],"2":[3,3],"3":[3,0],"4":[1,0],"5":[0,1],"6":[1,0,0,1],"7":[7,7,0,7],"8":[0,0,0]},"_coverageSchema":"43e27e138ebf9cfc5966b082cf9a028302ed4184","hash":"179febc943d8306e54b4fe21d36c4f9b14c98166","contentHash":"04d175736487917166606cb7b7fa23254c64fd26f90c10e21416e506d9785acd"},"G:\\new project\\Bootc pro\\Githubp6\\MyDiaryP6\\Server\\db\\helpers\\query.js":{"path":"G:\\new project\\Bootc pro\\Githubp6\\MyDiaryP6\\Server\\db\\helpers\\query.js","statementMap":{"0":{"start":{"line":3,"column":0},"end":{"line":5,"column":3}},"1":{"start":{"line":6,"column":0},"end":{"line":6,"column":85}},"2":{"start":{"line":7,"column":24},"end":{"line":7,"column":287}},"3":{"start":{"line":8,"column":0},"end":{"line":8,"column":46}},"4":{"start":{"line":9,"column":18},"end":{"line":9,"column":160}},"5":{"start":{"line":10,"column":0},"end":{"line":10,"column":34}},"6":{"start":{"line":11,"column":24},"end":{"line":11,"column":62}},"7":{"start":{"line":12,"column":0},"end":{"line":12,"column":46}}},"fnMap":{},"branchMap":{},"s":{"0":1,"1":1,"2":1,"3":1,"4":1,"5":1,"6":1,"7":1},"f":{},"b":{},"_coverageSchema":"43e27e138ebf9cfc5966b082cf9a028302ed4184","hash":"5950fa75a3f4a1b2781521ea4709f6fdf190ae00","contentHash":"a998f68b1dc6aced6e2129c543bcf82dfcc877e62d10ef3138fd101e735b055e"},"G:\\new project\\Bootc pro\\Githubp6\\MyDiaryP6\\Server\\db\\helpers\\db.js":{"path":"G:\\new project\\Bootc pro\\Githubp6\\MyDiaryP6\\Server\\db\\helpers\\db.js","statementMap":{"0":{"start":{"line":3,"column":0},"end":{"line":5,"column":3}},"1":{"start":{"line":6,"column":0},"end":{"line":6,"column":23}},"2":{"start":{"line":8,"column":14},"end":{"line":8,"column":55}},"3":{"start":{"line":10,"column":18},"end":{"line":10,"column":53}},"4":{"start":{"line":12,"column":39},"end":{"line":12,"column":95}},"5":{"start":{"line":14,"column":11},"end":{"line":14,"column":40}},"6":{"start":{"line":16,"column":0},"end":{"line":16,"column":28}},"7":{"start":{"line":18,"column":12},"end":{"line":26,"column":1}},"8":{"start":{"line":19,"column":2},"end":{"line":25,"column":5}},"9":{"start":{"line":20,"column":4},"end":{"line":24,"column":7}},"10":{"start":{"line":21,"column":6},"end":{"line":21,"column":19}},"11":{"start":{"line":23,"column":6},"end":{"line":23,"column":18}},"12":{"start":{"line":28,"column":0},"end":{"line":28,"column":22}}},"fnMap":{"0":{"name":"_interopRequireDefault","decl":{"start":{"line":12,"column":9},"end":{"line":12,"column":31}},"loc":{"start":{"line":12,"column":37},"end":{"line":12,"column":97}},"line":12},"1":{"name":"query","decl":{"start":{"line":18,"column":21},"end":{"line":18,"column":26}},"loc":{"start":{"line":18,"column":41},"end":{"line":26,"column":1}},"line":18},"2":{"name":"(anonymous_2)","decl":{"start":{"line":19,"column":21},"end":{"line":19,"column":22}},"loc":{"start":{"line":19,"column":48},"end":{"line":25,"column":3}},"line":19},"3":{"name":"(anonymous_3)","decl":{"start":{"line":20,"column":34},"end":{"line":20,"column":35}},"loc":{"start":{"line":20,"column":49},"end":{"line":22,"column":5}},"line":20},"4":{"name":"(anonymous_4)","decl":{"start":{"line":22,"column":16},"end":{"line":22,"column":17}},"loc":{"start":{"line":22,"column":31},"end":{"line":24,"column":5}},"line":22}},"branchMap":{"0":{"loc":{"start":{"line":12,"column":46},"end":{"line":12,"column":94}},"type":"cond-expr","locations":[{"start":{"line":12,"column":70},"end":{"line":12,"column":73}},{"start":{"line":12,"column":76},"end":{"line":12,"column":94}}],"line":12},"1":{"loc":{"start":{"line":12,"column":46},"end":{"line":12,"column":67}},"type":"binary-expr","locations":[{"start":{"line":12,"column":46},"end":{"line":12,"column":49}},{"start":{"line":12,"column":53},"end":{"line":12,"column":67}}],"line":12}},"s":{"0":1,"1":1,"2":1,"3":1,"4":1,"5":1,"6":1,"7":1,"8":8,"9":8,"10":7,"11":1,"12":1},"f":{"0":1,"1":8,"2":8,"3":7,"4":1},"b":{"0":[0,1],"1":[1,1]},"_coverageSchema":"43e27e138ebf9cfc5966b082cf9a028302ed4184","hash":"32a2522ddc67fa63b6352ff562f8d9fb9a14d20f","contentHash":"04ec28346940f906fe30b2a157b470703ccc4ceeebac07ef7b1dc6133c48e6f3"},"G:\\new project\\Bootc pro\\Githubp6\\MyDiaryP6\\Server\\db\\connection\\connection.js":{"path":"G:\\new project\\Bootc pro\\Githubp6\\MyDiaryP6\\Server\\db\\connection\\connection.js","statementMap":{"0":{"start":{"line":3,"column":0},"end":{"line":5,"column":3}},"1":{"start":{"line":6,"column":0},"end":{"line":6,"column":28}},"2":{"start":{"line":8,"column":10},"end":{"line":8,"column":23}},"3":{"start":{"line":10,"column":14},"end":{"line":10,"column":55}},"4":{"start":{"line":12,"column":14},"end":{"line":12,"column":33}},"5":{"start":{"line":14,"column":39},"end":{"line":14,"column":95}},"6":{"start":{"line":16,"column":0},"end":{"line":16,"column":28}},"7":{"start":{"line":18,"column":13},"end":{"line":18,"column":47}},"8":{"start":{"line":20,"column":17},"end":{"line":22,"column":1}},"9":{"start":{"line":21,"column":2},"end":{"line":21,"column":30}},"10":{"start":{"line":24,"column":0},"end":{"line":24,"column":32}}},"fnMap":{"0":{"name":"_interopRequireDefault","decl":{"start":{"line":14,"column":9},"end":{"line":14,"column":31}},"loc":{"start":{"line":14,"column":37},"end":{"line":14,"column":97}},"line":14},"1":{"name":"Connection","decl":{"start":{"line":20,"column":26},"end":{"line":20,"column":36}},"loc":{"start":{"line":20,"column":39},"end":{"line":22,"column":1}},"line":20}},"branchMap":{"0":{"loc":{"start":{"line":14,"column":46},"end":{"line":14,"column":94}},"type":"cond-expr","locations":[{"start":{"line":14,"column":70},"end":{"line":14,"column":73}},{"start":{"line":14,"column":76},"end":{"line":14,"column":94}}],"line":14},"1":{"loc":{"start":{"line":14,"column":46},"end":{"line":14,"column":67}},"type":"binary-expr","locations":[{"start":{"line":14,"column":46},"end":{"line":14,"column":49}},{"start":{"line":14,"column":53},"end":{"line":14,"column":67}}],"line":14}},"s":{"0":1,"1":1,"2":1,"3":1,"4":1,"5":1,"6":1,"7":1,"8":1,"9":2,"10":1},"f":{"0":1,"1":2},"b":{"0":[0,1],"1":[1,1]},"_coverageSchema":"43e27e138ebf9cfc5966b082cf9a028302ed4184","hash":"1b99da9c502aa5f50972eb121eedf8d294dfea4e","contentHash":"43efe362744bf595a6d0bee1ef374da66db932f3e899ebff27d4e5247e9e5b41"},"G:\\new project\\Bootc pro\\Githubp6\\MyDiaryP6\\Server\\db\\connection\\config.js":{"path":"G:\\new project\\Bootc pro\\Githubp6\\MyDiaryP6\\Server\\db\\connection\\config.js","statementMap":{"0":{"start":{"line":3,"column":0},"end":{"line":5,"column":3}},"1":{"start":{"line":6,"column":0},"end":{"line":6,"column":37}},"2":{"start":{"line":8,"column":14},"end":{"line":8,"column":55}},"3":{"start":{"line":10,"column":39},"end":{"line":10,"column":95}},"4":{"start":{"line":12,"column":0},"end":{"line":12,"column":28}},"5":{"start":{"line":14,"column":18},"end":{"line":14,"column":55}},"6":{"start":{"line":15,"column":18},"end":{"line":20,"column":1}},"7":{"start":{"line":21,"column":11},"end":{"line":23,"column":1}},"8":{"start":{"line":24,"column":17},"end":{"line":26,"column":1}},"9":{"start":{"line":28,"column":26},"end":{"line":30,"column":1}},"10":{"start":{"line":29,"column":2},"end":{"line":29,"column":96}},"11":{"start":{"line":32,"column":0},"end":{"line":32,"column":50}}},"fnMap":{"0":{"name":"_interopRequireDefault","decl":{"start":{"line":10,"column":9},"end":{"line":10,"column":31}},"loc":{"start":{"line":10,"column":37},"end":{"line":10,"column":97}},"line":10},"1":{"name":"getConnectionConfig","decl":{"start":{"line":28,"column":35},"end":{"line":28,"column":54}},"loc":{"start":{"line":28,"column":57},"end":{"line":30,"column":1}},"line":28}},"branchMap":{"0":{"loc":{"start":{"line":10,"column":46},"end":{"line":10,"column":94}},"type":"cond-expr","locations":[{"start":{"line":10,"column":70},"end":{"line":10,"column":73}},{"start":{"line":10,"column":76},"end":{"line":10,"column":94}}],"line":10},"1":{"loc":{"start":{"line":10,"column":46},"end":{"line":10,"column":67}},"type":"binary-expr","locations":[{"start":{"line":10,"column":46},"end":{"line":10,"column":49}},{"start":{"line":10,"column":53},"end":{"line":10,"column":67}}],"line":10},"2":{"loc":{"start":{"line":14,"column":18},"end":{"line":14,"column":55}},"type":"binary-expr","locations":[{"start":{"line":14,"column":18},"end":{"line":14,"column":38}},{"start":{"line":14,"column":42},"end":{"line":14,"column":55}}],"line":14},"3":{"loc":{"start":{"line":29,"column":9},"end":{"line":29,"column":95}},"type":"cond-expr","locations":[{"start":{"line":29,"column":40},"end":{"line":29,"column":51}},{"start":{"line":29,"column":54},"end":{"line":29,"column":95}}],"line":29},"4":{"loc":{"start":{"line":29,"column":54},"end":{"line":29,"column":95}},"type":"cond-expr","locations":[{"start":{"line":29,"column":78},"end":{"line":29,"column":82}},{"start":{"line":29,"column":85},"end":{"line":29,"column":95}}],"line":29}},"s":{"0":1,"1":1,"2":1,"3":1,"4":1,"5":1,"6":1,"7":1,"8":1,"9":1,"10":1,"11":1},"f":{"0":1,"1":1},"b":{"0":[0,1],"1":[1,1],"2":[1,1],"3":[1,0],"4":[0,0]},"_coverageSchema":"43e27e138ebf9cfc5966b082cf9a028302ed4184","hash":"ec348e391ccd07e98543dba78e07b3027f9162f6","contentHash":"e29ec929a8b97fc70931f3b5fe7f6a56687f593e0749232c8ec211b6e64163d9"},"G:\\new project\\Bootc pro\\Githubp6\\MyDiaryP6\\Server\\middleware\\AuthCheck.js":{"path":"G:\\new project\\Bootc pro\\Githubp6\\MyDiaryP6\\Server\\middleware\\AuthCheck.js","statementMap":{"0":{"start":{"line":3,"column":0},"end":{"line":5,"column":3}},"1":{"start":{"line":6,"column":0},"end":{"line":6,"column":28}},"2":{"start":{"line":8,"column":20},"end":{"line":8,"column":67}},"3":{"start":{"line":10,"column":14},"end":{"line":10,"column":55}},"4":{"start":{"line":12,"column":12},"end":{"line":12,"column":61}},"5":{"start":{"line":14,"column":16},"end":{"line":14,"column":35}},"6":{"start":{"line":16,"column":39},"end":{"line":16,"column":95}},"7":{"start":{"line":18,"column":77},"end":{"line":18,"column":175}},"8":{"start":{"line":18,"column":94},"end":{"line":18,"column":107}},"9":{"start":{"line":18,"column":121},"end":{"line":18,"column":131}},"10":{"start":{"line":18,"column":151},"end":{"line":18,"column":165}},"11":{"start":{"line":18,"column":166},"end":{"line":18,"column":173}},"12":{"start":{"line":18,"column":176},"end":{"line":18,"column":263}},"13":{"start":{"line":18,"column":193},"end":{"line":18,"column":208}},"14":{"start":{"line":18,"column":218},"end":{"line":18,"column":261}},"15":{"start":{"line":20,"column":33},"end":{"line":20,"column":387}},"16":{"start":{"line":20,"column":65},"end":{"line":20,"column":69}},"17":{"start":{"line":20,"column":78},"end":{"line":20,"column":87}},"18":{"start":{"line":20,"column":89},"end":{"line":20,"column":384}},"19":{"start":{"line":20,"column":147},"end":{"line":20,"column":167}},"20":{"start":{"line":20,"column":193},"end":{"line":20,"column":264}},"21":{"start":{"line":20,"column":290},"end":{"line":20,"column":360}},"22":{"start":{"line":20,"column":363},"end":{"line":20,"column":380}},"23":{"start":{"line":22,"column":50},"end":{"line":22,"column":151}},"24":{"start":{"line":22,"column":92},"end":{"line":22,"column":149}},"25":{"start":{"line":24,"column":44},"end":{"line":24,"column":315}},"26":{"start":{"line":24,"column":57},"end":{"line":24,"column":58}},"27":{"start":{"line":24,"column":102},"end":{"line":24,"column":110}},"28":{"start":{"line":24,"column":112},"end":{"line":24,"column":167}},"29":{"start":{"line":24,"column":168},"end":{"line":24,"column":199}},"30":{"start":{"line":24,"column":200},"end":{"line":24,"column":254}},"31":{"start":{"line":24,"column":227},"end":{"line":24,"column":254}},"32":{"start":{"line":24,"column":255},"end":{"line":24,"column":313}},"33":{"start":{"line":26,"column":62},"end":{"line":26,"column":131}},"34":{"start":{"line":26,"column":78},"end":{"line":26,"column":131}},"35":{"start":{"line":26,"column":132},"end":{"line":26,"column":193}},"36":{"start":{"line":26,"column":149},"end":{"line":26,"column":193}},"37":{"start":{"line":26,"column":194},"end":{"line":26,"column":213}},"38":{"start":{"line":28,"column":0},"end":{"line":28,"column":28}},"39":{"start":{"line":32,"column":0},"end":{"line":127,"column":3}},"40":{"start":{"line":34,"column":4},"end":{"line":34,"column":32}},"41":{"start":{"line":37,"column":2},"end":{"line":124,"column":6}},"42":{"start":{"line":40,"column":25},"end":{"line":84,"column":9}},"43":{"start":{"line":44,"column":8},"end":{"line":83,"column":20}},"44":{"start":{"line":45,"column":10},"end":{"line":82,"column":11}},"45":{"start":{"line":46,"column":12},"end":{"line":81,"column":13}},"46":{"start":{"line":48,"column":16},"end":{"line":48,"column":61}},"47":{"start":{"line":50,"column":16},"end":{"line":53,"column":17}},"48":{"start":{"line":51,"column":18},"end":{"line":51,"column":36}},"49":{"start":{"line":52,"column":18},"end":{"line":52,"column":24}},"50":{"start":{"line":55,"column":16},"end":{"line":58,"column":20}},"51":{"start":{"line":61,"column":16},"end":{"line":61,"column":34}},"52":{"start":{"line":62,"column":16},"end":{"line":62,"column":90}},"53":{"start":{"line":65,"column":16},"end":{"line":65,"column":40}},"54":{"start":{"line":67,"column":16},"end":{"line":76,"column":19}},"55":{"start":{"line":68,"column":18},"end":{"line":72,"column":19}},"56":{"start":{"line":69,"column":20},"end":{"line":71,"column":23}},"57":{"start":{"line":74,"column":18},"end":{"line":74,"column":34}},"58":{"start":{"line":75,"column":18},"end":{"line":75,"column":25}},"59":{"start":{"line":80,"column":16},"end":{"line":80,"column":39}},"60":{"start":{"line":87,"column":8},"end":{"line":87,"column":51}},"61":{"start":{"line":90,"column":6},"end":{"line":90,"column":25}},"62":{"start":{"line":95,"column":27},"end":{"line":116,"column":9}},"63":{"start":{"line":99,"column":8},"end":{"line":115,"column":21}},"64":{"start":{"line":100,"column":10},"end":{"line":114,"column":11}},"65":{"start":{"line":101,"column":12},"end":{"line":113,"column":13}},"66":{"start":{"line":103,"column":16},"end":{"line":107,"column":19}},"67":{"start":{"line":108,"column":16},"end":{"line":108,"column":57}},"68":{"start":{"line":112,"column":16},"end":{"line":112,"column":40}},"69":{"start":{"line":119,"column":8},"end":{"line":119,"column":53}},"70":{"start":{"line":122,"column":6},"end":{"line":122,"column":27}},"71":{"start":{"line":126,"column":2},"end":{"line":126,"column":14}},"72":{"start":{"line":129,"column":15},"end":{"line":129,"column":25}},"73":{"start":{"line":131,"column":0},"end":{"line":131,"column":30}}},"fnMap":{"0":{"name":"_interopRequireDefault","decl":{"start":{"line":16,"column":9},"end":{"line":16,"column":31}},"loc":{"start":{"line":16,"column":37},"end":{"line":16,"column":97}},"line":16},"1":{"name":"asyncGeneratorStep","decl":{"start":{"line":18,"column":9},"end":{"line":18,"column":27}},"loc":{"start":{"line":18,"column":75},"end":{"line":18,"column":265}},"line":18},"2":{"name":"_asyncToGenerator","decl":{"start":{"line":20,"column":9},"end":{"line":20,"column":26}},"loc":{"start":{"line":20,"column":31},"end":{"line":20,"column":389}},"line":20},"3":{"name":"(anonymous_3)","decl":{"start":{"line":20,"column":40},"end":{"line":20,"column":41}},"loc":{"start":{"line":20,"column":52},"end":{"line":20,"column":386}},"line":20},"4":{"name":"(anonymous_4)","decl":{"start":{"line":20,"column":108},"end":{"line":20,"column":109}},"loc":{"start":{"line":20,"column":135},"end":{"line":20,"column":382}},"line":20},"5":{"name":"_next","decl":{"start":{"line":20,"column":178},"end":{"line":20,"column":183}},"loc":{"start":{"line":20,"column":191},"end":{"line":20,"column":266}},"line":20},"6":{"name":"_throw","decl":{"start":{"line":20,"column":276},"end":{"line":20,"column":282}},"loc":{"start":{"line":20,"column":288},"end":{"line":20,"column":362}},"line":20},"7":{"name":"_classCallCheck","decl":{"start":{"line":22,"column":9},"end":{"line":22,"column":24}},"loc":{"start":{"line":22,"column":48},"end":{"line":22,"column":153}},"line":22},"8":{"name":"_defineProperties","decl":{"start":{"line":24,"column":9},"end":{"line":24,"column":26}},"loc":{"start":{"line":24,"column":42},"end":{"line":24,"column":317}},"line":24},"9":{"name":"_createClass","decl":{"start":{"line":26,"column":9},"end":{"line":26,"column":21}},"loc":{"start":{"line":26,"column":60},"end":{"line":26,"column":215}},"line":26},"10":{"name":"(anonymous_10)","decl":{"start":{"line":32,"column":0},"end":{"line":32,"column":1}},"loc":{"start":{"line":32,"column":12},"end":{"line":127,"column":1}},"line":32},"11":{"name":"Auth","decl":{"start":{"line":33,"column":11},"end":{"line":33,"column":15}},"loc":{"start":{"line":33,"column":18},"end":{"line":35,"column":3}},"line":33},"12":{"name":"(anonymous_12)","decl":{"start":{"line":39,"column":11},"end":{"line":39,"column":12}},"loc":{"start":{"line":39,"column":23},"end":{"line":91,"column":5}},"line":39},"13":{"name":"_callee","decl":{"start":{"line":42,"column":39},"end":{"line":42,"column":46}},"loc":{"start":{"line":42,"column":63},"end":{"line":84,"column":7}},"line":42},"14":{"name":"_callee$","decl":{"start":{"line":44,"column":48},"end":{"line":44,"column":56}},"loc":{"start":{"line":44,"column":67},"end":{"line":83,"column":9}},"line":44},"15":{"name":"(anonymous_15)","decl":{"start":{"line":67,"column":73},"end":{"line":67,"column":74}},"loc":{"start":{"line":67,"column":89},"end":{"line":76,"column":17}},"line":67},"16":{"name":"verifyToken","decl":{"start":{"line":86,"column":15},"end":{"line":86,"column":26}},"loc":{"start":{"line":86,"column":41},"end":{"line":88,"column":7}},"line":86},"17":{"name":"(anonymous_17)","decl":{"start":{"line":94,"column":11},"end":{"line":94,"column":12}},"loc":{"start":{"line":94,"column":23},"end":{"line":123,"column":5}},"line":94},"18":{"name":"_callee2","decl":{"start":{"line":97,"column":39},"end":{"line":97,"column":47}},"loc":{"start":{"line":97,"column":54},"end":{"line":116,"column":7}},"line":97},"19":{"name":"_callee2$","decl":{"start":{"line":99,"column":48},"end":{"line":99,"column":57}},"loc":{"start":{"line":99,"column":69},"end":{"line":115,"column":9}},"line":99},"20":{"name":"generateToken","decl":{"start":{"line":118,"column":15},"end":{"line":118,"column":28}},"loc":{"start":{"line":118,"column":34},"end":{"line":120,"column":7}},"line":118}},"branchMap":{"0":{"loc":{"start":{"line":16,"column":46},"end":{"line":16,"column":94}},"type":"cond-expr","locations":[{"start":{"line":16,"column":70},"end":{"line":16,"column":73}},{"start":{"line":16,"column":76},"end":{"line":16,"column":94}}],"line":16},"1":{"loc":{"start":{"line":16,"column":46},"end":{"line":16,"column":67}},"type":"binary-expr","locations":[{"start":{"line":16,"column":46},"end":{"line":16,"column":49}},{"start":{"line":16,"column":53},"end":{"line":16,"column":67}}],"line":16},"2":{"loc":{"start":{"line":18,"column":176},"end":{"line":18,"column":263}},"type":"if","locations":[{"start":{"line":18,"column":176},"end":{"line":18,"column":263}},{"start":{"line":18,"column":176},"end":{"line":18,"column":263}}],"line":18},"3":{"loc":{"start":{"line":22,"column":50},"end":{"line":22,"column":151}},"type":"if","locations":[{"start":{"line":22,"column":50},"end":{"line":22,"column":151}},{"start":{"line":22,"column":50},"end":{"line":22,"column":151}}],"line":22},"4":{"loc":{"start":{"line":24,"column":136},"end":{"line":24,"column":166}},"type":"binary-expr","locations":[{"start":{"line":24,"column":136},"end":{"line":24,"column":157}},{"start":{"line":24,"column":161},"end":{"line":24,"column":166}}],"line":24},"5":{"loc":{"start":{"line":24,"column":200},"end":{"line":24,"column":254}},"type":"if","locations":[{"start":{"line":24,"column":200},"end":{"line":24,"column":254}},{"start":{"line":24,"column":200},"end":{"line":24,"column":254}}],"line":24},"6":{"loc":{"start":{"line":26,"column":62},"end":{"line":26,"column":131}},"type":"if","locations":[{"start":{"line":26,"column":62},"end":{"line":26,"column":131}},{"start":{"line":26,"column":62},"end":{"line":26,"column":131}}],"line":26},"7":{"loc":{"start":{"line":26,"column":132},"end":{"line":26,"column":193}},"type":"if","locations":[{"start":{"line":26,"column":132},"end":{"line":26,"column":193}},{"start":{"line":26,"column":132},"end":{"line":26,"column":193}}],"line":26},"8":{"loc":{"start":{"line":46,"column":12},"end":{"line":81,"column":13}},"type":"switch","locations":[{"start":{"line":47,"column":14},"end":{"line":58,"column":20}},{"start":{"line":60,"column":14},"end":{"line":62,"column":90}},{"start":{"line":64,"column":14},"end":{"line":76,"column":19}},{"start":{"line":78,"column":14},"end":{"line":78,"column":21}},{"start":{"line":79,"column":14},"end":{"line":80,"column":39}}],"line":46},"9":{"loc":{"start":{"line":50,"column":16},"end":{"line":53,"column":17}},"type":"if","locations":[{"start":{"line":50,"column":16},"end":{"line":53,"column":17}},{"start":{"line":50,"column":16},"end":{"line":53,"column":17}}],"line":50},"10":{"loc":{"start":{"line":68,"column":18},"end":{"line":72,"column":19}},"type":"if","locations":[{"start":{"line":68,"column":18},"end":{"line":72,"column":19}},{"start":{"line":68,"column":18},"end":{"line":72,"column":19}}],"line":68},"11":{"loc":{"start":{"line":101,"column":12},"end":{"line":113,"column":13}},"type":"switch","locations":[{"start":{"line":102,"column":14},"end":{"line":108,"column":57}},{"start":{"line":110,"column":14},"end":{"line":110,"column":21}},{"start":{"line":111,"column":14},"end":{"line":112,"column":40}}],"line":101}},"s":{"0":1,"1":1,"2":1,"3":1,"4":1,"5":1,"6":3,"7":3,"8":3,"9":3,"10":0,"11":0,"12":3,"13":3,"14":0,"15":2,"16":3,"17":3,"18":3,"19":3,"20":3,"21":0,"22":3,"23":1,"24":0,"25":1,"26":1,"27":2,"28":2,"29":2,"30":2,"31":2,"32":2,"33":1,"34":1,"35":1,"36":0,"37":1,"38":1,"39":1,"40":1,"41":1,"42":1,"43":0,"44":0,"45":0,"46":0,"47":0,"48":0,"49":0,"50":0,"51":0,"52":0,"53":0,"54":0,"55":0,"56":0,"57":0,"58":0,"59":0,"60":0,"61":1,"62":1,"63":3,"64":6,"65":6,"66":3,"67":3,"68":3,"69":3,"70":1,"71":1,"72":1,"73":1},"f":{"0":3,"1":3,"2":2,"3":3,"4":3,"5":3,"6":0,"7":1,"8":1,"9":1,"10":1,"11":1,"12":1,"13":0,"14":0,"15":0,"16":0,"17":1,"18":3,"19":6,"20":3},"b":{"0":[1,2],"1":[3,3],"2":[3,0],"3":[0,1],"4":[2,2],"5":[2,0],"6":[1,0],"7":[0,1],"8":[0,0,0,0,0],"9":[0,0],"10":[0,0],"11":[3,0,3]},"_coverageSchema":"43e27e138ebf9cfc5966b082cf9a028302ed4184","hash":"d7bf1bc8de4ef24039b8e8e492197ab89b45e19c","contentHash":"3c5dc486e11b9baee78c69a7a46be53f502cbe81b450d247168c08304dbefd86"},"G:\\new project\\Bootc pro\\Githubp6\\MyDiaryP6\\Server\\helpers\\password.js":{"path":"G:\\new project\\Bootc pro\\Githubp6\\MyDiaryP6\\Server\\helpers\\password.js","statementMap":{"0":{"start":{"line":3,"column":0},"end":{"line":5,"column":3}},"1":{"start":{"line":6,"column":0},"end":{"line":6,"column":28}},"2":{"start":{"line":8,"column":14},"end":{"line":8,"column":55}},"3":{"start":{"line":10,"column":39},"end":{"line":10,"column":95}},"4":{"start":{"line":12,"column":77},"end":{"line":12,"column":175}},"5":{"start":{"line":12,"column":94},"end":{"line":12,"column":107}},"6":{"start":{"line":12,"column":121},"end":{"line":12,"column":131}},"7":{"start":{"line":12,"column":151},"end":{"line":12,"column":165}},"8":{"start":{"line":12,"column":166},"end":{"line":12,"column":173}},"9":{"start":{"line":12,"column":176},"end":{"line":12,"column":263}},"10":{"start":{"line":12,"column":193},"end":{"line":12,"column":208}},"11":{"start":{"line":12,"column":218},"end":{"line":12,"column":261}},"12":{"start":{"line":14,"column":33},"end":{"line":14,"column":387}},"13":{"start":{"line":14,"column":65},"end":{"line":14,"column":69}},"14":{"start":{"line":14,"column":78},"end":{"line":14,"column":87}},"15":{"start":{"line":14,"column":89},"end":{"line":14,"column":384}},"16":{"start":{"line":14,"column":147},"end":{"line":14,"column":167}},"17":{"start":{"line":14,"column":193},"end":{"line":14,"column":264}},"18":{"start":{"line":14,"column":290},"end":{"line":14,"column":360}},"19":{"start":{"line":14,"column":363},"end":{"line":14,"column":380}},"20":{"start":{"line":16,"column":50},"end":{"line":16,"column":151}},"21":{"start":{"line":16,"column":92},"end":{"line":16,"column":149}},"22":{"start":{"line":18,"column":44},"end":{"line":18,"column":315}},"23":{"start":{"line":18,"column":57},"end":{"line":18,"column":58}},"24":{"start":{"line":18,"column":102},"end":{"line":18,"column":110}},"25":{"start":{"line":18,"column":112},"end":{"line":18,"column":167}},"26":{"start":{"line":18,"column":168},"end":{"line":18,"column":199}},"27":{"start":{"line":18,"column":200},"end":{"line":18,"column":254}},"28":{"start":{"line":18,"column":227},"end":{"line":18,"column":254}},"29":{"start":{"line":18,"column":255},"end":{"line":18,"column":313}},"30":{"start":{"line":20,"column":62},"end":{"line":20,"column":131}},"31":{"start":{"line":20,"column":78},"end":{"line":20,"column":131}},"32":{"start":{"line":20,"column":132},"end":{"line":20,"column":193}},"33":{"start":{"line":20,"column":149},"end":{"line":20,"column":193}},"34":{"start":{"line":20,"column":194},"end":{"line":20,"column":213}},"35":{"start":{"line":24,"column":0},"end":{"line":84,"column":3}},"36":{"start":{"line":26,"column":4},"end":{"line":26,"column":36}},"37":{"start":{"line":29,"column":2},"end":{"line":81,"column":6}},"38":{"start":{"line":32,"column":26},"end":{"line":47,"column":9}},"39":{"start":{"line":35,"column":8},"end":{"line":46,"column":20}},"40":{"start":{"line":36,"column":10},"end":{"line":45,"column":11}},"41":{"start":{"line":37,"column":12},"end":{"line":44,"column":13}},"42":{"start":{"line":39,"column":16},"end":{"line":39,"column":119}},"43":{"start":{"line":43,"column":16},"end":{"line":43,"column":39}},"44":{"start":{"line":50,"column":8},"end":{"line":50,"column":52}},"45":{"start":{"line":53,"column":6},"end":{"line":53,"column":26}},"46":{"start":{"line":58,"column":31},"end":{"line":73,"column":9}},"47":{"start":{"line":61,"column":8},"end":{"line":72,"column":21}},"48":{"start":{"line":62,"column":10},"end":{"line":71,"column":11}},"49":{"start":{"line":63,"column":12},"end":{"line":70,"column":13}},"50":{"start":{"line":65,"column":16},"end":{"line":65,"column":98}},"51":{"start":{"line":69,"column":16},"end":{"line":69,"column":40}},"52":{"start":{"line":76,"column":8},"end":{"line":76,"column":57}},"53":{"start":{"line":79,"column":6},"end":{"line":79,"column":31}},"54":{"start":{"line":83,"column":2},"end":{"line":83,"column":18}},"55":{"start":{"line":86,"column":15},"end":{"line":86,"column":29}},"56":{"start":{"line":88,"column":0},"end":{"line":88,"column":30}}},"fnMap":{"0":{"name":"_interopRequireDefault","decl":{"start":{"line":10,"column":9},"end":{"line":10,"column":31}},"loc":{"start":{"line":10,"column":37},"end":{"line":10,"column":97}},"line":10},"1":{"name":"asyncGeneratorStep","decl":{"start":{"line":12,"column":9},"end":{"line":12,"column":27}},"loc":{"start":{"line":12,"column":75},"end":{"line":12,"column":265}},"line":12},"2":{"name":"_asyncToGenerator","decl":{"start":{"line":14,"column":9},"end":{"line":14,"column":26}},"loc":{"start":{"line":14,"column":31},"end":{"line":14,"column":389}},"line":14},"3":{"name":"(anonymous_3)","decl":{"start":{"line":14,"column":40},"end":{"line":14,"column":41}},"loc":{"start":{"line":14,"column":52},"end":{"line":14,"column":386}},"line":14},"4":{"name":"(anonymous_4)","decl":{"start":{"line":14,"column":108},"end":{"line":14,"column":109}},"loc":{"start":{"line":14,"column":135},"end":{"line":14,"column":382}},"line":14},"5":{"name":"_next","decl":{"start":{"line":14,"column":178},"end":{"line":14,"column":183}},"loc":{"start":{"line":14,"column":191},"end":{"line":14,"column":266}},"line":14},"6":{"name":"_throw","decl":{"start":{"line":14,"column":276},"end":{"line":14,"column":282}},"loc":{"start":{"line":14,"column":288},"end":{"line":14,"column":362}},"line":14},"7":{"name":"_classCallCheck","decl":{"start":{"line":16,"column":9},"end":{"line":16,"column":24}},"loc":{"start":{"line":16,"column":48},"end":{"line":16,"column":153}},"line":16},"8":{"name":"_defineProperties","decl":{"start":{"line":18,"column":9},"end":{"line":18,"column":26}},"loc":{"start":{"line":18,"column":42},"end":{"line":18,"column":317}},"line":18},"9":{"name":"_createClass","decl":{"start":{"line":20,"column":9},"end":{"line":20,"column":21}},"loc":{"start":{"line":20,"column":60},"end":{"line":20,"column":215}},"line":20},"10":{"name":"(anonymous_10)","decl":{"start":{"line":24,"column":0},"end":{"line":24,"column":1}},"loc":{"start":{"line":24,"column":12},"end":{"line":84,"column":1}},"line":24},"11":{"name":"password","decl":{"start":{"line":25,"column":11},"end":{"line":25,"column":19}},"loc":{"start":{"line":25,"column":22},"end":{"line":27,"column":3}},"line":25},"12":{"name":"(anonymous_12)","decl":{"start":{"line":31,"column":11},"end":{"line":31,"column":12}},"loc":{"start":{"line":31,"column":23},"end":{"line":54,"column":5}},"line":31},"13":{"name":"_callee","decl":{"start":{"line":34,"column":39},"end":{"line":34,"column":46}},"loc":{"start":{"line":34,"column":57},"end":{"line":47,"column":7}},"line":34},"14":{"name":"_callee$","decl":{"start":{"line":35,"column":48},"end":{"line":35,"column":56}},"loc":{"start":{"line":35,"column":67},"end":{"line":46,"column":9}},"line":35},"15":{"name":"hashPassword","decl":{"start":{"line":49,"column":15},"end":{"line":49,"column":27}},"loc":{"start":{"line":49,"column":32},"end":{"line":51,"column":7}},"line":49},"16":{"name":"(anonymous_16)","decl":{"start":{"line":57,"column":11},"end":{"line":57,"column":12}},"loc":{"start":{"line":57,"column":23},"end":{"line":80,"column":5}},"line":57},"17":{"name":"_callee2","decl":{"start":{"line":60,"column":39},"end":{"line":60,"column":47}},"loc":{"start":{"line":60,"column":68},"end":{"line":73,"column":7}},"line":60},"18":{"name":"_callee2$","decl":{"start":{"line":61,"column":48},"end":{"line":61,"column":57}},"loc":{"start":{"line":61,"column":69},"end":{"line":72,"column":9}},"line":61},"19":{"name":"isCorrectPassword","decl":{"start":{"line":75,"column":15},"end":{"line":75,"column":32}},"loc":{"start":{"line":75,"column":43},"end":{"line":77,"column":7}},"line":75}},"branchMap":{"0":{"loc":{"start":{"line":10,"column":46},"end":{"line":10,"column":94}},"type":"cond-expr","locations":[{"start":{"line":10,"column":70},"end":{"line":10,"column":73}},{"start":{"line":10,"column":76},"end":{"line":10,"column":94}}],"line":10},"1":{"loc":{"start":{"line":10,"column":46},"end":{"line":10,"column":67}},"type":"binary-expr","locations":[{"start":{"line":10,"column":46},"end":{"line":10,"column":49}},{"start":{"line":10,"column":53},"end":{"line":10,"column":67}}],"line":10},"2":{"loc":{"start":{"line":12,"column":176},"end":{"line":12,"column":263}},"type":"if","locations":[{"start":{"line":12,"column":176},"end":{"line":12,"column":263}},{"start":{"line":12,"column":176},"end":{"line":12,"column":263}}],"line":12},"3":{"loc":{"start":{"line":16,"column":50},"end":{"line":16,"column":151}},"type":"if","locations":[{"start":{"line":16,"column":50},"end":{"line":16,"column":151}},{"start":{"line":16,"column":50},"end":{"line":16,"column":151}}],"line":16},"4":{"loc":{"start":{"line":18,"column":136},"end":{"line":18,"column":166}},"type":"binary-expr","locations":[{"start":{"line":18,"column":136},"end":{"line":18,"column":157}},{"start":{"line":18,"column":161},"end":{"line":18,"column":166}}],"line":18},"5":{"loc":{"start":{"line":18,"column":200},"end":{"line":18,"column":254}},"type":"if","locations":[{"start":{"line":18,"column":200},"end":{"line":18,"column":254}},{"start":{"line":18,"column":200},"end":{"line":18,"column":254}}],"line":18},"6":{"loc":{"start":{"line":20,"column":62},"end":{"line":20,"column":131}},"type":"if","locations":[{"start":{"line":20,"column":62},"end":{"line":20,"column":131}},{"start":{"line":20,"column":62},"end":{"line":20,"column":131}}],"line":20},"7":{"loc":{"start":{"line":20,"column":132},"end":{"line":20,"column":193}},"type":"if","locations":[{"start":{"line":20,"column":132},"end":{"line":20,"column":193}},{"start":{"line":20,"column":132},"end":{"line":20,"column":193}}],"line":20},"8":{"loc":{"start":{"line":37,"column":12},"end":{"line":44,"column":13}},"type":"switch","locations":[{"start":{"line":38,"column":14},"end":{"line":39,"column":119}},{"start":{"line":41,"column":14},"end":{"line":41,"column":21}},{"start":{"line":42,"column":14},"end":{"line":43,"column":39}}],"line":37},"9":{"loc":{"start":{"line":63,"column":12},"end":{"line":70,"column":13}},"type":"switch","locations":[{"start":{"line":64,"column":14},"end":{"line":65,"column":98}},{"start":{"line":67,"column":14},"end":{"line":67,"column":21}},{"start":{"line":68,"column":14},"end":{"line":69,"column":40}}],"line":63}},"s":{"0":1,"1":1,"2":1,"3":1,"4":6,"5":6,"6":6,"7":0,"8":0,"9":6,"10":6,"11":0,"12":2,"13":6,"14":6,"15":6,"16":6,"17":6,"18":0,"19":6,"20":1,"21":0,"22":1,"23":1,"24":2,"25":2,"26":2,"27":2,"28":2,"29":2,"30":1,"31":1,"32":1,"33":0,"34":1,"35":1,"36":1,"37":1,"38":1,"39":1,"40":2,"41":2,"42":1,"43":1,"44":1,"45":1,"46":1,"47":5,"48":10,"49":10,"50":5,"51":5,"52":5,"53":1,"54":1,"55":1,"56":1},"f":{"0":1,"1":6,"2":2,"3":6,"4":6,"5":6,"6":0,"7":1,"8":1,"9":1,"10":1,"11":1,"12":1,"13":1,"14":2,"15":1,"16":1,"17":5,"18":10,"19":5},"b":{"0":[0,1],"1":[1,1],"2":[6,0],"3":[0,1],"4":[2,2],"5":[2,0],"6":[1,0],"7":[0,1],"8":[1,0,1],"9":[5,0,5]},"_coverageSchema":"43e27e138ebf9cfc5966b082cf9a028302ed4184","hash":"4aa3893105b054f42712c415f32481a2b875f867","contentHash":"31dfabe75337182fe15ea9a82092666fc57c79294d7f4776879744a03249410c"},"G:\\new project\\Bootc pro\\Githubp6\\MyDiaryP6\\Server\\middleware\\User.js":{"path":"G:\\new project\\Bootc pro\\Githubp6\\MyDiaryP6\\Server\\middleware\\User.js","statementMap":{"0":{"start":{"line":3,"column":0},"end":{"line":5,"column":3}},"1":{"start":{"line":6,"column":0},"end":{"line":6,"column":28}},"2":{"start":{"line":8,"column":12},"end":{"line":8,"column":61}},"3":{"start":{"line":10,"column":16},"end":{"line":10,"column":70}},"4":{"start":{"line":12,"column":39},"end":{"line":12,"column":95}},"5":{"start":{"line":14,"column":77},"end":{"line":14,"column":175}},"6":{"start":{"line":14,"column":94},"end":{"line":14,"column":107}},"7":{"start":{"line":14,"column":121},"end":{"line":14,"column":131}},"8":{"start":{"line":14,"column":151},"end":{"line":14,"column":165}},"9":{"start":{"line":14,"column":166},"end":{"line":14,"column":173}},"10":{"start":{"line":14,"column":176},"end":{"line":14,"column":263}},"11":{"start":{"line":14,"column":193},"end":{"line":14,"column":208}},"12":{"start":{"line":14,"column":218},"end":{"line":14,"column":261}},"13":{"start":{"line":16,"column":33},"end":{"line":16,"column":387}},"14":{"start":{"line":16,"column":65},"end":{"line":16,"column":69}},"15":{"start":{"line":16,"column":78},"end":{"line":16,"column":87}},"16":{"start":{"line":16,"column":89},"end":{"line":16,"column":384}},"17":{"start":{"line":16,"column":147},"end":{"line":16,"column":167}},"18":{"start":{"line":16,"column":193},"end":{"line":16,"column":264}},"19":{"start":{"line":16,"column":290},"end":{"line":16,"column":360}},"20":{"start":{"line":16,"column":363},"end":{"line":16,"column":380}},"21":{"start":{"line":18,"column":50},"end":{"line":18,"column":151}},"22":{"start":{"line":18,"column":92},"end":{"line":18,"column":149}},"23":{"start":{"line":20,"column":44},"end":{"line":20,"column":315}},"24":{"start":{"line":20,"column":57},"end":{"line":20,"column":58}},"25":{"start":{"line":20,"column":102},"end":{"line":20,"column":110}},"26":{"start":{"line":20,"column":112},"end":{"line":20,"column":167}},"27":{"start":{"line":20,"column":168},"end":{"line":20,"column":199}},"28":{"start":{"line":20,"column":200},"end":{"line":20,"column":254}},"29":{"start":{"line":20,"column":227},"end":{"line":20,"column":254}},"30":{"start":{"line":20,"column":255},"end":{"line":20,"column":313}},"31":{"start":{"line":22,"column":62},"end":{"line":22,"column":131}},"32":{"start":{"line":22,"column":78},"end":{"line":22,"column":131}},"33":{"start":{"line":22,"column":132},"end":{"line":22,"column":193}},"34":{"start":{"line":22,"column":149},"end":{"line":22,"column":193}},"35":{"start":{"line":22,"column":194},"end":{"line":22,"column":213}},"36":{"start":{"line":26,"column":0},"end":{"line":128,"column":3}},"37":{"start":{"line":28,"column":4},"end":{"line":28,"column":32}},"38":{"start":{"line":31,"column":2},"end":{"line":125,"column":6}},"39":{"start":{"line":34,"column":27},"end":{"line":66,"column":9}},"40":{"start":{"line":38,"column":8},"end":{"line":65,"column":20}},"41":{"start":{"line":39,"column":10},"end":{"line":64,"column":11}},"42":{"start":{"line":40,"column":12},"end":{"line":63,"column":13}},"43":{"start":{"line":42,"column":16},"end":{"line":42,"column":39}},"44":{"start":{"line":43,"column":16},"end":{"line":43,"column":34}},"45":{"start":{"line":44,"column":16},"end":{"line":44,"column":62}},"46":{"start":{"line":47,"column":16},"end":{"line":47,"column":37}},"47":{"start":{"line":49,"column":16},"end":{"line":56,"column":17}},"48":{"start":{"line":50,"column":18},"end":{"line":55,"column":21}},"49":{"start":{"line":58,"column":16},"end":{"line":58,"column":23}},"50":{"start":{"line":62,"column":16},"end":{"line":62,"column":39}},"51":{"start":{"line":69,"column":8},"end":{"line":69,"column":53}},"52":{"start":{"line":72,"column":6},"end":{"line":72,"column":27}},"53":{"start":{"line":77,"column":24},"end":{"line":117,"column":9}},"54":{"start":{"line":81,"column":8},"end":{"line":116,"column":21}},"55":{"start":{"line":82,"column":10},"end":{"line":115,"column":11}},"56":{"start":{"line":83,"column":12},"end":{"line":114,"column":13}},"57":{"start":{"line":85,"column":16},"end":{"line":85,"column":39}},"58":{"start":{"line":86,"column":16},"end":{"line":86,"column":35}},"59":{"start":{"line":87,"column":16},"end":{"line":105,"column":19}},"60":{"start":{"line":88,"column":18},"end":{"line":104,"column":19}},"61":{"start":{"line":89,"column":20},"end":{"line":94,"column":23}},"62":{"start":{"line":96,"column":20},"end":{"line":103,"column":23}},"63":{"start":{"line":97,"column":22},"end":{"line":102,"column":23}},"64":{"start":{"line":98,"column":24},"end":{"line":101,"column":27}},"65":{"start":{"line":108,"column":16},"end":{"line":108,"column":38}},"66":{"start":{"line":109,"column":16},"end":{"line":109,"column":23}},"67":{"start":{"line":113,"column":16},"end":{"line":113,"column":40}},"68":{"start":{"line":120,"column":8},"end":{"line":120,"column":50}},"69":{"start":{"line":123,"column":6},"end":{"line":123,"column":24}},"70":{"start":{"line":127,"column":2},"end":{"line":127,"column":14}},"71":{"start":{"line":130,"column":15},"end":{"line":130,"column":19}},"72":{"start":{"line":131,"column":0},"end":{"line":131,"column":30}}},"fnMap":{"0":{"name":"_interopRequireDefault","decl":{"start":{"line":12,"column":9},"end":{"line":12,"column":31}},"loc":{"start":{"line":12,"column":37},"end":{"line":12,"column":97}},"line":12},"1":{"name":"asyncGeneratorStep","decl":{"start":{"line":14,"column":9},"end":{"line":14,"column":27}},"loc":{"start":{"line":14,"column":75},"end":{"line":14,"column":265}},"line":14},"2":{"name":"_asyncToGenerator","decl":{"start":{"line":16,"column":9},"end":{"line":16,"column":26}},"loc":{"start":{"line":16,"column":31},"end":{"line":16,"column":389}},"line":16},"3":{"name":"(anonymous_3)","decl":{"start":{"line":16,"column":40},"end":{"line":16,"column":41}},"loc":{"start":{"line":16,"column":52},"end":{"line":16,"column":386}},"line":16},"4":{"name":"(anonymous_4)","decl":{"start":{"line":16,"column":108},"end":{"line":16,"column":109}},"loc":{"start":{"line":16,"column":135},"end":{"line":16,"column":382}},"line":16},"5":{"name":"_next","decl":{"start":{"line":16,"column":178},"end":{"line":16,"column":183}},"loc":{"start":{"line":16,"column":191},"end":{"line":16,"column":266}},"line":16},"6":{"name":"_throw","decl":{"start":{"line":16,"column":276},"end":{"line":16,"column":282}},"loc":{"start":{"line":16,"column":288},"end":{"line":16,"column":362}},"line":16},"7":{"name":"_classCallCheck","decl":{"start":{"line":18,"column":9},"end":{"line":18,"column":24}},"loc":{"start":{"line":18,"column":48},"end":{"line":18,"column":153}},"line":18},"8":{"name":"_defineProperties","decl":{"start":{"line":20,"column":9},"end":{"line":20,"column":26}},"loc":{"start":{"line":20,"column":42},"end":{"line":20,"column":317}},"line":20},"9":{"name":"_createClass","decl":{"start":{"line":22,"column":9},"end":{"line":22,"column":21}},"loc":{"start":{"line":22,"column":60},"end":{"line":22,"column":215}},"line":22},"10":{"name":"(anonymous_10)","decl":{"start":{"line":26,"column":0},"end":{"line":26,"column":1}},"loc":{"start":{"line":26,"column":12},"end":{"line":128,"column":1}},"line":26},"11":{"name":"User","decl":{"start":{"line":27,"column":11},"end":{"line":27,"column":15}},"loc":{"start":{"line":27,"column":18},"end":{"line":29,"column":3}},"line":27},"12":{"name":"(anonymous_12)","decl":{"start":{"line":33,"column":11},"end":{"line":33,"column":12}},"loc":{"start":{"line":33,"column":23},"end":{"line":73,"column":5}},"line":33},"13":{"name":"_callee","decl":{"start":{"line":36,"column":39},"end":{"line":36,"column":46}},"loc":{"start":{"line":36,"column":63},"end":{"line":66,"column":7}},"line":36},"14":{"name":"_callee$","decl":{"start":{"line":38,"column":48},"end":{"line":38,"column":56}},"loc":{"start":{"line":38,"column":67},"end":{"line":65,"column":9}},"line":38},"15":{"name":"userNotExists","decl":{"start":{"line":68,"column":15},"end":{"line":68,"column":28}},"loc":{"start":{"line":68,"column":43},"end":{"line":70,"column":7}},"line":68},"16":{"name":"(anonymous_16)","decl":{"start":{"line":76,"column":11},"end":{"line":76,"column":12}},"loc":{"start":{"line":76,"column":23},"end":{"line":124,"column":5}},"line":76},"17":{"name":"_callee2","decl":{"start":{"line":79,"column":39},"end":{"line":79,"column":47}},"loc":{"start":{"line":79,"column":64},"end":{"line":117,"column":7}},"line":79},"18":{"name":"_callee2$","decl":{"start":{"line":81,"column":48},"end":{"line":81,"column":57}},"loc":{"start":{"line":81,"column":69},"end":{"line":116,"column":9}},"line":81},"19":{"name":"(anonymous_19)","decl":{"start":{"line":87,"column":67},"end":{"line":87,"column":68}},"loc":{"start":{"line":87,"column":83},"end":{"line":105,"column":17}},"line":87},"20":{"name":"(anonymous_20)","decl":{"start":{"line":96,"column":101},"end":{"line":96,"column":102}},"loc":{"start":{"line":96,"column":119},"end":{"line":103,"column":21}},"line":96},"21":{"name":"userExists","decl":{"start":{"line":119,"column":15},"end":{"line":119,"column":25}},"loc":{"start":{"line":119,"column":41},"end":{"line":121,"column":7}},"line":119}},"branchMap":{"0":{"loc":{"start":{"line":12,"column":46},"end":{"line":12,"column":94}},"type":"cond-expr","locations":[{"start":{"line":12,"column":70},"end":{"line":12,"column":73}},{"start":{"line":12,"column":76},"end":{"line":12,"column":94}}],"line":12},"1":{"loc":{"start":{"line":12,"column":46},"end":{"line":12,"column":67}},"type":"binary-expr","locations":[{"start":{"line":12,"column":46},"end":{"line":12,"column":49}},{"start":{"line":12,"column":53},"end":{"line":12,"column":67}}],"line":12},"2":{"loc":{"start":{"line":14,"column":176},"end":{"line":14,"column":263}},"type":"if","locations":[{"start":{"line":14,"column":176},"end":{"line":14,"column":263}},{"start":{"line":14,"column":176},"end":{"line":14,"column":263}}],"line":14},"3":{"loc":{"start":{"line":18,"column":50},"end":{"line":18,"column":151}},"type":"if","locations":[{"start":{"line":18,"column":50},"end":{"line":18,"column":151}},{"start":{"line":18,"column":50},"end":{"line":18,"column":151}}],"line":18},"4":{"loc":{"start":{"line":20,"column":136},"end":{"line":20,"column":166}},"type":"binary-expr","locations":[{"start":{"line":20,"column":136},"end":{"line":20,"column":157}},{"start":{"line":20,"column":161},"end":{"line":20,"column":166}}],"line":20},"5":{"loc":{"start":{"line":20,"column":200},"end":{"line":20,"column":254}},"type":"if","locations":[{"start":{"line":20,"column":200},"end":{"line":20,"column":254}},{"start":{"line":20,"column":200},"end":{"line":20,"column":254}}],"line":20},"6":{"loc":{"start":{"line":22,"column":62},"end":{"line":22,"column":131}},"type":"if","locations":[{"start":{"line":22,"column":62},"end":{"line":22,"column":131}},{"start":{"line":22,"column":62},"end":{"line":22,"column":131}}],"line":22},"7":{"loc":{"start":{"line":22,"column":132},"end":{"line":22,"column":193}},"type":"if","locations":[{"start":{"line":22,"column":132},"end":{"line":22,"column":193}},{"start":{"line":22,"column":132},"end":{"line":22,"column":193}}],"line":22},"8":{"loc":{"start":{"line":40,"column":12},"end":{"line":63,"column":13}},"type":"switch","locations":[{"start":{"line":41,"column":14},"end":{"line":44,"column":62}},{"start":{"line":46,"column":14},"end":{"line":58,"column":23}},{"start":{"line":60,"column":14},"end":{"line":60,"column":21}},{"start":{"line":61,"column":14},"end":{"line":62,"column":39}}],"line":40},"9":{"loc":{"start":{"line":49,"column":16},"end":{"line":56,"column":17}},"type":"if","locations":[{"start":{"line":49,"column":16},"end":{"line":56,"column":17}},{"start":{"line":49,"column":16},"end":{"line":56,"column":17}}],"line":49},"10":{"loc":{"start":{"line":83,"column":12},"end":{"line":114,"column":13}},"type":"switch","locations":[{"start":{"line":84,"column":14},"end":{"line":105,"column":19}},{"start":{"line":107,"column":14},"end":{"line":109,"column":23}},{"start":{"line":111,"column":14},"end":{"line":111,"column":21}},{"start":{"line":112,"column":14},"end":{"line":113,"column":40}}],"line":83},"11":{"loc":{"start":{"line":88,"column":18},"end":{"line":104,"column":19}},"type":"if","locations":[{"start":{"line":88,"column":18},"end":{"line":104,"column":19}},{"start":{"line":88,"column":18},"end":{"line":104,"column":19}}],"line":88},"12":{"loc":{"start":{"line":97,"column":22},"end":{"line":102,"column":23}},"type":"if","locations":[{"start":{"line":97,"column":22},"end":{"line":102,"column":23}},{"start":{"line":97,"column":22},"end":{"line":102,"column":23}}],"line":97}},"s":{"0":1,"1":1,"2":1,"3":1,"4":2,"5":10,"6":10,"7":10,"8":0,"9":0,"10":10,"11":5,"12":5,"13":2,"14":5,"15":5,"16":5,"17":5,"18":10,"19":0,"20":5,"21":0,"22":0,"23":1,"24":1,"25":2,"26":2,"27":2,"28":2,"29":2,"30":2,"31":1,"32":0,"33":1,"34":1,"35":1,"36":1,"37":0,"38":1,"39":1,"40":2,"41":4,"42":4,"43":2,"44":2,"45":2,"46":2,"47":2,"48":1,"49":2,"50":2,"51":2,"52":1,"53":1,"54":3,"55":6,"56":6,"57":3,"58":3,"59":3,"60":3,"61":0,"62":3,"63":2,"64":0,"65":3,"66":3,"67":3,"68":3,"69":1,"70":1,"71":1,"72":1},"f":{"0":2,"1":10,"2":2,"3":5,"4":5,"5":10,"6":0,"7":0,"8":1,"9":1,"10":1,"11":0,"12":1,"13":2,"14":4,"15":2,"16":1,"17":3,"18":6,"19":3,"20":2,"21":3},"b":{"0":[2,0],"1":[2,2],"2":[5,5],"3":[0,0],"4":[2,2],"5":[2,0],"6":[0,1],"7":[1,0],"8":[2,2,2,2],"9":[1,1],"10":[3,3,3,3],"11":[0,3],"12":[0,2]},"_coverageSchema":"43e27e138ebf9cfc5966b082cf9a028302ed4184","hash":"b0e6860c81a2f0a571c586bad2d675765e2214a2","contentHash":"95849f5f3f3ee517d04612670c189f9bcea69741618179bdb8865b9712787346"},"G:\\new project\\Bootc pro\\Githubp6\\MyDiaryP6\\Server\\middleware\\users.js":{"path":"G:\\new project\\Bootc pro\\Githubp6\\MyDiaryP6\\Server\\middleware\\users.js","statementMap":{"0":{"start":{"line":3,"column":0},"end":{"line":5,"column":3}},"1":{"start":{"line":6,"column":0},"end":{"line":6,"column":28}},"2":{"start":{"line":8,"column":18},"end":{"line":8,"column":74}},"3":{"start":{"line":10,"column":14},"end":{"line":10,"column":55}},"4":{"start":{"line":12,"column":11},"end":{"line":12,"column":49}},"5":{"start":{"line":14,"column":39},"end":{"line":14,"column":95}},"6":{"start":{"line":16,"column":77},"end":{"line":16,"column":175}},"7":{"start":{"line":16,"column":94},"end":{"line":16,"column":107}},"8":{"start":{"line":16,"column":121},"end":{"line":16,"column":131}},"9":{"start"
[...]
:177,"column":21}},{"start":{"line":178,"column":14},"end":{"line":179,"column":40}}],"line":166},"11":{"loc":{"start":{"line":170,"column":18},"end":{"line":172,"column":19}},"type":"if","locations":[{"start":{"line":170,"column":18},"end":{"line":172,"column":19}},{"start":{"line":170,"column":18},"end":{"line":172,"column":19}}],"line":170},"12":{"loc":{"start":{"line":200,"column":12},"end":{"line":235,"column":13}},"type":"switch","locations":[{"start":{"line":201,"column":14},"end":{"line":204,"column":46}},{"start":{"line":206,"column":14},"end":{"line":208,"column":22}},{"start":{"line":210,"column":14},"end":{"line":222,"column":53}},{"start":{"line":224,"column":14},"end":{"line":227,"column":22}},{"start":{"line":229,"column":14},"end":{"line":230,"column":61}},{"start":{"line":232,"column":14},"end":{"line":232,"column":22}},{"start":{"line":233,"column":14},"end":{"line":234,"column":40}}],"line":200},"13":{"loc":{"start":{"line":211,"column":16},"end":{"line":214,"column":17}},"type":"if","locations":[{"start":{"line":211,"column":16},"end":{"line":214,"column":17}},{"start":{"line":211,"column":16},"end":{"line":214,"column":17}}],"line":211},"14":{"loc":{"start":{"line":216,"column":16},"end":{"line":219,"column":17}},"type":"if","locations":[{"start":{"line":216,"column":16},"end":{"line":219,"column":17}},{"start":{"line":216,"column":16},"end":{"line":219,"column":17}}],"line":216},"15":{"loc":{"start":{"line":255,"column":12},"end":{"line":264,"column":13}},"type":"switch","locations":[{"start":{"line":256,"column":14},"end":{"line":259,"column":88}},{"start":{"line":261,"column":14},"end":{"line":261,"column":21}},{"start":{"line":262,"column":14},"end":{"line":263,"column":40}}],"line":255}},"s":{"0":1,"1":1,"2":1,"3":0,"4":0,"5":0,"6":0,"7":0,"8":0,"9":0,"10":0,"11":7,"12":0,"13":0,"14":0,"15":0,"16":0,"17":0,"18":0,"19":1,"20":0,"21":1,"22":1,"23":7,"24":7,"25":7,"26":7,"27":7,"28":7,"29":1,"30":1,"31":1,"32":0,"33":1,"34":1,"35":1,"36":1,"37":1,"38":1,"39":0,"40":0,"41":0,"42":0,"43":0,"44":0,"45":0,"46":1,"47":1,"48":0,"49":0,"50":0,"51":0,"52":0,"53":0,"54":0,"55":1,"56":1,"57":0,"58":0,"59":0,"60":0,"61":0,"62":0,"63":0,"64":1,"65":1,"66":0,"67":0,"68":0,"69":0,"70":0,"71":0,"72":0,"73":1,"74":1,"75":0,"76":0,"77":0,"78":0,"79":0,"80":0,"81":0,"82":0,"83":0,"84":0,"85":0,"86":1,"87":1,"88":0,"89":0,"90":0,"91":0,"92":0,"93":0,"94":0,"95":0,"96":0,"97":0,"98":0,"99":0,"100":0,"101":0,"102":0,"103":0,"104":0,"105":0,"106":0,"107":0,"108":0,"109":0,"110":1,"111":1,"112":0,"113":0,"114":0,"115":0,"116":0,"117":0,"118":0,"119":0,"120":1,"121":1,"122":1,"123":1},"f":{"0":0,"1":7,"2":0,"3":0,"4":0,"5":0,"6":1,"7":1,"8":1,"9":1,"10":1,"11":1,"12":0,"13":0,"14":0,"15":1,"16":0,"17":0,"18":0,"19":0,"20":1,"21":0,"22":0,"23":0,"24":0,"25":1,"26":0,"27":0,"28":0,"29":0,"30":1,"31":0,"32":0,"33":0,"34":0,"35":1,"36":0,"37":0,"38":0,"39":1,"40":0,"41":0,"42":0},"b":{"0":[0,0],"1":[0,1],"2":[7,7],"3":[7,0],"4":[1,0],"5":[0,1],"6":[0,0,0],"7":[0,0,0],"8":[0,0,0],"9":[0,0,0],"10":[0,0,0],"11":[0,0],"12":[0,0,0,0,0,0,0],"13":[0,0],"14":[0,0],"15":[0,0,0]},"_coverageSchema":"43e27e138ebf9cfc5966b082cf9a028302ed4184","hash":"015315edbee28f62e9421dea8c577609a0305c74","contentHash":"44768d187fe3af0730a606e3fd3afacc9c09fdb03aa40d092268a1a4e94d41a8"},"G:\\new project\\Bootc pro\\Githubp6\\MyDiaryP6\\Server\\middleware\\Entry.js":{"path":"G:\\new project\\Bootc pro\\Githubp6\\MyDiaryP6\\Server\\middleware\\Entry.js","statementMap":{"0":{"start":{"line":3,"column":0},"end":{"line":5,"column":3}},"1":{"start":{"line":6,"column":0},"end":{"line":6,"column":28}},"2":{"start":{"line":8,"column":13},"end":{"line":8,"column":63}},"3":{"start":{"line":10,"column":39},"end":{"line":10,"column":95}},"4":{"start":{"line":12,"column":77},"end":{"line":12,"column":175}},"5":{"start":{"line":12,"column":94},"end":{"line":12,"column":107}},"6":{"start":{"line":12,"column":121},"end":{"line":12,"column":131}},"7":{"start":{"line":12,"column":151},"end":{"line":12,"column":165}},"8":{"start":{"line":12,"column":166},"end":{"line":12,"column":173}},"9":{"start":{"line":12,"column":176},"end":{"line":12,"column":263}},"10":{"start":{"line":12,"column":193},"end":{"line":12,"column":208}},"11":{"start":{"line":12,"column":218},"end":{"line":12,"column":261}},"12":{"start":{"line":14,"column":33},"end":{"line":14,"column":387}},"13":{"start":{"line":14,"column":65},"end":{"line":14,"column":69}},"14":{"start":{"line":14,"column":78},"end":{"line":14,"column":87}},"15":{"start":{"line":14,"column":89},"end":{"line":14,"column":384}},"16":{"start":{"line":14,"column":147},"end":{"line":14,"column":167}},"17":{"start":{"line":14,"column":193},"end":{"line":14,"column":264}},"18":{"start":{"line":14,"column":290},"end":{"line":14,"column":360}},"19":{"start":{"line":14,"column":363},"end":{"line":14,"column":380}},"20":{"start":{"line":16,"column":50},"end":{"line":16,"column":151}},"21":{"start":{"line":16,"column":92},"end":{"line":16,"column":149}},"22":{"start":{"line":18,"column":44},"end":{"line":18,"column":315}},"23":{"start":{"line":18,"column":57},"end":{"line":18,"column":58}},"24":{"start":{"line":18,"column":102},"end":{"line":18,"column":110}},"25":{"start":{"line":18,"column":112},"end":{"line":18,"column":167}},"26":{"start":{"line":18,"column":168},"end":{"line":18,"column":199}},"27":{"start":{"line":18,"column":200},"end":{"line":18,"column":254}},"28":{"start":{"line":18,"column":227},"end":{"line":18,"column":254}},"29":{"start":{"line":18,"column":255},"end":{"line":18,"column":313}},"30":{"start":{"line":20,"column":62},"end":{"line":20,"column":131}},"31":{"start":{"line":20,"column":78},"end":{"line":20,"column":131}},"32":{"start":{"line":20,"column":132},"end":{"line":20,"column":193}},"33":{"start":{"line":20,"column":149},"end":{"line":20,"column":193}},"34":{"start":{"line":20,"column":194},"end":{"line":20,"column":213}},"35":{"start":{"line":24,"column":0},"end":{"line":85,"column":3}},"36":{"start":{"line":26,"column":4},"end":{"line":26,"column":33}},"37":{"start":{"line":29,"column":2},"end":{"line":82,"column":6}},"38":{"start":{"line":32,"column":25},"end":{"line":74,"column":9}},"39":{"start":{"line":36,"column":8},"end":{"line":73,"column":20}},"40":{"start":{"line":37,"column":10},"end":{"line":72,"column":11}},"41":{"start":{"line":38,"column":12},"end":{"line":71,"column":13}},"42":{"start":{"line":40,"column":16},"end":{"line":40,"column":35}},"43":{"start":{"line":41,"column":16},"end":{"line":41,"column":39}},"44":{"start":{"line":42,"column":16},"end":{"line":42,"column":34}},"45":{"start":{"line":43,"column":16},"end":{"line":43,"column":59}},"46":{"start":{"line":46,"column":16},"end":{"line":46,"column":38}},"47":{"start":{"line":48,"column":16},"end":{"line":55,"column":17}},"48":{"start":{"line":49,"column":18},"end":{"line":54,"column":21}},"49":{"start":{"line":57,"column":16},"end":{"line":64,"column":17}},"50":{"start":{"line":58,"column":18},"end":{"line":63,"column":21}},"51":{"start":{"line":66,"column":16},"end":{"line":66,"column":23}},"52":{"start":{"line":70,"column":16},"end":{"line":70,"column":39}},"53":{"start":{"line":77,"column":8},"end":{"line":77,"column":51}},"54":{"start":{"line":80,"column":6},"end":{"line":80,"column":25}},"55":{"start":{"line":84,"column":2},"end":{"line":84,"column":15}},"56":{"start":{"line":87,"column":15},"end":{"line":87,"column":20}},"57":{"start":{"line":88,"column":0},"end":{"line":88,"column":30}}},"fnMap":{"0":{"name":"_interopRequireDefault","decl":{"start":{"line":10,"column":9},"end":{"line":10,"column":31}},"loc":{"start":{"line":10,"column":37},"end":{"line":10,"column":97}},"line":10},"1":{"name":"asyncGeneratorStep","decl":{"start":{"line":12,"column":9},"end":{"line":12,"column":27}},"loc":{"start":{"line":12,"column":75},"end":{"line":12,"column":265}},"line":12},"2":{"name":"_asyncToGenerator","decl":{"start":{"line":14,"column":9},"end":{"line":14,"column":26}},"loc":{"start":{"line":14,"column":31},"end":{"line":14,"column":389}},"line":14},"3":{"name":"(anonymous_3)","decl":{"start":{"line":14,"column":40},"end":{"line":14,"column":41}},"loc":{"start":{"line":14,"column":52},"end":{"line":14,"column":386}},"line":14},"4":{"name":"(anonymous_4)","decl":{"start":{"line":14,"column":108},"end":{"line":14,"column":109}},"loc":{"start":{"line":14,"column":135},"end":{"line":14,"column":382}},"line":14},"5":{"name":"_next","decl":{"start":{"line":14,"column":178},"end":{"line":14,"column":183}},"loc":{"start":{"line":14,"column":191},"end":{"line":14,"column":266}},"line":14},"6":{"name":"_throw","decl":{"start":{"line":14,"column":276},"end":{"line":14,"column":282}},"loc":{"start":{"line":14,"column":288},"end":{"line":14,"column":362}},"line":14},"7":{"name":"_classCallCheck","decl":{"start":{"line":16,"column":9},"end":{"line":16,"column":24}},"loc":{"start":{"line":16,"column":48},"end":{"line":16,"column":153}},"line":16},"8":{"name":"_defineProperties","decl":{"start":{"line":18,"column":9},"end":{"line":18,"column":26}},"loc":{"start":{"line":18,"column":42},"end":{"line":18,"column":317}},"line":18},"9":{"name":"_createClass","decl":{"start":{"line":20,"column":9},"end":{"line":20,"column":21}},"loc":{"start":{"line":20,"column":60},"end":{"line":20,"column":215}},"line":20},"10":{"name":"(anonymous_10)","decl":{"start":{"line":24,"column":0},"end":{"line":24,"column":1}},"loc":{"start":{"line":24,"column":12},"end":{"line":85,"column":1}},"line":24},"11":{"name":"Entry","decl":{"start":{"line":25,"column":11},"end":{"line":25,"column":16}},"loc":{"start":{"line":25,"column":19},"end":{"line":27,"column":3}},"line":25},"12":{"name":"(anonymous_12)","decl":{"start":{"line":31,"column":11},"end":{"line":31,"column":12}},"loc":{"start":{"line":31,"column":23},"end":{"line":81,"column":5}},"line":31},"13":{"name":"_callee","decl":{"start":{"line":34,"column":39},"end":{"line":34,"column":46}},"loc":{"start":{"line":34,"column":63},"end":{"line":74,"column":7}},"line":34},"14":{"name":"_callee$","decl":{"start":{"line":36,"column":48},"end":{"line":36,"column":56}},"loc":{"start":{"line":36,"column":67},"end":{"line":73,"column":9}},"line":36},"15":{"name":"entryExists","decl":{"start":{"line":76,"column":15},"end":{"line":76,"column":26}},"loc":{"start":{"line":76,"column":41},"end":{"line":78,"column":7}},"line":76}},"branchMap":{"0":{"loc":{"start":{"line":10,"column":46},"end":{"line":10,"column":94}},"type":"cond-expr","locations":[{"start":{"line":10,"column":70},"end":{"line":10,"column":73}},{"start":{"line":10,"column":76},"end":{"line":10,"column":94}}],"line":10},"1":{"loc":{"start":{"line":10,"column":46},"end":{"line":10,"column":67}},"type":"binary-expr","locations":[{"start":{"line":10,"column":46},"end":{"line":10,"column":49}},{"start":{"line":10,"column":53},"end":{"line":10,"column":67}}],"line":10},"2":{"loc":{"start":{"line":12,"column":176},"end":{"line":12,"column":263}},"type":"if","locations":[{"start":{"line":12,"column":176},"end":{"line":12,"column":263}},{"start":{"line":12,"column":176},"end":{"line":12,"column":263}}],"line":12},"3":{"loc":{"start":{"line":16,"column":50},"end":{"line":16,"column":151}},"type":"if","locations":[{"start":{"line":16,"column":50},"end":{"line":16,"column":151}},{"start":{"line":16,"column":50},"end":{"line":16,"column":151}}],"line":16},"4":{"loc":{"start":{"line":18,"column":136},"end":{"line":18,"column":166}},"type":"binary-expr","locations":[{"start":{"line":18,"column":136},"end":{"line":18,"column":157}},{"start":{"line":18,"column":161},"end":{"line":18,"column":166}}],"line":18},"5":{"loc":{"start":{"line":18,"column":200},"end":{"line":18,"column":254}},"type":"if","locations":[{"start":{"line":18,"column":200},"end":{"line":18,"column":254}},{"start":{"line":18,"column":200},"end":{"line":18,"column":254}}],"line":18},"6":{"loc":{"start":{"line":20,"column":62},"end":{"line":20,"column":131}},"type":"if","locations":[{"start":{"line":20,"column":62},"end":{"line":20,"column":131}},{"start":{"line":20,"column":62},"end":{"line":20,"column":131}}],"line":20},"7":{"loc":{"start":{"line":20,"column":132},"end":{"line":20,"column":193}},"type":"if","locations":[{"start":{"line":20,"column":132},"end":{"line":20,"column":193}},{"start":{"line":20,"column":132},"end":{"line":20,"column":193}}],"line":20},"8":{"loc":{"start":{"line":38,"column":12},"end":{"line":71,"column":13}},"type":"switch","locations":[{"start":{"line":39,"column":14},"end":{"line":43,"column":59}},{"start":{"line":45,"column":14},"end":{"line":66,"column":23}},{"start":{"line":68,"column":14},"end":{"line":68,"column":21}},{"start":{"line":69,"column":14},"end":{"line":70,"column":39}}],"line":38},"9":{"loc":{"start":{"line":48,"column":16},"end":{"line":55,"column":17}},"type":"if","locations":[{"start":{"line":48,"column":16},"end":{"line":55,"column":17}},{"start":{"line":48,"column":16},"end":{"line":55,"column":17}}],"line":48},"10":{"loc":{"start":{"line":57,"column":16},"end":{"line":64,"column":17}},"type":"if","locations":[{"start":{"line":57,"column":16},"end":{"line":64,"column":17}},{"start":{"line":57,"column":16},"end":{"line":64,"column":17}}],"line":57}},"s":{"0":1,"1":1,"2":1,"3":1,"4":0,"5":0,"6":0,"7":0,"8":0,"9":0,"10":0,"11":0,"12":1,"13":0,"14":0,"15":0,"16":0,"17":0,"18":0,"19":0,"20":0,"21":0,"22":1,"23":1,"24":1,"25":1,"26":1,"27":1,"28":1,"29":1,"30":1,"31":0,"32":1,"33":1,"34":1,"35":1,"36":0,"37":1,"38":1,"39":0,"40":0,"41":0,"42":0,"43":0,"44":0,"45":0,"46":0,"47":0,"48":0,"49":0,"50":0,"51":0,"52":0,"53":0,"54":1,"55":1,"56":1,"57":1},"f":{"0":1,"1":0,"2":1,"3":0,"4":0,"5":0,"6":0,"7":0,"8":1,"9":1,"10":1,"11":0,"12":1,"13":0,"14":0,"15":0},"b":{"0":[1,0],"1":[1,1],"2":[0,0],"3":[0,0],"4":[1,1],"5":[1,0],"6":[0,1],"7":[1,0],"8":[0,0,0,0],"9":[0,0],"10":[0,0]},"_coverageSchema":"43e27e138ebf9cfc5966b082cf9a028302ed4184","hash":"1ba5f8e883abb5c4f3b0de3e4e94a0f53835dd43","contentHash":"c3036cc4060e5fbfe373938161de392f55daf53cc58fec690b3d93a6aa65f11d"},"G:\\new project\\Bootc pro\\Githubp6\\MyDiaryP6\\Server\\db\\migrations\\db.js":{"path":"G:\\new project\\Bootc pro\\Githubp6\\MyDiaryP6\\Server\\db\\migrations\\db.js","statementMap":{"0":{"start":{"line":3,"column":0},"end":{"line":5,"column":3}},"1":{"start":{"line":6,"column":0},"end":{"line":6,"column":30}},"2":{"start":{"line":8,"column":13},"end":{"line":8,"column":40}},"3":{"start":{"line":10,"column":18},"end":{"line":10,"column":53}},"4":{"start":{"line":12,"column":77},"end":{"line":12,"column":175}},"5":{"start":{"line":12,"column":94},"end":{"line":12,"column":107}},"6":{"start":{"line":12,"column":121},"end":{"line":12,"column":131}},"7":{"start":{"line":12,"column":151},"end":{"line":12,"column":165}},"8":{"start":{"line":12,"column":166},"end":{"line":12,"column":173}},"9":{"start":{"line":12,"column":176},"end":{"line":12,"column":263}},"10":{"start":{"line":12,"column":193},"end":{"line":12,"column":208}},"11":{"start":{"line":12,"column":218},"end":{"line":12,"column":261}},"12":{"start":{"line":14,"column":33},"end":{"line":14,"column":387}},"13":{"start":{"line":14,"column":65},"end":{"line":14,"column":69}},"14":{"start":{"line":14,"column":78},"end":{"line":14,"column":87}},"15":{"start":{"line":14,"column":89},"end":{"line":14,"column":384}},"16":{"start":{"line":14,"column":147},"end":{"line":14,"column":167}},"17":{"start":{"line":14,"column":193},"end":{"line":14,"column":264}},"18":{"start":{"line":14,"column":290},"end":{"line":14,"column":360}},"19":{"start":{"line":14,"column":363},"end":{"line":14,"column":380}},"20":{"start":{"line":16,"column":11},"end":{"line":16,"column":40}},"21":{"start":{"line":20,"column":0},"end":{"line":47,"column":3}},"22":{"start":{"line":21,"column":13},"end":{"line":42,"column":5}},"23":{"start":{"line":24,"column":4},"end":{"line":41,"column":16}},"24":{"start":{"line":25,"column":6},"end":{"line":40,"column":7}},"25":{"start":{"line":26,"column":8},"end":{"line":39,"column":9}},"26":{"start":{"line":28,"column":12},"end":{"line":33,"column":15}},"27":{"start":{"line":29,"column":14},"end":{"line":32,"column":15}},"28":{"start":{"line":30,"column":16},"end":{"line":30,"column":50}},"29":{"start":{"line":31,"column":16},"end":{"line":31,"column":53}},"30":{"start":{"line":34,"column":12},"end":{"line":34,"column":51}},"31":{"start":{"line":38,"column":12},"end":{"line":38,"column":35}},"32":{"start":{"line":44,"column":2},"end":{"line":46,"column":4}},"33":{"start":{"line":45,"column":4},"end":{"line":45,"column":39}},"34":{"start":{"line":49,"column":0},"end":{"line":49,"column":36}}},"fnMap":{"0":{"name":"asyncGeneratorStep","decl":{"start":{"line":12,"column":9},"end":{"line":12,"column":27}},"loc":{"start":{"line":12,"column":75},"end":{"line":12,"column":265}},"line":12},"1":{"name":"_asyncToGenerator","decl":{"start":{"line":14,"column":9},"end":{"line":14,"column":26}},"loc":{"start":{"line":14,"column":31},"end":{"line":14,"column":389}},"line":14},"2":{"name":"(anonymous_2)","decl":{"start":{"line":14,"column":40},"end":{"line":14,"column":41}},"loc":{"start":{"line":14,"column":52},"end":{"line":14,"column":386}},"line":14},"3":{"name":"(anonymous_3)","decl":{"start":{"line":14,"column":108},"end":{"line":14,"column":109}},"loc":{"start":{"line":14,"column":135},"end":{"line":14,"column":382}},"line":14},"4":{"name":"_next","decl":{"start":{"line":14,"column":178},"end":{"line":14,"column":183}},"loc":{"start":{"line":14,"column":191},"end":{"line":14,"column":266}},"line":14},"5":{"name":"_throw","decl":{"start":{"line":14,"column":276},"end":{"line":14,"column":282}},"loc":{"start":{"line":14,"column":288},"end":{"line":14,"column":362}},"line":14},"6":{"name":"(anonymous_6)","decl":{"start":{"line":20,"column":0},"end":{"line":20,"column":1}},"loc":{"start":{"line":20,"column":12},"end":{"line":47,"column":1}},"line":20},"7":{"name":"_callee","decl":{"start":{"line":23,"column":35},"end":{"line":23,"column":42}},"loc":{"start":{"line":23,"column":45},"end":{"line":42,"column":3}},"line":23},"8":{"name":"_callee$","decl":{"start":{"line":24,"column":44},"end":{"line":24,"column":52}},"loc":{"start":{"line":24,"column":63},"end":{"line":41,"column":5}},"line":24},"9":{"name":"(anonymous_9)","decl":{"start":{"line":28,"column":25},"end":{"line":28,"column":26}},"loc":{"start":{"line":28,"column":40},"end":{"line":33,"column":13}},"line":28},"10":{"name":"createTables","decl":{"start":{"line":44,"column":18},"end":{"line":44,"column":30}},"loc":{"start":{"line":44,"column":33},"end":{"line":46,"column":3}},"line":44}},"branchMap":{"0":{"loc":{"start":{"line":12,"column":176},"end":{"line":12,"column":263}},"type":"if","locations":[{"start":{"line":12,"column":176},"end":{"line":12,"column":263}},{"start":{"line":12,"column":176},"end":{"line":12,"column":263}}],"line":12},"1":{"loc":{"start":{"line":26,"column":8},"end":{"line":39,"column":9}},"type":"switch","locations":[{"start":{"line":27,"column":10},"end":{"line":34,"column":51}},{"start":{"line":36,"column":10},"end":{"line":36,"column":17}},{"start":{"line":37,"column":10},"end":{"line":38,"column":35}}],"line":26},"2":{"loc":{"start":{"line":29,"column":14},"end":{"line":32,"column":15}},"type":"if","locations":[{"start":{"line":29,"column":14},"end":{"line":32,"column":15}},{"start":{"line":29,"column":14},"end":{"line":32,"column":15}}],"line":29}},"s":{"0":1,"1":1,"2":1,"3":1,"4":1,"5":1,"6":1,"7":0,"8":0,"9":1,"10":1,"11":0,"12":1,"13":1,"14":1,"15":1,"16":1,"17":1,"18":0,"19":1,"20":1,"21":1,"22":1,"23":1,"24":2,"25":2,"26":1,"27":1,"28":1,"29":1,"30":1,"31":1,"32":1,"33":1,"34":1},"f":{"0":1,"1":1,"2":1,"3":1,"4":1,"5":0,"6":1,"7":1,"8":2,"9":1,"10":1},"b":{"0":[1,0],"1":[1,0,1],"2":[1,0]},"_coverageSchema":"43e27e138ebf9cfc5966b082cf9a028302ed4184","hash":"4db5f87843e24b29692aea6e6e239c0a64059b24","contentHash":"93dda8164c9d0dee4f55c2c72c615e0a443f34b37bdf482cb2b08a4a195a3fca"}}